<?xml version="1.0" encoding="UTF-8"?>
<testng-results skipped="0" failed="0" total="2" passed="2">
  <reporter-output>
  </reporter-output>
  <suite name="Import Configuration From EG 9.8.0" duration-ms="59638" started-at="2019-07-01T09:38:00Z" finished-at="2019-07-01T09:38:59Z">
    <groups>
      <group name="baseconfig">
        <method signature="ConfigurationImportTest_kesav.Import_Cross_Version_Configuration()[pri:0, instance:com.symantec.vip.automation.ConfigurationImportTest_kesav@67bd351e]" name="Import_Cross_Version_Configuration" class="com.symantec.vip.automation.ConfigurationImportTest_kesav"/>
      </group> <!-- baseconfig -->
      <group name="RegressionTests">
        <method signature="ConfigurationImportTest_kesav.Import_Cross_Version_Configuration()[pri:0, instance:com.symantec.vip.automation.ConfigurationImportTest_kesav@67bd351e]" name="Import_Cross_Version_Configuration" class="com.symantec.vip.automation.ConfigurationImportTest_kesav"/>
      </group> <!-- RegressionTests -->
      <group name="SanityTests">
        <method signature="ConfigurationImportTest_kesav.Import_Cross_Version_Configuration()[pri:0, instance:com.symantec.vip.automation.ConfigurationImportTest_kesav@67bd351e]" name="Import_Cross_Version_Configuration" class="com.symantec.vip.automation.ConfigurationImportTest_kesav"/>
      </group> <!-- SanityTests -->
    </groups>
    <test name="Windows 2016 R2 x64" duration-ms="59638" started-at="2019-07-01T09:38:00Z" finished-at="2019-07-01T09:38:59Z">
      <class name="com.symantec.vip.automation.ConfigurationImportTest_kesav">
        <test-method status="PASS" signature="beforeSuite(org.testng.ITestContext)[pri:0, instance:com.symantec.vip.automation.ConfigurationImportTest_kesav@67bd351e]" name="beforeSuite" is-config="true" duration-ms="65" started-at="2019-07-01T15:07:59Z" finished-at="2019-07-01T15:08:00Z">
          <params>
            <param index="0">
              <value>
                <![CDATA[org.testng.TestRunner@68606061]]>
              </value>
            </param>
          </params>
          <reporter-output>
          </reporter-output>
        </test-method> <!-- beforeSuite -->
        <test-method status="PASS" signature="initTestSuite()[pri:0, instance:com.symantec.vip.automation.ConfigurationImportTest_kesav@67bd351e]" name="initTestSuite" is-config="true" duration-ms="238" started-at="2019-07-01T15:08:00Z" finished-at="2019-07-01T15:08:00Z">
          <reporter-output>
          </reporter-output>
        </test-method> <!-- initTestSuite -->
        <test-method status="PASS" signature="SetEnvironment()[pri:0, instance:com.symantec.vip.automation.ConfigurationImportTest_kesav@67bd351e]" name="SetEnvironment" is-config="true" duration-ms="1" started-at="2019-07-01T15:08:00Z" depends-on-methods="com.symantec.vip.automation.TestBase.beforeSuite, com.symantec.vip.automation.TestBase.initTestSuite" finished-at="2019-07-01T15:08:00Z">
          <reporter-output>
          </reporter-output>
        </test-method> <!-- SetEnvironment -->
        <test-method status="PASS" signature="Product_Installation(java.lang.String, java.lang.String)[pri:0, instance:com.symantec.vip.automation.ConfigurationImportTest_kesav@67bd351e]" name="Product_Installation" is-config="true" duration-ms="2790" started-at="2019-07-01T15:08:00Z" finished-at="2019-07-01T15:08:03Z">
          <params>
            <param index="0">
              <value>
                <![CDATA[windows2016x64]]>
              </value>
            </param>
            <param index="1">
              <value>
                <![CDATA[common1]]>
              </value>
            </param>
          </params>
          <reporter-output>
          </reporter-output>
        </test-method> <!-- Product_Installation -->
        <test-method status="PASS" signature="init_Web_Driver_for_Live_Update(java.lang.String)[pri:0, instance:com.symantec.vip.automation.ConfigurationImportTest_kesav@67bd351e]" name="init_Web_Driver_for_Live_Update" is-config="true" duration-ms="4905" started-at="2019-07-01T15:08:03Z" finished-at="2019-07-01T15:08:08Z">
          <params>
            <param index="0">
              <value>
                <![CDATA[firefox]]>
              </value>
            </param>
          </params>
          <reporter-output>
          </reporter-output>
        </test-method> <!-- init_Web_Driver_for_Live_Update -->
        <test-method status="PASS" signature="setProductSourceVersion(java.lang.String)[pri:0, instance:com.symantec.vip.automation.ConfigurationImportTest_kesav@67bd351e]" name="setProductSourceVersion" is-config="true" duration-ms="10" started-at="2019-07-01T15:08:08Z" finished-at="2019-07-01T15:08:08Z">
          <params>
            <param index="0">
              <value>
                <![CDATA[9.8.0]]>
              </value>
            </param>
          </params>
          <reporter-output>
          </reporter-output>
        </test-method> <!-- setProductSourceVersion -->
        <test-method status="PASS" signature="Create_Web_Driver(java.lang.String)[pri:0, instance:com.symantec.vip.automation.ConfigurationImportTest_kesav@67bd351e]" name="Create_Web_Driver" is-config="true" duration-ms="16" started-at="2019-07-01T15:08:08Z" finished-at="2019-07-01T15:08:08Z">
          <params>
            <param index="0">
              <value>
                <![CDATA[firefox]]>
              </value>
            </param>
          </params>
          <reporter-output>
          </reporter-output>
        </test-method> <!-- Create_Web_Driver -->
        <test-method status="PASS" signature="AddVIPCertificate_FirstTime()[pri:0, instance:com.symantec.vip.automation.ConfigurationImportTest_kesav@67bd351e]" name="AddVIPCertificate_FirstTime" duration-ms="10627" started-at="2019-07-01T15:08:08Z" finished-at="2019-07-01T15:08:18Z">
          <reporter-output>
          </reporter-output>
        </test-method> <!-- AddVIPCertificate_FirstTime -->
        <test-method status="PASS" signature="Create_Web_Driver(java.lang.String)[pri:0, instance:com.symantec.vip.automation.ConfigurationImportTest_kesav@67bd351e]" name="Create_Web_Driver" is-config="true" duration-ms="11" started-at="2019-07-01T15:08:18Z" finished-at="2019-07-01T15:08:18Z">
          <params>
            <param index="0">
              <value>
                <![CDATA[firefox]]>
              </value>
            </param>
          </params>
          <reporter-output>
          </reporter-output>
        </test-method> <!-- Create_Web_Driver -->
        <test-method status="FAIL" signature="Import_Cross_Version_Configuration()[pri:0, instance:com.symantec.vip.automation.ConfigurationImportTest_kesav@67bd351e]" name="Import_Cross_Version_Configuration" duration-ms="21448" started-at="2019-07-01T15:08:18Z" finished-at="2019-07-01T15:08:40Z">
          <exception class="org.openqa.selenium.NoAlertPresentException">
            <message>
              <![CDATA[No alert is present (WARNING: The server did not provide any stacktrace information)
Command duration or timeout: 2.22 seconds
Build info: version: '2.53.1', revision: 'a36b8b1cd5757287168e54b817830adce9b0158d', time: '2016-06-30 19:26:09'
System info: host: 'Kesavs-MacBook-Air.local', ip: '10.223.60.124', os.name: 'Mac OS X', os.arch: 'x86_64', os.version: '10.12.6', java.version: '1.8.0_131'
Driver info: org.openqa.selenium.firefox.FirefoxDriver
Capabilities [{applicationCacheEnabled=true, rotatable=false, handlesAlerts=true, databaseEnabled=true, version=47.0.1, platform=MAC, nativeEvents=false, acceptSslCerts=true, webStorageEnabled=true, locationContextEnabled=true, browserName=firefox, takesScreenshot=true, javascriptEnabled=true, cssSelectorsEnabled=true}]
Session ID: 4474c02a-4458-0548-bc03-ce4c5bca9673]]>
            </message>
            <full-stacktrace>
              <![CDATA[org.openqa.selenium.NoAlertPresentException: No alert is present (WARNING: The server did not provide any stacktrace information)
Command duration or timeout: 2.22 seconds
Build info: version: '2.53.1', revision: 'a36b8b1cd5757287168e54b817830adce9b0158d', time: '2016-06-30 19:26:09'
System info: host: 'Kesavs-MacBook-Air.local', ip: '10.223.60.124', os.name: 'Mac OS X', os.arch: 'x86_64', os.version: '10.12.6', java.version: '1.8.0_131'
Driver info: org.openqa.selenium.firefox.FirefoxDriver
Capabilities [{applicationCacheEnabled=true, rotatable=false, handlesAlerts=true, databaseEnabled=true, version=47.0.1, platform=MAC, nativeEvents=false, acceptSslCerts=true, webStorageEnabled=true, locationContextEnabled=true, browserName=firefox, takesScreenshot=true, javascriptEnabled=true, cssSelectorsEnabled=true}]
Session ID: 4474c02a-4458-0548-bc03-ce4c5bca9673
	at sun.reflect.NativeConstructorAccessorImpl.newInstance0(Native Method)
	at sun.reflect.NativeConstructorAccessorImpl.newInstance(NativeConstructorAccessorImpl.java:62)
	at sun.reflect.DelegatingConstructorAccessorImpl.newInstance(DelegatingConstructorAccessorImpl.java:45)
	at java.lang.reflect.Constructor.newInstance(Constructor.java:423)
	at org.openqa.selenium.remote.ErrorHandler.createThrowable(ErrorHandler.java:206)
	at org.openqa.selenium.remote.ErrorHandler.throwIfResponseFailed(ErrorHandler.java:158)
	at org.openqa.selenium.remote.RemoteWebDriver.execute(RemoteWebDriver.java:678)
	at org.openqa.selenium.remote.RemoteWebDriver.execute(RemoteWebDriver.java:701)
	at org.openqa.selenium.remote.RemoteWebDriver$RemoteTargetLocator.alert(RemoteWebDriver.java:1049)
	at com.symantec.vip.automation.SeleniumTestHelper.ImportSettings(SeleniumTestHelper.java:1688)
	at com.symantec.vip.automation.ConfigurationImportTest_kesav.Import_Cross_Version_Configuration(ConfigurationImportTest_kesav.java:78)
	at sun.reflect.NativeMethodAccessorImpl.invoke0(Native Method)
	at sun.reflect.NativeMethodAccessorImpl.invoke(NativeMethodAccessorImpl.java:62)
	at sun.reflect.DelegatingMethodAccessorImpl.invoke(DelegatingMethodAccessorImpl.java:43)
	at java.lang.reflect.Method.invoke(Method.java:498)
	at org.testng.internal.MethodInvocationHelper.invokeMethod(MethodInvocationHelper.java:84)
	at org.testng.internal.Invoker.invokeMethod(Invoker.java:714)
	at org.testng.internal.Invoker.invokeTestMethod(Invoker.java:901)
	at org.testng.internal.Invoker.invokeTestMethods(Invoker.java:1231)
	at org.testng.internal.TestMethodWorker.invokeTestMethods(TestMethodWorker.java:127)
	at org.testng.internal.TestMethodWorker.run(TestMethodWorker.java:111)
	at org.testng.TestRunner.privateRun(TestRunner.java:767)
	at org.testng.TestRunner.run(TestRunner.java:617)
	at org.testng.SuiteRunner.runTest(SuiteRunner.java:348)
	at org.testng.SuiteRunner.runSequentially(SuiteRunner.java:343)
	at org.testng.SuiteRunner.privateRun(SuiteRunner.java:305)
	at org.testng.SuiteRunner.run(SuiteRunner.java:254)
	at org.testng.SuiteRunnerWorker.runSuite(SuiteRunnerWorker.java:52)
	at org.testng.SuiteRunnerWorker.run(SuiteRunnerWorker.java:86)
	at org.testng.TestNG.runSuitesSequentially(TestNG.java:1224)
	at org.testng.TestNG.runSuitesLocally(TestNG.java:1149)
	at org.testng.TestNG.run(TestNG.java:1057)
	at org.testng.remote.AbstractRemoteTestNG.run(AbstractRemoteTestNG.java:114)
	at org.testng.remote.RemoteTestNG.initAndRun(RemoteTestNG.java:251)
	at org.testng.remote.RemoteTestNG.main(RemoteTestNG.java:77)
]]>
            </full-stacktrace>
          </exception> <!-- org.openqa.selenium.NoAlertPresentException -->
          <reporter-output>
          </reporter-output>
        </test-method> <!-- Import_Cross_Version_Configuration -->
        <test-method status="PASS" signature="Create_Web_Driver(java.lang.String)[pri:0, instance:com.symantec.vip.automation.ConfigurationImportTest_kesav@67bd351e]" name="Create_Web_Driver" is-config="true" duration-ms="25" started-at="2019-07-01T15:08:40Z" finished-at="2019-07-01T15:08:40Z">
          <params>
            <param index="0">
              <value>
                <![CDATA[firefox]]>
              </value>
            </param>
          </params>
          <reporter-output>
          </reporter-output>
        </test-method> <!-- Create_Web_Driver -->
        <test-method status="PASS" signature="afterImportTests()[pri:0, instance:com.symantec.vip.automation.ConfigurationImportTest_kesav@67bd351e]" name="afterImportTests" is-config="true" duration-ms="2" started-at="2019-07-01T15:08:59Z" finished-at="2019-07-01T15:08:59Z">
          <reporter-output>
          </reporter-output>
        </test-method> <!-- afterImportTests -->
        <test-method status="PASS" signature="Cleanup_WebDrivers()[pri:0, instance:com.symantec.vip.automation.ConfigurationImportTest_kesav@67bd351e]" name="Cleanup_WebDrivers" is-config="true" duration-ms="123" started-at="2019-07-01T15:09:00Z" finished-at="2019-07-01T15:09:00Z">
          <reporter-output>
          </reporter-output>
        </test-method> <!-- Cleanup_WebDrivers -->
      </class> <!-- com.symantec.vip.automation.ConfigurationImportTest_kesav -->
    </test> <!-- Windows 2016 R2 x64 -->
  </suite> <!-- Import Configuration From EG 9.8.0 -->
</testng-results>
