<?xml version="1.0" encoding="UTF-8"?>
<testsuite name="TestSuite" time="3,781.089" tests="1120" errors="0" skipped="1" failures="2">
  <properties>
[...]
</properties>
  <testcase name="Start_All_Tunnel_Servers" classname="com.symantec.vip.automation.ConfigurationImportTest_kesav" time="74.187"/>
  <testcase name="Start_All_Validation_Servers" classname="com.symantec.vip.automation.ConfigurationImportTest_kesav" time="378.97"/>
  <testcase name="Start_LDAP_Sync_Service" classname="com.symantec.vip.automation.ConfigurationImportTest_kesav" time="46.233"/>
  <testcase name="Start_SSP_Service" classname="com.symantec.vip.automation.ConfigurationImportTest_kesav" time="29.98"/>
  <testcase name="Start_VIP_Manager_IDP_Service" classname="com.symantec.vip.automation.ConfigurationImportTest_kesav" time="25.412"/>
  <testcase name="Post_Import_All_Tunnel_Server_Tests" classname="com.symantec.vip.automation.ConfigurationImportTest_kesav" time="1.365"/>
  <testcase name="Post_Import_All_Tunnel_Server_Tests" classname="com.symantec.vip.automation.ConfigurationImportTest_kesav" time="0.667"/>
  <testcase name="Post_Import_All_Tunnel_Server_Tests" classname="com.symantec.vip.automation.ConfigurationImportTest_kesav" time="0.791"/>
  <testcase name="Post_Import_All_Tunnel_Server_Tests" classname="com.symantec.vip.automation.ConfigurationImportTest_kesav" time="0.65"/>
  <testcase name="Post_Import_All_Tunnel_Server_Tests" classname="com.symantec.vip.automation.ConfigurationImportTest_kesav" time="0.74"/>
  <testcase name="Post_Import_All_Tunnel_Server_Tests" classname="com.symantec.vip.automation.ConfigurationImportTest_kesav" time="0.646"/>
  <testcase name="Post_Import_All_Tunnel_Server_Tests" classname="com.symantec.vip.automation.ConfigurationImportTest_kesav" time="0.651"/>
  <testcase name="Post_Import_All_Tunnel_Server_Tests" classname="com.symantec.vip.automation.ConfigurationImportTest_kesav" time="0.709"/>
  <testcase name="Post_Import_All_Tunnel_Server_Tests" classname="com.symantec.vip.automation.ConfigurationImportTest_kesav" time="0.618"/>
  <testcase name="Post_Import_All_Tunnel_Server_Tests" classname="com.symantec.vip.automation.ConfigurationImportTest_kesav" time="0.66"/>
  <testcase name="Post_Import_All_Tunnel_Server_Tests" classname="com.symantec.vip.automation.ConfigurationImportTest_kesav" time="0.638"/>
  <testcase name="Post_Import_All_Tunnel_Server_Tests" classname="com.symantec.vip.automation.ConfigurationImportTest_kesav" time="0.864"/>
  <testcase name="Post_Import_All_Tunnel_Server_Tests" classname="com.symantec.vip.automation.ConfigurationImportTest_kesav" time="0.636"/>
  <testcase name="Post_Import_All_Tunnel_Server_Tests" classname="com.symantec.vip.automation.ConfigurationImportTest_kesav" time="0.669"/>
  <testcase name="Post_Import_All_Tunnel_Server_Tests" classname="com.symantec.vip.automation.ConfigurationImportTest_kesav" time="0.553"/>
  <testcase name="Post_Import_All_Tunnel_Server_Tests" classname="com.symantec.vip.automation.ConfigurationImportTest_kesav" time="0.54"/>
  <testcase name="Post_Import_All_Tunnel_Server_Tests" classname="com.symantec.vip.automation.ConfigurationImportTest_kesav" time="0.536"/>
  <testcase name="Post_Import_All_Tunnel_Server_Tests" classname="com.symantec.vip.automation.ConfigurationImportTest_kesav" time="0.597"/>
  <testcase name="Post_Import_All_Tunnel_Server_Tests" classname="com.symantec.vip.automation.ConfigurationImportTest_kesav" time="0.614"/>
  <testcase name="Post_Import_All_Tunnel_Server_Tests" classname="com.symantec.vip.automation.ConfigurationImportTest_kesav" time="0.621"/>
  <testcase name="Post_Import_All_Tunnel_Server_Tests" classname="com.symantec.vip.automation.ConfigurationImportTest_kesav" time="0.622"/>
  <testcase name="Post_Import_All_Tunnel_Server_Tests" classname="com.symantec.vip.automation.ConfigurationImportTest_kesav" time="0.618"/>
  <testcase name="Post_Import_All_Tunnel_Server_Tests" classname="com.symantec.vip.automation.ConfigurationImportTest_kesav" time="0.87"/>
  <testcase name="Post_Import_All_Tunnel_Server_Tests" classname="com.symantec.vip.automation.ConfigurationImportTest_kesav" time="0.734"/>
  <testcase name="Post_Import_All_Tunnel_Server_Tests" classname="com.symantec.vip.automation.ConfigurationImportTest_kesav" time="0.636"/>
  <testcase name="Post_Import_All_Tunnel_Server_Tests" classname="com.symantec.vip.automation.ConfigurationImportTest_kesav" time="0.645"/>
  <testcase name="Post_Import_All_Tunnel_Server_Tests" classname="com.symantec.vip.automation.ConfigurationImportTest_kesav" time="0.799"/>
  <testcase name="Post_Import_All_Tunnel_Server_Tests" classname="com.symantec.vip.automation.ConfigurationImportTest_kesav" time="0.658"/>
  <testcase name="Post_Import_All_Tunnel_Server_Tests" classname="com.symantec.vip.automation.ConfigurationImportTest_kesav" time="0.801"/>
  <testcase name="Post_Import_All_Tunnel_Server_Tests" classname="com.symantec.vip.automation.ConfigurationImportTest_kesav" time="0.631"/>
  <testcase name="Post_Import_All_Tunnel_Server_Tests" classname="com.symantec.vip.automation.ConfigurationImportTest_kesav" time="0.653"/>
  <testcase name="Post_Import_All_Tunnel_Server_Tests" classname="com.symantec.vip.automation.ConfigurationImportTest_kesav" time="0.538"/>
  <testcase name="Post_Import_All_Tunnel_Server_Tests" classname="com.symantec.vip.automation.ConfigurationImportTest_kesav" time="0.536"/>
  <testcase name="Post_Import_All_Tunnel_Server_Tests" classname="com.symantec.vip.automation.ConfigurationImportTest_kesav" time="0.54"/>
  <testcase name="Post_Import_All_Tunnel_Server_Tests" classname="com.symantec.vip.automation.ConfigurationImportTest_kesav" time="0.612"/>
  <testcase name="Post_Import_All_Tunnel_Server_Tests" classname="com.symantec.vip.automation.ConfigurationImportTest_kesav" time="0.594"/>
  <testcase name="Post_Import_All_Tunnel_Server_Tests" classname="com.symantec.vip.automation.ConfigurationImportTest_kesav" time="0.813"/>
  <testcase name="Post_Import_All_Tunnel_Server_Tests" classname="com.symantec.vip.automation.ConfigurationImportTest_kesav" time="0.609"/>
  <testcase name="Post_Import_All_Tunnel_Server_Tests" classname="com.symantec.vip.automation.ConfigurationImportTest_kesav" time="0.615"/>
  <testcase name="Post_Import_All_Tunnel_Server_Tests" classname="com.symantec.vip.automation.ConfigurationImportTest_kesav" time="0.632"/>
  <testcase name="Post_Import_All_Tunnel_Server_Tests" classname="com.symantec.vip.automation.ConfigurationImportTest_kesav" time="0.784"/>
  <testcase name="Post_Import_All_Tunnel_Server_Tests" classname="com.symantec.vip.automation.ConfigurationImportTest_kesav" time="0.624"/>
  <testcase name="Post_Import_All_Tunnel_Server_Tests" classname="com.symantec.vip.automation.ConfigurationImportTest_kesav" time="0.617"/>
  <testcase name="Post_Import_All_Tunnel_Server_Tests" classname="com.symantec.vip.automation.ConfigurationImportTest_kesav" time="0.619"/>
  <testcase name="Post_Import_All_Tunnel_Server_Tests" classname="com.symantec.vip.automation.ConfigurationImportTest_kesav" time="0.621"/>
  <testcase name="Post_Import_All_Tunnel_Server_Tests" classname="com.symantec.vip.automation.ConfigurationImportTest_kesav" time="0.792"/>
  <testcase name="Post_Import_All_Tunnel_Server_Tests" classname="com.symantec.vip.automation.ConfigurationImportTest_kesav" time="0.612"/>
  <testcase name="Post_Import_All_Tunnel_Server_Tests" classname="com.symantec.vip.automation.ConfigurationImportTest_kesav" time="0.611"/>
  <testcase name="Post_Import_All_Tunnel_Server_Tests" classname="com.symantec.vip.automation.ConfigurationImportTest_kesav" time="0.639"/>
  <testcase name="Post_Import_All_Tunnel_Server_Tests" classname="com.symantec.vip.automation.ConfigurationImportTest_kesav" time="0.627"/>
  <testcase name="Post_Import_All_Tunnel_Server_Tests" classname="com.symantec.vip.automation.ConfigurationImportTest_kesav" time="1.112"/>
  <testcase name="Post_Import_All_Tunnel_Server_Tests" classname="com.symantec.vip.automation.ConfigurationImportTest_kesav" time="0.869"/>
  <testcase name="Post_Import_All_Tunnel_Server_Tests" classname="com.symantec.vip.automation.ConfigurationImportTest_kesav" time="0.752"/>
  <testcase name="Post_Import_All_Tunnel_Server_Tests" classname="com.symantec.vip.automation.ConfigurationImportTest_kesav" time="0.657"/>
  <testcase name="Post_Import_All_Tunnel_Server_Tests" classname="com.symantec.vip.automation.ConfigurationImportTest_kesav" time="0.68"/>
  <testcase name="Post_Import_All_Tunnel_Server_Tests" classname="com.symantec.vip.automation.ConfigurationImportTest_kesav" time="0.643"/>
  <testcase name="Post_Import_All_Tunnel_Server_Tests" classname="com.symantec.vip.automation.ConfigurationImportTest_kesav" time="0.679"/>
  <testcase name="Post_Import_All_Tunnel_Server_Tests" classname="com.symantec.vip.automation.ConfigurationImportTest_kesav" time="0.652"/>
  <testcase name="Post_Import_All_Tunnel_Server_Tests" classname="com.symantec.vip.automation.ConfigurationImportTest_kesav" time="0.658"/>
  <testcase name="Post_Import_All_Tunnel_Server_Tests" classname="com.symantec.vip.automation.ConfigurationImportTest_kesav" time="0.677"/>
  <testcase name="Post_Import_All_Tunnel_Server_Tests" classname="com.symantec.vip.automation.ConfigurationImportTest_kesav" time="0.735"/>
  <testcase name="Post_Import_All_Tunnel_Server_Tests" classname="com.symantec.vip.automation.ConfigurationImportTest_kesav" time="0.572"/>
  <testcase name="Post_Import_All_Tunnel_Server_Tests" classname="com.symantec.vip.automation.ConfigurationImportTest_kesav" time="0.577"/>
  <testcase name="Post_Import_All_Tunnel_Server_Tests" classname="com.symantec.vip.automation.ConfigurationImportTest_kesav" time="0.572"/>
  <testcase name="Post_Import_All_Tunnel_Server_Tests" classname="com.symantec.vip.automation.ConfigurationImportTest_kesav" time="0.638"/>
  <testcase name="Post_Import_All_Tunnel_Server_Tests" classname="com.symantec.vip.automation.ConfigurationImportTest_kesav" time="0.632"/>
  <testcase name="Post_Import_All_Tunnel_Server_Tests" classname="com.symantec.vip.automation.ConfigurationImportTest_kesav" time="0.858"/>
  <testcase name="Post_Import_All_Tunnel_Server_Tests" classname="com.symantec.vip.automation.ConfigurationImportTest_kesav" time="0.839"/>
  <testcase name="Post_Import_All_Tunnel_Server_Tests" classname="com.symantec.vip.automation.ConfigurationImportTest_kesav" time="0.635"/>
  <testcase name="Post_Import_All_Tunnel_Server_Tests" classname="com.symantec.vip.automation.ConfigurationImportTest_kesav" time="0.835"/>
  <testcase name="Post_Import_All_Tunnel_Server_Tests" classname="com.symantec.vip.automation.ConfigurationImportTest_kesav" time="0.694"/>
  <testcase name="Post_Import_All_Tunnel_Server_Tests" classname="com.symantec.vip.automation.ConfigurationImportTest_kesav" time="0.631"/>
  <testcase name="Post_Import_All_Tunnel_Server_Tests" classname="com.symantec.vip.automation.ConfigurationImportTest_kesav" time="0.639"/>
  <testcase name="Post_Import_All_Tunnel_Server_Tests" classname="com.symantec.vip.automation.ConfigurationImportTest_kesav" time="0.639"/>
  <testcase name="Post_Import_All_Tunnel_Server_Tests" classname="com.symantec.vip.automation.ConfigurationImportTest_kesav" time="0.644"/>
  <testcase name="Post_Import_All_Tunnel_Server_Tests" classname="com.symantec.vip.automation.ConfigurationImportTest_kesav" time="0.838"/>
  <testcase name="Post_Import_All_Tunnel_Server_Tests" classname="com.symantec.vip.automation.ConfigurationImportTest_kesav" time="0.718"/>
  <testcase name="Post_Import_All_Tunnel_Server_Tests" classname="com.symantec.vip.automation.ConfigurationImportTest_kesav" time="0.637"/>
  <testcase name="Post_Import_All_Tunnel_Server_Tests" classname="com.symantec.vip.automation.ConfigurationImportTest_kesav" time="0.637"/>
  <testcase name="Post_Import_All_Tunnel_Server_Tests" classname="com.symantec.vip.automation.ConfigurationImportTest_kesav" time="0.556"/>
  <testcase name="Post_Import_All_Tunnel_Server_Tests" classname="com.symantec.vip.automation.ConfigurationImportTest_kesav" time="0.556"/>
  <testcase name="Post_Import_All_Tunnel_Server_Tests" classname="com.symantec.vip.automation.ConfigurationImportTest_kesav" time="0.634"/>
  <testcase name="Post_Import_All_Tunnel_Server_Tests" classname="com.symantec.vip.automation.ConfigurationImportTest_kesav" time="0.637"/>
  <testcase name="Post_Import_All_Tunnel_Server_Tests" classname="com.symantec.vip.automation.ConfigurationImportTest_kesav" time="0.628"/>
  <testcase name="Post_Import_All_Tunnel_Server_Tests" classname="com.symantec.vip.automation.ConfigurationImportTest_kesav" time="0.665"/>
  <testcase name="Post_Import_All_Tunnel_Server_Tests" classname="com.symantec.vip.automation.ConfigurationImportTest_kesav" time="0.661"/>
  <testcase name="Post_Import_All_Tunnel_Server_Tests" classname="com.symantec.vip.automation.ConfigurationImportTest_kesav" time="0.67"/>
  <testcase name="Post_Import_All_Tunnel_Server_Tests" classname="com.symantec.vip.automation.ConfigurationImportTest_kesav" time="0.657"/>
  <testcase name="Post_Import_All_Tunnel_Server_Tests" classname="com.symantec.vip.automation.ConfigurationImportTest_kesav" time="0.656"/>
  <testcase name="Post_Import_All_Tunnel_Server_Tests" classname="com.symantec.vip.automation.ConfigurationImportTest_kesav" time="0.64"/>
  <testcase name="Post_Import_All_Tunnel_Server_Tests" classname="com.symantec.vip.automation.ConfigurationImportTest_kesav" time="0.628"/>
  <testcase name="Post_Import_All_Tunnel_Server_Tests" classname="com.symantec.vip.automation.ConfigurationImportTest_kesav" time="0.679"/>
  <testcase name="Post_Import_All_Tunnel_Server_Tests" classname="com.symantec.vip.automation.ConfigurationImportTest_kesav" time="0.632"/>
  <testcase name="Post_Import_All_Tunnel_Server_Tests" classname="com.symantec.vip.automation.ConfigurationImportTest_kesav" time="0.637"/>
  <testcase name="Post_Import_All_Tunnel_Server_Tests" classname="com.symantec.vip.automation.ConfigurationImportTest_kesav" time="0.847"/>
  <testcase name="Post_Import_All_Tunnel_Server_Tests" classname="com.symantec.vip.automation.ConfigurationImportTest_kesav" time="0.702"/>
  <testcase name="Post_Import_All_Tunnel_Server_Tests" classname="com.symantec.vip.automation.ConfigurationImportTest_kesav" time="0.648"/>
  <testcase name="Post_Import_All_Tunnel_Server_Tests" classname="com.symantec.vip.automation.ConfigurationImportTest_kesav" time="0.69"/>
  <testcase name="Post_Import_All_Tunnel_Server_Tests" classname="com.symantec.vip.automation.ConfigurationImportTest_kesav" time="0.638"/>
  <testcase name="Post_Import_All_Tunnel_Server_Tests" classname="com.symantec.vip.automation.ConfigurationImportTest_kesav" time="0.664"/>
  <testcase name="Post_Import_All_Tunnel_Server_Tests" classname="com.symantec.vip.automation.ConfigurationImportTest_kesav" time="1.069"/>
  <testcase name="Post_Import_All_Tunnel_Server_Tests" classname="com.symantec.vip.automation.ConfigurationImportTest_kesav" time="0.67"/>
  <testcase name="Post_Import_All_Tunnel_Server_Tests" classname="com.symantec.vip.automation.ConfigurationImportTest_kesav" time="0.816"/>
  <testcase name="Post_Import_All_Tunnel_Server_Tests" classname="com.symantec.vip.automation.ConfigurationImportTest_kesav" time="0.637"/>
  <testcase name="Post_Import_All_Tunnel_Server_Tests" classname="com.symantec.vip.automation.ConfigurationImportTest_kesav" time="0.818"/>
  <testcase name="Post_Import_All_Tunnel_Server_Tests" classname="com.symantec.vip.automation.ConfigurationImportTest_kesav" time="0.682"/>
  <testcase name="Post_Import_All_Tunnel_Server_Tests" classname="com.symantec.vip.automation.ConfigurationImportTest_kesav" time="0.85"/>
  <testcase name="Post_Import_All_Tunnel_Server_Tests" classname="com.symantec.vip.automation.ConfigurationImportTest_kesav" time="0.565"/>
  <testcase name="Post_Import_All_Tunnel_Server_Tests" classname="com.symantec.vip.automation.ConfigurationImportTest_kesav" time="0.59"/>
  <testcase name="Post_Import_All_Tunnel_Server_Tests" classname="com.symantec.vip.automation.ConfigurationImportTest_kesav" time="0.556"/>
  <testcase name="Post_Import_All_Tunnel_Server_Tests" classname="com.symantec.vip.automation.ConfigurationImportTest_kesav" time="0.621"/>
  <testcase name="Post_Import_All_Tunnel_Server_Tests" classname="com.symantec.vip.automation.ConfigurationImportTest_kesav" time="0.65"/>
  <testcase name="Post_Import_All_Tunnel_Server_Tests" classname="com.symantec.vip.automation.ConfigurationImportTest_kesav" time="0.636"/>
  <testcase name="Post_Import_All_Tunnel_Server_Tests" classname="com.symantec.vip.automation.ConfigurationImportTest_kesav" time="0.675"/>
  <testcase name="Post_Import_All_Tunnel_Server_Tests" classname="com.symantec.vip.automation.ConfigurationImportTest_kesav" time="0.626"/>
  <testcase name="Post_Import_All_Tunnel_Server_Tests" classname="com.symantec.vip.automation.ConfigurationImportTest_kesav" time="0.645"/>
  <testcase name="Post_Import_All_Tunnel_Server_Tests" classname="com.symantec.vip.automation.ConfigurationImportTest_kesav" time="0.625"/>
  <testcase name="Post_Import_All_Tunnel_Server_Tests" classname="com.symantec.vip.automation.ConfigurationImportTest_kesav" time="0.64"/>
  <testcase name="Post_Import_All_Tunnel_Server_Tests" classname="com.symantec.vip.automation.ConfigurationImportTest_kesav" time="0.632"/>
  <testcase name="Post_Import_All_Tunnel_Server_Tests" classname="com.symantec.vip.automation.ConfigurationImportTest_kesav" time="0.637"/>
  <testcase name="Post_Import_All_Tunnel_Server_Tests" classname="com.symantec.vip.automation.ConfigurationImportTest_kesav" time="0.649"/>
  <testcase name="Post_Import_All_Tunnel_Server_Tests" classname="com.symantec.vip.automation.ConfigurationImportTest_kesav" time="0.638"/>
  <testcase name="Post_Import_All_Tunnel_Server_Tests" classname="com.symantec.vip.automation.ConfigurationImportTest_kesav" time="0.622"/>
  <testcase name="Post_Import_All_Tunnel_Server_Tests" classname="com.symantec.vip.automation.ConfigurationImportTest_kesav" time="0.641"/>
  <testcase name="Post_Import_All_Tunnel_Server_Tests" classname="com.symantec.vip.automation.ConfigurationImportTest_kesav" time="0.567"/>
  <testcase name="Post_Import_All_Tunnel_Server_Tests" classname="com.symantec.vip.automation.ConfigurationImportTest_kesav" time="0.569"/>
  <testcase name="Post_Import_All_Tunnel_Server_Tests" classname="com.symantec.vip.automation.ConfigurationImportTest_kesav" time="0.559"/>
  <testcase name="Post_Import_All_Tunnel_Server_Tests" classname="com.symantec.vip.automation.ConfigurationImportTest_kesav" time="0.664"/>
  <testcase name="Post_Import_All_Tunnel_Server_Tests" classname="com.symantec.vip.automation.ConfigurationImportTest_kesav" time="0.658"/>
  <testcase name="Post_Import_All_Tunnel_Server_Tests" classname="com.symantec.vip.automation.ConfigurationImportTest_kesav" time="0.654"/>
  <testcase name="Post_Import_All_Tunnel_Server_Tests" classname="com.symantec.vip.automation.ConfigurationImportTest_kesav" time="0.642"/>
  <testcase name="Post_Import_All_Tunnel_Server_Tests" classname="com.symantec.vip.automation.ConfigurationImportTest_kesav" time="0.693"/>
  <testcase name="Post_Import_All_Tunnel_Server_Tests" classname="com.symantec.vip.automation.ConfigurationImportTest_kesav" time="0.828"/>
  <testcase name="Post_Import_All_Tunnel_Server_Tests" classname="com.symantec.vip.automation.ConfigurationImportTest_kesav" time="0.653"/>
  <testcase name="Post_Import_All_Tunnel_Server_Tests" classname="com.symantec.vip.automation.ConfigurationImportTest_kesav" time="0.688"/>
  <testcase name="Post_Import_All_Tunnel_Server_Tests" classname="com.symantec.vip.automation.ConfigurationImportTest_kesav" time="0.687"/>
  <testcase name="Post_Import_All_Tunnel_Server_Tests" classname="com.symantec.vip.automation.ConfigurationImportTest_kesav" time="0.643"/>
  <testcase name="Post_Import_All_Tunnel_Server_Tests" classname="com.symantec.vip.automation.ConfigurationImportTest_kesav" time="0.651"/>
  <testcase name="Post_Import_All_Tunnel_Server_Tests" classname="com.symantec.vip.automation.ConfigurationImportTest_kesav" time="0.655"/>
  <testcase name="Post_Import_All_Tunnel_Server_Tests" classname="com.symantec.vip.automation.ConfigurationImportTest_kesav" time="0.646"/>
  <testcase name="Post_Import_All_Tunnel_Server_Tests" classname="com.symantec.vip.automation.ConfigurationImportTest_kesav" time="0.57"/>
  <testcase name="Post_Import_All_Tunnel_Server_Tests" classname="com.symantec.vip.automation.ConfigurationImportTest_kesav" time="0.554"/>
  <testcase name="Post_Import_All_Tunnel_Server_Tests" classname="com.symantec.vip.automation.ConfigurationImportTest_kesav" time="0.564"/>
  <testcase name="Post_Import_All_Tunnel_Server_Tests" classname="com.symantec.vip.automation.ConfigurationImportTest_kesav" time="0.624"/>
  <testcase name="Post_Import_All_Tunnel_Server_Tests" classname="com.symantec.vip.automation.ConfigurationImportTest_kesav" time="0.632"/>
  <testcase name="Post_Import_All_Tunnel_Server_Tests" classname="com.symantec.vip.automation.ConfigurationImportTest_kesav" time="0.637"/>
  <testcase name="Post_Import_All_Tunnel_Server_Tests" classname="com.symantec.vip.automation.ConfigurationImportTest_kesav" time="0.665"/>
  <testcase name="Post_Import_All_Tunnel_Server_Tests" classname="com.symantec.vip.automation.ConfigurationImportTest_kesav" time="0.653"/>
  <testcase name="Post_Import_All_Tunnel_Server_Tests" classname="com.symantec.vip.automation.ConfigurationImportTest_kesav" time="0.64"/>
  <testcase name="Post_Import_All_Tunnel_Server_Tests" classname="com.symantec.vip.automation.ConfigurationImportTest_kesav" time="0.642"/>
  <testcase name="Post_Import_All_Tunnel_Server_Tests" classname="com.symantec.vip.automation.ConfigurationImportTest_kesav" time="0.871"/>
  <testcase name="Post_Import_All_Tunnel_Server_Tests" classname="com.symantec.vip.automation.ConfigurationImportTest_kesav" time="0.649"/>
  <testcase name="Post_Import_All_Tunnel_Server_Tests" classname="com.symantec.vip.automation.ConfigurationImportTest_kesav" time="0.635"/>
  <testcase name="Post_Import_All_Tunnel_Server_Tests" classname="com.symantec.vip.automation.ConfigurationImportTest_kesav" time="0.665"/>
  <testcase name="Post_Import_All_Tunnel_Server_Tests" classname="com.symantec.vip.automation.ConfigurationImportTest_kesav" time="0.642"/>
  <testcase name="Post_Import_All_Tunnel_Server_Tests" classname="com.symantec.vip.automation.ConfigurationImportTest_kesav" time="0.649"/>
  <testcase name="Post_Import_All_Tunnel_Server_Tests" classname="com.symantec.vip.automation.ConfigurationImportTest_kesav" time="0.656"/>
  <testcase name="Post_Import_All_Tunnel_Server_Tests" classname="com.symantec.vip.automation.ConfigurationImportTest_kesav" time="0.678"/>
  <testcase name="Post_Import_All_Tunnel_Server_Tests" classname="com.symantec.vip.automation.ConfigurationImportTest_kesav" time="0.553"/>
  <testcase name="Post_Import_All_Tunnel_Server_Tests" classname="com.symantec.vip.automation.ConfigurationImportTest_kesav" time="0.558"/>
  <testcase name="Post_Import_All_Tunnel_Server_Tests" classname="com.symantec.vip.automation.ConfigurationImportTest_kesav" time="0.65"/>
  <testcase name="Post_Import_All_Tunnel_Server_Tests" classname="com.symantec.vip.automation.ConfigurationImportTest_kesav" time="0.671"/>
  <testcase name="Post_Import_All_Tunnel_Server_Tests" classname="com.symantec.vip.automation.ConfigurationImportTest_kesav" time="0.647"/>
  <testcase name="Post_Import_All_Tunnel_Server_Tests" classname="com.symantec.vip.automation.ConfigurationImportTest_kesav" time="0.624"/>
  <testcase name="Post_Import_All_Tunnel_Server_Tests" classname="com.symantec.vip.automation.ConfigurationImportTest_kesav" time="0.645"/>
  <testcase name="Post_Import_All_Tunnel_Server_Tests" classname="com.symantec.vip.automation.ConfigurationImportTest_kesav" time="0.644"/>
  <testcase name="Post_Import_All_Tunnel_Server_Tests" classname="com.symantec.vip.automation.ConfigurationImportTest_kesav" time="0.642"/>
  <testcase name="Post_Import_All_Tunnel_Server_Tests" classname="com.symantec.vip.automation.ConfigurationImportTest_kesav" time="0.671"/>
  <testcase name="Post_Import_All_Tunnel_Server_Tests" classname="com.symantec.vip.automation.ConfigurationImportTest_kesav" time="0.683"/>
  <testcase name="Post_Import_All_Tunnel_Server_Tests" classname="com.symantec.vip.automation.ConfigurationImportTest_kesav" time="0.633"/>
  <testcase name="Post_Import_All_Tunnel_Server_Tests" classname="com.symantec.vip.automation.ConfigurationImportTest_kesav" time="0.788"/>
  <testcase name="Post_Import_All_Tunnel_Server_Tests" classname="com.symantec.vip.automation.ConfigurationImportTest_kesav" time="0.676"/>
  <testcase name="Post_Import_All_Tunnel_Server_Tests" classname="com.symantec.vip.automation.ConfigurationImportTest_kesav" time="0.665"/>
  <testcase name="Post_Import_All_Tunnel_Server_Tests" classname="com.symantec.vip.automation.ConfigurationImportTest_kesav" time="0.585"/>
  <testcase name="Post_Import_All_Tunnel_Server_Tests" classname="com.symantec.vip.automation.ConfigurationImportTest_kesav" time="0.578"/>
  <testcase name="Post_Import_All_Tunnel_Server_Tests" classname="com.symantec.vip.automation.ConfigurationImportTest_kesav" time="0.57"/>
  <testcase name="Post_Import_All_Tunnel_Server_Tests" classname="com.symantec.vip.automation.ConfigurationImportTest_kesav" time="0.637"/>
  <testcase name="Post_Import_All_Tunnel_Server_Tests" classname="com.symantec.vip.automation.ConfigurationImportTest_kesav" time="0.654"/>
  <testcase name="Post_Import_All_Tunnel_Server_Tests" classname="com.symantec.vip.automation.ConfigurationImportTest_kesav" time="0.651"/>
  <testcase name="Post_Import_All_Tunnel_Server_Tests" classname="com.symantec.vip.automation.ConfigurationImportTest_kesav" time="0.682"/>
  <testcase name="Post_Import_All_Tunnel_Server_Tests" classname="com.symantec.vip.automation.ConfigurationImportTest_kesav" time="0.647"/>
  <testcase name="Post_Import_All_Tunnel_Server_Tests" classname="com.symantec.vip.automation.ConfigurationImportTest_kesav" time="0.63"/>
  <testcase name="Post_Import_All_Tunnel_Server_Tests" classname="com.symantec.vip.automation.ConfigurationImportTest_kesav" time="0.632"/>
  <testcase name="Post_Import_All_Tunnel_Server_Tests" classname="com.symantec.vip.automation.ConfigurationImportTest_kesav" time="0.649"/>
  <testcase name="Post_Import_All_Tunnel_Server_Tests" classname="com.symantec.vip.automation.ConfigurationImportTest_kesav" time="0.637"/>
  <testcase name="Post_Import_All_Tunnel_Server_Tests" classname="com.symantec.vip.automation.ConfigurationImportTest_kesav" time="0.644"/>
  <testcase name="Post_Import_All_Tunnel_Server_Tests" classname="com.symantec.vip.automation.ConfigurationImportTest_kesav" time="0.651"/>
  <testcase name="Post_Import_All_Tunnel_Server_Tests" classname="com.symantec.vip.automation.ConfigurationImportTest_kesav" time="0.636"/>
  <testcase name="Post_Import_All_Tunnel_Server_Tests" classname="com.symantec.vip.automation.ConfigurationImportTest_kesav" time="0.674"/>
  <testcase name="Post_Import_All_Tunnel_Server_Tests" classname="com.symantec.vip.automation.ConfigurationImportTest_kesav" time="0.644"/>
  <testcase name="Post_Import_All_Tunnel_Server_Tests" classname="com.symantec.vip.automation.ConfigurationImportTest_kesav" time="0.636"/>
  <testcase name="Post_Import_All_Tunnel_Server_Tests" classname="com.symantec.vip.automation.ConfigurationImportTest_kesav" time="0.563"/>
  <testcase name="Post_Import_All_Tunnel_Server_Tests" classname="com.symantec.vip.automation.ConfigurationImportTest_kesav" time="0.743"/>
  <testcase name="Post_Import_All_Tunnel_Server_Tests" classname="com.symantec.vip.automation.ConfigurationImportTest_kesav" time="0.639"/>
  <testcase name="Post_Import_All_Tunnel_Server_Tests" classname="com.symantec.vip.automation.ConfigurationImportTest_kesav" time="0.647"/>
  <testcase name="Post_Import_All_Tunnel_Server_Tests" classname="com.symantec.vip.automation.ConfigurationImportTest_kesav" time="0.639"/>
  <testcase name="Post_Import_All_Tunnel_Server_Tests" classname="com.symantec.vip.automation.ConfigurationImportTest_kesav" time="0.664"/>
  <testcase name="Post_Import_All_Tunnel_Server_Tests" classname="com.symantec.vip.automation.ConfigurationImportTest_kesav" time="0.636"/>
  <testcase name="Post_Import_All_Tunnel_Server_Tests" classname="com.symantec.vip.automation.ConfigurationImportTest_kesav" time="0.871"/>
  <testcase name="Post_Import_All_Tunnel_Server_Tests" classname="com.symantec.vip.automation.ConfigurationImportTest_kesav" time="0.642"/>
  <testcase name="Post_Import_All_Tunnel_Server_Tests" classname="com.symantec.vip.automation.ConfigurationImportTest_kesav" time="0.852"/>
  <testcase name="Post_Import_All_Tunnel_Server_Tests" classname="com.symantec.vip.automation.ConfigurationImportTest_kesav" time="0.635"/>
  <testcase name="Post_Import_All_Tunnel_Server_Tests" classname="com.symantec.vip.automation.ConfigurationImportTest_kesav" time="0.618"/>
  <testcase name="Post_Import_All_Tunnel_Server_Tests" classname="com.symantec.vip.automation.ConfigurationImportTest_kesav" time="0.598"/>
  <testcase name="Post_Import_All_Tunnel_Server_Tests" classname="com.symantec.vip.automation.ConfigurationImportTest_kesav" time="0.629"/>
  <testcase name="Post_Import_All_Tunnel_Server_Tests" classname="com.symantec.vip.automation.ConfigurationImportTest_kesav" time="0.609"/>
  <testcase name="Post_Import_All_Tunnel_Server_Tests" classname="com.symantec.vip.automation.ConfigurationImportTest_kesav" time="0.53"/>
  <testcase name="Post_Import_All_Tunnel_Server_Tests" classname="com.symantec.vip.automation.ConfigurationImportTest_kesav" time="0.525"/>
  <testcase name="Post_Import_All_Tunnel_Server_Tests" classname="com.symantec.vip.automation.ConfigurationImportTest_kesav" time="0.535"/>
  <testcase name="Post_Import_All_Tunnel_Server_Tests" classname="com.symantec.vip.automation.ConfigurationImportTest_kesav" time="0.596"/>
  <testcase name="Post_Import_All_Tunnel_Server_Tests" classname="com.symantec.vip.automation.ConfigurationImportTest_kesav" time="0.631"/>
  <testcase name="Post_Import_All_Tunnel_Server_Tests" classname="com.symantec.vip.automation.ConfigurationImportTest_kesav" time="0.603"/>
  <testcase name="Post_Import_All_Tunnel_Server_Tests" classname="com.symantec.vip.automation.ConfigurationImportTest_kesav" time="0.728"/>
  <testcase name="Post_Import_All_Tunnel_Server_Tests" classname="com.symantec.vip.automation.ConfigurationImportTest_kesav" time="0.778"/>
  <testcase name="Post_Import_All_Tunnel_Server_Tests" classname="com.symantec.vip.automation.ConfigurationImportTest_kesav" time="0.623"/>
  <testcase name="Post_Import_All_Tunnel_Server_Tests" classname="com.symantec.vip.automation.ConfigurationImportTest_kesav" time="0.607"/>
  <testcase name="Post_Import_All_Tunnel_Server_Tests" classname="com.symantec.vip.automation.ConfigurationImportTest_kesav" time="0.602"/>
  <testcase name="Post_Import_All_Tunnel_Server_Tests" classname="com.symantec.vip.automation.ConfigurationImportTest_kesav" time="0.608"/>
  <testcase name="Post_Import_All_Tunnel_Server_Tests" classname="com.symantec.vip.automation.ConfigurationImportTest_kesav" time="0.817"/>
  <testcase name="Post_Import_All_Tunnel_Server_Tests" classname="com.symantec.vip.automation.ConfigurationImportTest_kesav" time="0.624"/>
  <testcase name="Post_Import_All_Tunnel_Server_Tests" classname="com.symantec.vip.automation.ConfigurationImportTest_kesav" time="0.593"/>
  <testcase name="Post_Import_All_Tunnel_Server_Tests" classname="com.symantec.vip.automation.ConfigurationImportTest_kesav" time="0.608"/>
  <testcase name="Post_Import_All_Tunnel_Server_Tests" classname="com.symantec.vip.automation.ConfigurationImportTest_kesav" time="0.593"/>
  <testcase name="Post_Import_All_Tunnel_Server_Tests" classname="com.symantec.vip.automation.ConfigurationImportTest_kesav" time="0.576"/>
  <testcase name="Post_Import_All_Tunnel_Server_Tests" classname="com.symantec.vip.automation.ConfigurationImportTest_kesav" time="0.522"/>
  <testcase name="Post_Import_All_Tunnel_Server_Tests" classname="com.symantec.vip.automation.ConfigurationImportTest_kesav" time="0.52"/>
  <testcase name="Post_Import_UAO_OTP_All_Validation_Tests" classname="com.symantec.vip.automation.ConfigurationImportTest_kesav" time="0">
    <skipped/>
    <system-out><![CDATA[2019-07-03 11:40:23,194  INFO [main] (TestListener.java:30) - **********Thread-1: ENDING TEST: << Post_Import_All_Tunnel_Server_Tests >> PASSED**********
]]></system-out>
  </testcase>
  <testcase name="Post_Import_ULO_OTP_All_Validation_Tests" classname="com.symantec.vip.automation.ConfigurationImportTest_kesav" time="0.91"/>
  <testcase name="Post_Import_ULO_OTP_All_Validation_Tests" classname="com.symantec.vip.automation.ConfigurationImportTest_kesav" time="0.723"/>
  <testcase name="Post_Import_ULO_OTP_All_Validation_Tests" classname="com.symantec.vip.automation.ConfigurationImportTest_kesav" time="0.7"/>
  <testcase name="Post_Import_ULO_OTP_All_Validation_Tests" classname="com.symantec.vip.automation.ConfigurationImportTest_kesav" time="0.747"/>
  <testcase name="Post_Import_ULO_OTP_All_Validation_Tests" classname="com.symantec.vip.automation.ConfigurationImportTest_kesav" time="0.773"/>
  <testcase name="Post_Import_ULO_OTP_All_Validation_Tests" classname="com.symantec.vip.automation.ConfigurationImportTest_kesav" time="0.694"/>
  <testcase name="Post_Import_ULO_OTP_All_Validation_Tests" classname="com.symantec.vip.automation.ConfigurationImportTest_kesav" time="0.886"/>
  <testcase name="Post_Import_ULO_OTP_All_Validation_Tests" classname="com.symantec.vip.automation.ConfigurationImportTest_kesav" time="0.71"/>
  <testcase name="Post_Import_ULO_OTP_All_Validation_Tests" classname="com.symantec.vip.automation.ConfigurationImportTest_kesav" time="0.691"/>
  <testcase name="Post_Import_ULO_OTP_All_Validation_Tests" classname="com.symantec.vip.automation.ConfigurationImportTest_kesav" time="0.706"/>
  <testcase name="Post_Import_ULO_OTP_All_Validation_Tests" classname="com.symantec.vip.automation.ConfigurationImportTest_kesav" time="0.886"/>
  <testcase name="Post_Import_ULO_OTP_All_Validation_Tests" classname="com.symantec.vip.automation.ConfigurationImportTest_kesav" time="0.7"/>
  <testcase name="Post_Import_ULO_OTP_All_Validation_Tests" classname="com.symantec.vip.automation.ConfigurationImportTest_kesav" time="0.679"/>
  <testcase name="Post_Import_ULO_OTP_All_Validation_Tests" classname="com.symantec.vip.automation.ConfigurationImportTest_kesav" time="0.762"/>
  <testcase name="Post_Import_ULO_OTP_All_Validation_Tests" classname="com.symantec.vip.automation.ConfigurationImportTest_kesav" time="0.935"/>
  <testcase name="Post_Import_ULO_OTP_All_Validation_Tests" classname="com.symantec.vip.automation.ConfigurationImportTest_kesav" time="3.223"/>
  <testcase name="Post_Import_ULO_OTP_All_Validation_Tests" classname="com.symantec.vip.automation.ConfigurationImportTest_kesav" time="2.997"/>
  <testcase name="Post_Import_ULO_OTP_All_Validation_Tests" classname="com.symantec.vip.automation.ConfigurationImportTest_kesav" time="2.939"/>
  <testcase name="Post_Import_ULO_OTP_All_Validation_Tests" classname="com.symantec.vip.automation.ConfigurationImportTest_kesav" time="0.712"/>
  <testcase name="Post_Import_ULO_OTP_All_Validation_Tests" classname="com.symantec.vip.automation.ConfigurationImportTest_kesav" time="0.711"/>
  <testcase name="Post_Import_ULO_OTP_All_Validation_Tests" classname="com.symantec.vip.automation.ConfigurationImportTest_kesav" time="0.714"/>
  <testcase name="Post_Import_ULO_OTP_All_Validation_Tests" classname="com.symantec.vip.automation.ConfigurationImportTest_kesav" time="0.779"/>
  <testcase name="Post_Import_ULO_OTP_All_Validation_Tests" classname="com.symantec.vip.automation.ConfigurationImportTest_kesav" time="0.552"/>
  <testcase name="Post_Import_ULO_OTP_All_Validation_Tests" classname="com.symantec.vip.automation.ConfigurationImportTest_kesav" time="0.55"/>
  <testcase name="Post_Import_ULO_OTP_All_Validation_Tests" classname="com.symantec.vip.automation.ConfigurationImportTest_kesav" time="0.842"/>
  <testcase name="Post_Import_ULO_OTP_All_Validation_Tests" classname="com.symantec.vip.automation.ConfigurationImportTest_kesav" time="0.596"/>
  <testcase name="Post_Import_ULO_OTP_All_Validation_Tests" classname="com.symantec.vip.automation.ConfigurationImportTest_kesav" time="0.583"/>
  <testcase name="Post_Import_ULO_OTP_All_Validation_Tests" classname="com.symantec.vip.automation.ConfigurationImportTest_kesav" time="0.775"/>
  <testcase name="Post_Import_ULO_OTP_All_Validation_Tests" classname="com.symantec.vip.automation.ConfigurationImportTest_kesav" time="0.582"/>
  <testcase name="Post_Import_ULO_OTP_All_Validation_Tests" classname="com.symantec.vip.automation.ConfigurationImportTest_kesav" time="0.608"/>
  <testcase name="Post_Import_ULO_OTP_All_Validation_Tests" classname="com.symantec.vip.automation.ConfigurationImportTest_kesav" time="0.598"/>
  <testcase name="Post_Import_ULO_OTP_All_Validation_Tests" classname="com.symantec.vip.automation.ConfigurationImportTest_kesav" time="0.602"/>
  <testcase name="Post_Import_ULO_OTP_All_Validation_Tests" classname="com.symantec.vip.automation.ConfigurationImportTest_kesav" time="0.584"/>
  <testcase name="Post_Import_ULO_OTP_All_Validation_Tests" classname="com.symantec.vip.automation.ConfigurationImportTest_kesav" time="0.593"/>
  <testcase name="Post_Import_ULO_OTP_All_Validation_Tests" classname="com.symantec.vip.automation.ConfigurationImportTest_kesav" time="0.598"/>
  <testcase name="Post_Import_ULO_OTP_All_Validation_Tests" classname="com.symantec.vip.automation.ConfigurationImportTest_kesav" time="0.663"/>
  <testcase name="Post_Import_ULO_OTP_All_Validation_Tests" classname="com.symantec.vip.automation.ConfigurationImportTest_kesav" time="0.602"/>
  <testcase name="Post_Import_ULO_OTP_All_Validation_Tests" classname="com.symantec.vip.automation.ConfigurationImportTest_kesav" time="2.851"/>
  <testcase name="Post_Import_ULO_OTP_All_Validation_Tests" classname="com.symantec.vip.automation.ConfigurationImportTest_kesav" time="2.859"/>
  <testcase name="Post_Import_ULO_OTP_All_Validation_Tests" classname="com.symantec.vip.automation.ConfigurationImportTest_kesav" time="2.863"/>
  <testcase name="Post_Import_ULO_OTP_All_Validation_Tests" classname="com.symantec.vip.automation.ConfigurationImportTest_kesav" time="0.625"/>
  <testcase name="Post_Import_ULO_OTP_All_Validation_Tests" classname="com.symantec.vip.automation.ConfigurationImportTest_kesav" time="0.588"/>
  <testcase name="Post_Import_ULO_OTP_All_Validation_Tests" classname="com.symantec.vip.automation.ConfigurationImportTest_kesav" time="0.584"/>
  <testcase name="Post_Import_ULO_OTP_All_Validation_Tests" classname="com.symantec.vip.automation.ConfigurationImportTest_kesav" time="0.597"/>
  <testcase name="Post_Import_ULO_OTP_All_Validation_Tests" classname="com.symantec.vip.automation.ConfigurationImportTest_kesav" time="0.59"/>
  <testcase name="Post_Import_ULO_OTP_All_Validation_Tests" classname="com.symantec.vip.automation.ConfigurationImportTest_kesav" time="0.636"/>
  <testcase name="Post_Import_ULO_OTP_All_Validation_Tests" classname="com.symantec.vip.automation.ConfigurationImportTest_kesav" time="1.292"/>
  <testcase name="Post_Import_ULO_OTP_All_Validation_Tests" classname="com.symantec.vip.automation.ConfigurationImportTest_kesav" time="1.181"/>
  <testcase name="Post_Import_ULO_OTP_All_Validation_Tests" classname="com.symantec.vip.automation.ConfigurationImportTest_kesav" time="1.009"/>
  <testcase name="Post_Import_ULO_OTP_All_Validation_Tests" classname="com.symantec.vip.automation.ConfigurationImportTest_kesav" time="0.987"/>
  <testcase name="Post_Import_ULO_OTP_All_Validation_Tests" classname="com.symantec.vip.automation.ConfigurationImportTest_kesav" time="1.036"/>
  <testcase name="Post_Import_ULO_OTP_All_Validation_Tests" classname="com.symantec.vip.automation.ConfigurationImportTest_kesav" time="0.98"/>
  <testcase name="Post_Import_ULO_OTP_All_Validation_Tests" classname="com.symantec.vip.automation.ConfigurationImportTest_kesav" time="0.986"/>
  <testcase name="Post_Import_ULO_OTP_All_Validation_Tests" classname="com.symantec.vip.automation.ConfigurationImportTest_kesav" time="1.11"/>
  <testcase name="Post_Import_ULO_OTP_All_Validation_Tests" classname="com.symantec.vip.automation.ConfigurationImportTest_kesav" time="0.974"/>
  <testcase name="Post_Import_ULO_OTP_All_Validation_Tests" classname="com.symantec.vip.automation.ConfigurationImportTest_kesav" time="0.971"/>
  <testcase name="Post_Import_ULO_OTP_All_Validation_Tests" classname="com.symantec.vip.automation.ConfigurationImportTest_kesav" time="1.026"/>
  <testcase name="Post_Import_ULO_OTP_All_Validation_Tests" classname="com.symantec.vip.automation.ConfigurationImportTest_kesav" time="0.994"/>
  <testcase name="Post_Import_ULO_OTP_All_Validation_Tests" classname="com.symantec.vip.automation.ConfigurationImportTest_kesav" time="1.016"/>
  <testcase name="Post_Import_ULO_OTP_All_Validation_Tests" classname="com.symantec.vip.automation.ConfigurationImportTest_kesav" time="1.025"/>
  <testcase name="Post_Import_ULO_OTP_All_Validation_Tests" classname="com.symantec.vip.automation.ConfigurationImportTest_kesav" time="0.994"/>
  <testcase name="Post_Import_ULO_OTP_All_Validation_Tests" classname="com.symantec.vip.automation.ConfigurationImportTest_kesav" time="3.306"/>
  <testcase name="Post_Import_ULO_OTP_All_Validation_Tests" classname="com.symantec.vip.automation.ConfigurationImportTest_kesav" time="3.414"/>
  <testcase name="Post_Import_ULO_OTP_All_Validation_Tests" classname="com.symantec.vip.automation.ConfigurationImportTest_kesav" time="3.338"/>
  <testcase name="Post_Import_ULO_OTP_All_Validation_Tests" classname="com.symantec.vip.automation.ConfigurationImportTest_kesav" time="0.983"/>
  <testcase name="Post_Import_ULO_OTP_All_Validation_Tests" classname="com.symantec.vip.automation.ConfigurationImportTest_kesav" time="1"/>
  <testcase name="Post_Import_ULO_OTP_All_Validation_Tests" classname="com.symantec.vip.automation.ConfigurationImportTest_kesav" time="0.983"/>
  <testcase name="Post_Import_ULO_OTP_All_Validation_Tests" classname="com.symantec.vip.automation.ConfigurationImportTest_kesav" time="1.346"/>
  <testcase name="Post_Import_ULO_OTP_All_Validation_Tests" classname="com.symantec.vip.automation.ConfigurationImportTest_kesav" time="0.981"/>
  <testcase name="Post_Import_ULO_OTP_All_Validation_Tests" classname="com.symantec.vip.automation.ConfigurationImportTest_kesav" time="0.822"/>
  <testcase name="Post_Import_ULO_OTP_All_Validation_Tests" classname="com.symantec.vip.automation.ConfigurationImportTest_kesav" time="0.84"/>
  <testcase name="Post_Import_ULO_OTP_All_Validation_Tests" classname="com.symantec.vip.automation.ConfigurationImportTest_kesav" time="0.939"/>
  <testcase name="Post_Import_ULO_OTP_All_Validation_Tests" classname="com.symantec.vip.automation.ConfigurationImportTest_kesav" time="1.011"/>
  <testcase name="Post_Import_ULO_OTP_All_Validation_Tests" classname="com.symantec.vip.automation.ConfigurationImportTest_kesav" time="0.942"/>
  <testcase name="Post_Import_ULO_OTP_All_Validation_Tests" classname="com.symantec.vip.automation.ConfigurationImportTest_kesav" time="1.255"/>
  <testcase name="Post_Import_ULO_OTP_All_Validation_Tests" classname="com.symantec.vip.automation.ConfigurationImportTest_kesav" time="0.769"/>
  <testcase name="Post_Import_ULO_OTP_All_Validation_Tests" classname="com.symantec.vip.automation.ConfigurationImportTest_kesav" time="0.979"/>
  <testcase name="Post_Import_ULO_OTP_All_Validation_Tests" classname="com.symantec.vip.automation.ConfigurationImportTest_kesav" time="0.946"/>
  <testcase name="Post_Import_ULO_OTP_All_Validation_Tests" classname="com.symantec.vip.automation.ConfigurationImportTest_kesav" time="0.745"/>
  <testcase name="Post_Import_ULO_OTP_All_Validation_Tests" classname="com.symantec.vip.automation.ConfigurationImportTest_kesav" time="0.735"/>
  <testcase name="Post_Import_ULO_OTP_All_Validation_Tests" classname="com.symantec.vip.automation.ConfigurationImportTest_kesav" time="0.764"/>
  <testcase name="Post_Import_ULO_OTP_All_Validation_Tests" classname="com.symantec.vip.automation.ConfigurationImportTest_kesav" time="0.758"/>
  <testcase name="Post_Import_ULO_OTP_All_Validation_Tests" classname="com.symantec.vip.automation.ConfigurationImportTest_kesav" time="0.762"/>
  <testcase name="Post_Import_ULO_OTP_All_Validation_Tests" classname="com.symantec.vip.automation.ConfigurationImportTest_kesav" time="3.046"/>
  <testcase name="Post_Import_ULO_OTP_All_Validation_Tests" classname="com.symantec.vip.automation.ConfigurationImportTest_kesav" time="3.037"/>
  <testcase name="Post_Import_ULO_OTP_All_Validation_Tests" classname="com.symantec.vip.automation.ConfigurationImportTest_kesav" time="3.026"/>
  <testcase name="Post_Import_ULO_OTP_All_Validation_Tests" classname="com.symantec.vip.automation.ConfigurationImportTest_kesav" time="0.772"/>
  <testcase name="Post_Import_ULO_OTP_All_Validation_Tests" classname="com.symantec.vip.automation.ConfigurationImportTest_kesav" time="0.908"/>
  <testcase name="Post_Import_ULO_OTP_All_Validation_Tests" classname="com.symantec.vip.automation.ConfigurationImportTest_kesav" time="0.742"/>
  <testcase name="Post_Import_ULO_OTP_All_Validation_Tests" classname="com.symantec.vip.automation.ConfigurationImportTest_kesav" time="0.747"/>
  <testcase name="Post_Import_ULO_OTP_All_Validation_Tests" classname="com.symantec.vip.automation.ConfigurationImportTest_kesav" time="0.984"/>
  <testcase name="Post_Import_ULO_OTP_All_Validation_Tests" classname="com.symantec.vip.automation.ConfigurationImportTest_kesav" time="0.772"/>
  <testcase name="Post_Import_ULO_OTP_All_Validation_Tests" classname="com.symantec.vip.automation.ConfigurationImportTest_kesav" time="1.048"/>
  <testcase name="Post_Import_ULO_OTP_All_Validation_Tests" classname="com.symantec.vip.automation.ConfigurationImportTest_kesav" time="0.819"/>
  <testcase name="Post_Import_ULO_OTP_All_Validation_Tests" classname="com.symantec.vip.automation.ConfigurationImportTest_kesav" time="0.96"/>
  <testcase name="Post_Import_ULO_OTP_All_Validation_Tests" classname="com.symantec.vip.automation.ConfigurationImportTest_kesav" time="0.924"/>
  <testcase name="Post_Import_ULO_OTP_All_Validation_Tests" classname="com.symantec.vip.automation.ConfigurationImportTest_kesav" time="0.724"/>
  <testcase name="Post_Import_ULO_OTP_All_Validation_Tests" classname="com.symantec.vip.automation.ConfigurationImportTest_kesav" time="0.724"/>
  <testcase name="Post_Import_ULO_OTP_All_Validation_Tests" classname="com.symantec.vip.automation.ConfigurationImportTest_kesav" time="0.727"/>
  <testcase name="Post_Import_ULO_OTP_All_Validation_Tests" classname="com.symantec.vip.automation.ConfigurationImportTest_kesav" time="0.726"/>
  <testcase name="Post_Import_ULO_OTP_All_Validation_Tests" classname="com.symantec.vip.automation.ConfigurationImportTest_kesav" time="0.744"/>
  <testcase name="Post_Import_ULO_OTP_All_Validation_Tests" classname="com.symantec.vip.automation.ConfigurationImportTest_kesav" time="0.723"/>
  <testcase name="Post_Import_ULO_OTP_All_Validation_Tests" classname="com.symantec.vip.automation.ConfigurationImportTest_kesav" time="0.881"/>
  <testcase name="Post_Import_ULO_OTP_All_Validation_Tests" classname="com.symantec.vip.automation.ConfigurationImportTest_kesav" time="0.745"/>
  <testcase name="Post_Import_ULO_OTP_All_Validation_Tests" classname="com.symantec.vip.automation.ConfigurationImportTest_kesav" time="0.986"/>
  <testcase name="Post_Import_ULO_OTP_All_Validation_Tests" classname="com.symantec.vip.automation.ConfigurationImportTest_kesav" time="3.001"/>
  <testcase name="Post_Import_ULO_OTP_All_Validation_Tests" classname="com.symantec.vip.automation.ConfigurationImportTest_kesav" time="2.995"/>
  <testcase name="Post_Import_ULO_OTP_All_Validation_Tests" classname="com.symantec.vip.automation.ConfigurationImportTest_kesav" time="3.003"/>
  <testcase name="Post_Import_ULO_OTP_All_Validation_Tests" classname="com.symantec.vip.automation.ConfigurationImportTest_kesav" time="0.73"/>
  <testcase name="Post_Import_ULO_OTP_All_Validation_Tests" classname="com.symantec.vip.automation.ConfigurationImportTest_kesav" time="0.904"/>
  <testcase name="Post_Import_ULO_OTP_All_Validation_Tests" classname="com.symantec.vip.automation.ConfigurationImportTest_kesav" time="0.726"/>
  <testcase name="Post_Import_ULO_OTP_All_Validation_Tests" classname="com.symantec.vip.automation.ConfigurationImportTest_kesav" time="0.727"/>
  <testcase name="Post_Import_ULO_OTP_All_Validation_Tests" classname="com.symantec.vip.automation.ConfigurationImportTest_kesav" time="0.922"/>
  <testcase name="Post_Import_ULO_OTP_All_Validation_Tests" classname="com.symantec.vip.automation.ConfigurationImportTest_kesav" time="0.745"/>
  <testcase name="Post_Import_ULO_OTP_All_Validation_Tests" classname="com.symantec.vip.automation.ConfigurationImportTest_kesav" time="0.711"/>
  <testcase name="Post_Import_ULO_OTP_All_Validation_Tests" classname="com.symantec.vip.automation.ConfigurationImportTest_kesav" time="0.734"/>
  <testcase name="Post_Import_ULO_OTP_All_Validation_Tests" classname="com.symantec.vip.automation.ConfigurationImportTest_kesav" time="0.954"/>
  <testcase name="Post_Import_ULO_OTP_All_Validation_Tests" classname="com.symantec.vip.automation.ConfigurationImportTest_kesav" time="0.95"/>
  <testcase name="Post_Import_ULO_OTP_All_Validation_Tests" classname="com.symantec.vip.automation.ConfigurationImportTest_kesav" time="0.737"/>
  <testcase name="Post_Import_ULO_OTP_All_Validation_Tests" classname="com.symantec.vip.automation.ConfigurationImportTest_kesav" time="0.716"/>
  <testcase name="Post_Import_ULO_OTP_All_Validation_Tests" classname="com.symantec.vip.automation.ConfigurationImportTest_kesav" time="0.72"/>
  <testcase name="Post_Import_ULO_OTP_All_Validation_Tests" classname="com.symantec.vip.automation.ConfigurationImportTest_kesav" time="0.709"/>
  <testcase name="Post_Import_ULO_OTP_All_Validation_Tests" classname="com.symantec.vip.automation.ConfigurationImportTest_kesav" time="0.716"/>
  <testcase name="Post_Import_ULO_OTP_All_Validation_Tests" classname="com.symantec.vip.automation.ConfigurationImportTest_kesav" time="0.898"/>
  <testcase name="Post_Import_ULO_OTP_All_Validation_Tests" classname="com.symantec.vip.automation.ConfigurationImportTest_kesav" time="1.084"/>
  <testcase name="Post_Import_ULO_OTP_All_Validation_Tests" classname="com.symantec.vip.automation.ConfigurationImportTest_kesav" time="0.888"/>
  <testcase name="Post_Import_ULO_OTP_All_Validation_Tests" classname="com.symantec.vip.automation.ConfigurationImportTest_kesav" time="0.702"/>
  <testcase name="Post_Import_ULO_OTP_All_Validation_Tests" classname="com.symantec.vip.automation.ConfigurationImportTest_kesav" time="2.966"/>
  <testcase name="Post_Import_ULO_OTP_All_Validation_Tests" classname="com.symantec.vip.automation.ConfigurationImportTest_kesav" time="2.971"/>
  <testcase name="Post_Import_ULO_OTP_All_Validation_Tests" classname="com.symantec.vip.automation.ConfigurationImportTest_kesav" time="2.95"/>
  <testcase name="Post_Import_ULO_OTP_All_Validation_Tests" classname="com.symantec.vip.automation.ConfigurationImportTest_kesav" time="0.903"/>
  <testcase name="Post_Import_ULO_OTP_All_Validation_Tests" classname="com.symantec.vip.automation.ConfigurationImportTest_kesav" time="0.688"/>
  <testcase name="Post_Import_ULO_OTP_All_Validation_Tests" classname="com.symantec.vip.automation.ConfigurationImportTest_kesav" time="0.682"/>
  <testcase name="Post_Import_ULO_OTP_All_Validation_Tests" classname="com.symantec.vip.automation.ConfigurationImportTest_kesav" time="0.708"/>
  <testcase name="Post_Import_ULO_OTP_All_Validation_Tests" classname="com.symantec.vip.automation.ConfigurationImportTest_kesav" time="0.902"/>
  <testcase name="Post_Import_ULO_OTP_All_Validation_Tests" classname="com.symantec.vip.automation.ConfigurationImportTest_kesav" time="2.1"/>
  <testcase name="Post_Import_ULO_OTP_All_Validation_Tests" classname="com.symantec.vip.automation.ConfigurationImportTest_kesav" time="0.807"/>
  <testcase name="Post_Import_ULO_OTP_All_Validation_Tests" classname="com.symantec.vip.automation.ConfigurationImportTest_kesav" time="0.703"/>
  <testcase name="Post_Import_ULO_OTP_All_Validation_Tests" classname="com.symantec.vip.automation.ConfigurationImportTest_kesav" time="0.698"/>
  <testcase name="Post_Import_ULO_OTP_All_Validation_Tests" classname="com.symantec.vip.automation.ConfigurationImportTest_kesav" time="0.729"/>
  <testcase name="Post_Import_ULO_OTP_All_Validation_Tests" classname="com.symantec.vip.automation.ConfigurationImportTest_kesav" time="0.703"/>
  <testcase name="Post_Import_ULO_OTP_All_Validation_Tests" classname="com.symantec.vip.automation.ConfigurationImportTest_kesav" time="0.91"/>
  <testcase name="Post_Import_ULO_OTP_All_Validation_Tests" classname="com.symantec.vip.automation.ConfigurationImportTest_kesav" time="0.667"/>
  <testcase name="Post_Import_ULO_OTP_All_Validation_Tests" classname="com.symantec.vip.automation.ConfigurationImportTest_kesav" time="0.701"/>
  <testcase name="Post_Import_ULO_OTP_All_Validation_Tests" classname="com.symantec.vip.automation.ConfigurationImportTest_kesav" time="0.661"/>
  <testcase name="Post_Import_ULO_OTP_All_Validation_Tests" classname="com.symantec.vip.automation.ConfigurationImportTest_kesav" time="0.676"/>
  <testcase name="Post_Import_ULO_OTP_All_Validation_Tests" classname="com.symantec.vip.automation.ConfigurationImportTest_kesav" time="0.701"/>
  <testcase name="Post_Import_ULO_OTP_All_Validation_Tests" classname="com.symantec.vip.automation.ConfigurationImportTest_kesav" time="0.687"/>
  <testcase name="Post_Import_ULO_OTP_All_Validation_Tests" classname="com.symantec.vip.automation.ConfigurationImportTest_kesav" time="0.707"/>
  <testcase name="Post_Import_ULO_OTP_All_Validation_Tests" classname="com.symantec.vip.automation.ConfigurationImportTest_kesav" time="2.965"/>
  <testcase name="Post_Import_ULO_OTP_All_Validation_Tests" classname="com.symantec.vip.automation.ConfigurationImportTest_kesav" time="3.002"/>
  <testcase name="Post_Import_ULO_OTP_All_Validation_Tests" classname="com.symantec.vip.automation.ConfigurationImportTest_kesav" time="2.979"/>
  <testcase name="Post_Import_ULO_OTP_All_Validation_Tests" classname="com.symantec.vip.automation.ConfigurationImportTest_kesav" time="0.728"/>
  <testcase name="Post_Import_ULO_OTP_All_Validation_Tests" classname="com.symantec.vip.automation.ConfigurationImportTest_kesav" time="0.684"/>
  <testcase name="Post_Import_ULO_OTP_All_Validation_Tests" classname="com.symantec.vip.automation.ConfigurationImportTest_kesav" time="0.717"/>
  <testcase name="Post_Import_ULO_OTP_All_Validation_Tests" classname="com.symantec.vip.automation.ConfigurationImportTest_kesav" time="0.706"/>
  <testcase name="Post_Import_ULO_OTP_All_Validation_Tests" classname="com.symantec.vip.automation.ConfigurationImportTest_kesav" time="0.873"/>
  <testcase name="Post_Import_ULO_OTP_All_Validation_Tests" classname="com.symantec.vip.automation.ConfigurationImportTest_kesav" time="0.9"/>
  <testcase name="Post_Import_ULO_OTP_All_Validation_Tests" classname="com.symantec.vip.automation.ConfigurationImportTest_kesav" time="0.692"/>
  <testcase name="Post_Import_ULO_OTP_All_Validation_Tests" classname="com.symantec.vip.automation.ConfigurationImportTest_kesav" time="0.704"/>
  <testcase name="Post_Import_ULO_OTP_All_Validation_Tests" classname="com.symantec.vip.automation.ConfigurationImportTest_kesav" time="0.717"/>
  <testcase name="Post_Import_ULO_OTP_All_Validation_Tests" classname="com.symantec.vip.automation.ConfigurationImportTest_kesav" time="0.901"/>
  <testcase name="Post_Import_ULO_OTP_All_Validation_Tests" classname="com.symantec.vip.automation.ConfigurationImportTest_kesav" time="0.911"/>
  <testcase name="Post_Import_ULO_OTP_All_Validation_Tests" classname="com.symantec.vip.automation.ConfigurationImportTest_kesav" time="0.699"/>
  <testcase name="Post_Import_ULO_OTP_All_Validation_Tests" classname="com.symantec.vip.automation.ConfigurationImportTest_kesav" time="0.565"/>
  <testcase name="Post_Import_ULO_OTP_All_Validation_Tests" classname="com.symantec.vip.automation.ConfigurationImportTest_kesav" time="0.559"/>
  <testcase name="Post_Import_ULO_OTP_All_Validation_Tests" classname="com.symantec.vip.automation.ConfigurationImportTest_kesav" time="0.543"/>
  <testcase name="Post_Import_ULO_OTP_All_Validation_Tests" classname="com.symantec.vip.automation.ConfigurationImportTest_kesav" time="0.547"/>
  <testcase name="Post_Import_ULO_OTP_All_Validation_Tests" classname="com.symantec.vip.automation.ConfigurationImportTest_kesav" time="0.571"/>
  <testcase name="Post_Import_ULO_OTP_All_Validation_Tests" classname="com.symantec.vip.automation.ConfigurationImportTest_kesav" time="0.561"/>
  <testcase name="Post_Import_ULO_OTP_All_Validation_Tests" classname="com.symantec.vip.automation.ConfigurationImportTest_kesav" time="0.542"/>
  <testcase name="Post_Import_ULO_OTP_All_Validation_Tests" classname="com.symantec.vip.automation.ConfigurationImportTest_kesav" time="0.549"/>
  <testcase name="Post_Import_ULO_OTP_All_Validation_Tests" classname="com.symantec.vip.automation.ConfigurationImportTest_kesav" time="0.713"/>
  <testcase name="Post_Import_ULO_OTP_All_Validation_Tests" classname="com.symantec.vip.automation.ConfigurationImportTest_kesav" time="0.751"/>
  <testcase name="Post_Import_ULO_OTP_All_Validation_Tests" classname="com.symantec.vip.automation.ConfigurationImportTest_kesav" time="0.91"/>
  <testcase name="Post_Import_ULO_OTP_All_Validation_Tests" classname="com.symantec.vip.automation.ConfigurationImportTest_kesav" time="0.702"/>
  <testcase name="Post_Import_ULO_OTP_All_Validation_Tests" classname="com.symantec.vip.automation.ConfigurationImportTest_kesav" time="0.706"/>
  <testcase name="Post_Import_ULO_OTP_All_Validation_Tests" classname="com.symantec.vip.automation.ConfigurationImportTest_kesav" time="0.728"/>
  <testcase name="Post_Import_ULO_OTP_All_Validation_Tests" classname="com.symantec.vip.automation.ConfigurationImportTest_kesav" time="0.679"/>
  <testcase name="Post_Import_ULO_OTP_All_Validation_Tests" classname="com.symantec.vip.automation.ConfigurationImportTest_kesav" time="0.943"/>
  <testcase name="Post_Import_ULO_OTP_All_Validation_Tests" classname="com.symantec.vip.automation.ConfigurationImportTest_kesav" time="0.747"/>
  <testcase name="Post_Import_ULO_OTP_All_Validation_Tests" classname="com.symantec.vip.automation.ConfigurationImportTest_kesav" time="0.573"/>
  <testcase name="Post_Import_ULO_OTP_All_Validation_Tests" classname="com.symantec.vip.automation.ConfigurationImportTest_kesav" time="0.595"/>
  <testcase name="Post_Import_ULO_OTP_All_Validation_Tests" classname="com.symantec.vip.automation.ConfigurationImportTest_kesav" time="0.548"/>
  <testcase name="Post_Import_ULO_OTP_All_Validation_Tests" classname="com.symantec.vip.automation.ConfigurationImportTest_kesav" time="0.566"/>
  <testcase name="Post_Import_ULO_OTP_All_Validation_Tests" classname="com.symantec.vip.automation.ConfigurationImportTest_kesav" time="0.573"/>
  <testcase name="Post_Import_ULO_OTP_All_Validation_Tests" classname="com.symantec.vip.automation.ConfigurationImportTest_kesav" time="0.553"/>
  <testcase name="Post_Import_ULO_OTP_All_Validation_Tests" classname="com.symantec.vip.automation.ConfigurationImportTest_kesav" time="0.572"/>
  <testcase name="Post_Import_ULO_Push_All_Validation_Tests" classname="com.symantec.vip.automation.ConfigurationImportTest_kesav" time="29.786"/>
  <testcase name="Post_Import_ULO_Push_All_Validation_Tests" classname="com.symantec.vip.automation.ConfigurationImportTest_kesav" time="29.552"/>
  <testcase name="Post_Import_ULO_Push_All_Validation_Tests" classname="com.symantec.vip.automation.ConfigurationImportTest_kesav" time="29.076">
    <failure message="Reason Code Received:0. Meaning: Received Access-Accept from server Additional message was Received access-accept as immediate response from server&#10; expected [access-reject] but found [access-accept]" type="java.lang.AssertionError">java.lang.AssertionError: Reason Code Received:0. Meaning: Received Access-Accept from server Additional message was Received access-accept as immediate response from server
 expected [access-reject] but found [access-accept]
	at org.testng.Assert.fail(Assert.java:94)
	at org.testng.Assert.failNotEquals(Assert.java:494)
	at org.testng.Assert.assertEquals(Assert.java:123)
	at org.testng.Assert.assertEquals(Assert.java:176)
	at com.symantec.vip.automation.eg.radius.RadiusTestHelper.ValidateTestResult(RadiusTestHelper.java:262)
	at com.symantec.vip.automation.eg.radius.RadiusTestHelper.InvokeRadiusTests(RadiusTestHelper.java:117)
	at com.symantec.vip.automation.ConfigurationImportTest_kesav.Post_Import_ULO_Push_All_Validation_Tests(ConfigurationImportTest_kesav.java:181)
</failure>
    <system-out><![CDATA[2019-07-03 11:44:41,339  INFO [main] (TestListener.java:30) - **********Thread-1: ENDING TEST: << Post_Import_ULO_Push_All_Validation_Tests >> PASSED**********
2019-07-03 11:44:41,363  INFO [main] (TestListener.java:25) - **********Thread-1: STARTING TEST: << Post_Import_ULO_Push_All_Validation_Tests >>**********
2019-07-03 11:44:41,363  INFO [main] (ConfigurationImportTest_kesav.java:178) - Thread-1: **********Configuration for this test is**********{linux_build_mount_directory=/mnt/build, pass_encoding=utf-8, delegation_status=false, enable_push=true, user_pin=null, confirm_rad_shared=password, validation_server_host=10.7.147.64, login_protocol=http, build_no=null, tomcat_home_linux=/home/vipadmin/Automation/apache-tomcat, linux_sudo_password=vipadmin@1, ssl_hostname=vip33-win8-p1-a, vip_manager_url=manager.qa.vip.symc.io, expected-return-packet-type=access-reject, ssp_securitycode=494949, mode=ulopush, login_password=password, user_otp=null, vip_ssp_url=ssp.qa.vip.symc.io, validation_server_name=ULO_Push, is_https_console=false, enable_syslog=yes, no_of_files_to_keep=5, server_context=windows2016x64, validation_server_shared_secret=password, product_source_version=9.8.4, enable-radius-ldap-mapping=false, import_configuration_dir=/Users/vipeg/Documents/Automation/Resources/importfiles, log_level=DEBUG, login_username=admin, vip_certficate_type=HA, vip_service_url=userservices-auth.qa.vip.symc.io, local_ip=null, tomcat_home_windows=c:\apache-tomcat, update_to_version=9.5.0.0130, push-action=deny, selected_env=qa, server_port=18325, expected-return-code=28, use_ldap_username=true, test_scenario=Post_Import_ULO_With_Push - Push auth   >> Access-Reject, vip_jks_certificate_path=/Users/vipeg/Documents/Automation/Resources, minimum_eg_version=9.5.0, login_port=8232, credential_automationorg=SYMZ19832727, user_name=pushuser, build_share_password=1Password, remote_action=CheckConfigurationStatus, remote_service_name=null, user_ldap_password=1Password, push_shared_secret=null, vip_certificate_path=/Users/vipeg/Documents/Automation/Resources/VIPCert, log_rot_level=5, expected_result=true, bc_mode=disabled, build_share_username=build, delegation_host=null, linux_install_directory=/app/Symantec/VIP_Enterprise_Gateway, vip_certificate_password=1Password, eg_server_host=10.7.147.64, build_share=//10.7.147.59/build, root_cert_path=/Users/vipeg/Documents/Automation/Resources/root_cert, thread_pool_size=20, push_timeout=null, push_supported=false, java_code_coverage_host=10.7.147.59, credential_automationdelegationorg=VSMT14534679}
2019-07-03 11:44:41,364  INFO [main] (TestDriverHelper.java:171) - Thread-1: Source version 9.8.4 is higher than the supported version 9.5.0, so continuing with EXECUTION
2019-07-03 11:44:56,405  INFO [main] (RestClient.java:29) - Thread-1: Invoking Remote Action Call for the action CheckConfigurationStatus
2019-07-03 11:44:56,405  INFO [main] (RestClient.java:30) - Thread-1: Invoking REST API: http://10.7.147.64:8080/EG_SERVER_AGENT/vipeg/root/PerformRemoteAction
2019-07-03 11:44:56,405  INFO [main] (RestClient.java:33) - Thread-1: Required configuration for the remote action is:{"linux_build_mount_directory":"/mnt/build","pass_encoding":"utf-8","delegation_status":"false","enable_push":"true","confirm_rad_shared":"password","validation_server_host":"10.7.147.64","login_protocol":"http","tomcat_home_linux":"/home/vipadmin/Automation/apache-tomcat","linux_sudo_password":"vipadmin@1","ssl_hostname":"vip33-win8-p1-a","vip_manager_url":"manager.qa.vip.symc.io","expected-return-packet-type":"access-reject","ssp_securitycode":"494949","mode":"ulopush","login_password":"password","vip_ssp_url":"ssp.qa.vip.symc.io","validation_server_name":"ULO_Push","is_https_console":"false","enable_syslog":"yes","no_of_files_to_keep":"5","server_context":"windows2016x64","validation_server_shared_secret":"password","product_source_version":"9.8.4","enable-radius-ldap-mapping":"false","import_configuration_dir":"/Users/vipeg/Documents/Automation/Resources/importfiles","log_level":"DEBUG","login_username":"admin","vip_certficate_type":"HA","vip_service_url":"userservices-auth.qa.vip.symc.io","tomcat_home_windows":"c:\\apache-tomcat","update_to_version":"9.5.0.0130","push-action":"deny","selected_env":"qa","server_port":"18325","expected-return-code":"28","use_ldap_username":"true","test_scenario":"Post_Import_ULO_With_Push - Push auth   \u003e\u003e Access-Reject","vip_jks_certificate_path":"/Users/vipeg/Documents/Automation/Resources","minimum_eg_version":"9.5.0","login_port":"8232","credential_automationorg":"SYMZ19832727","user_name":"pushuser","build_share_password":"1Password","remote_action":"CheckConfigurationStatus","user_ldap_password":"1Password","vip_certificate_path":"/Users/vipeg/Documents/Automation/Resources/VIPCert","log_rot_level":"5","expected_result":"true","bc_mode":"disabled","build_share_username":"build","linux_install_directory":"/app/Symantec/VIP_Enterprise_Gateway","vip_certificate_password":"1Password","eg_server_host":"10.7.147.64","build_share":"//10.7.147.59/build","root_cert_path":"/Users/vipeg/Documents/Automation/Resources/root_cert","thread_pool_size":"20","push_supported":"false","java_code_coverage_host":"10.7.147.59","credential_automationdelegationorg":"VSMT14534679"}
2019-07-03 11:44:56,878  INFO [main] (RestClient.java:40) - Thread-1: Configuration Status received from server is: {"build_no":"9.8.5.66","remote_action_status":"done","ULO_Push":"not_ready","vip_cert_status":"not_ready"}
2019-07-03 11:44:56,878  INFO [main] (RadiusTestHelper.java:50) - Recoginized as PUSH scenario, so prefexing OS format to avoid conflict
2019-07-03 11:44:56,878  INFO [main] (RadiusTestHelper.java:566) - Thread-1: username after the the OS prefix is windows_pushuser
2019-07-03 11:44:56,879  INFO [main] (RadiusTestHelper.java:52) - Thread-1: Creating an appium thread
2019-07-03 11:44:56,879  INFO [main] (RadiusTestHelper.java:54) - Thread-1: server context was windows2016x64
2019-07-03 11:44:56,880  INFO [ATmain] (AppiumThread.java:16) - Thread-89: Invoking Appium Thread to act on push notification
2019-07-03 11:44:56,880  INFO [ATmain] (AppiumTests.java:22) - Thread-89: Appium Action is MAKEDRIVER
2019-07-03 11:44:56,880  INFO [ATmain] (AppiumTests.java:24) - Thread-89: No existing driver found, so making a new appium driver
2019-07-03 11:44:56,882  INFO [ATmain] (LocalAppiumDriverFactory.java:58) - Thread-89: Initiating Appium Driver, Capabilities are: 
Capabilities [{app=/Users/vipeg/Documents/Automation/apk/3_0/app.apk, appPackage=com.verisign.mvip.main, noReset=true, newCommandTimeout=120, platformVersion=/Users/vipeg/Documents/Automation/apk/3_0/app.apk, platformName=Android, udid=YT9100BDP5, deviceName=Sony Experia, autoAcceptAlerts=true}]
2019-07-03 11:44:56,883  INFO [ATmain] (LocalAppiumDriverFactory.java:61) - Thread-89: Create Android Session: URL is http://127.0.0.1:4998/wd/hub
2019-07-03 11:44:56,891  INFO [main] (RadiusTestHelper.java:66) - Thread-1: Sending a validation request
2019-07-03 11:44:56,892  INFO [main] (RadiusTestHelper.java:101) - Thread-1: User name is: windows_pushuser
2019-07-03 11:44:56,892  INFO [main] (RadiusTestHelper.java:102) - Thread-1: Invoking validation request
2019-07-03 11:44:56,893  INFO [ATmain] (AppiumThread.java:16) - Thread-90: Invoking Appium Thread to act on push notification
2019-07-03 11:44:56,893  INFO [ATmain] (AppiumTests.java:22) - Thread-90: Appium Action is DENY
2019-07-03 11:44:56,918  INFO [main] (RestClient.java:29) - Thread-1: Invoking Remote Action Call for the action InvokeRadiusCall
2019-07-03 11:44:56,918  INFO [main] (RestClient.java:30) - Thread-1: Invoking REST API: http://10.7.147.64:8080/EG_SERVER_AGENT/vipeg/root/PerformRemoteAction
2019-07-03 11:44:56,918  INFO [main] (RestClient.java:33) - Thread-1: Required configuration for the remote action is:{"linux_build_mount_directory":"/mnt/build","pass_encoding":"utf-8","delegation_status":"false","enable_push":"true","confirm_rad_shared":"password","validation_server_host":"10.7.147.64","login_protocol":"http","tomcat_home_linux":"/home/vipadmin/Automation/apache-tomcat","linux_sudo_password":"vipadmin@1","ssl_hostname":"vip33-win8-p1-a","vip_manager_url":"manager.qa.vip.symc.io","expected-return-packet-type":"access-reject","ssp_securitycode":"494949","mode":"ulopush","login_password":"password","vip_ssp_url":"ssp.qa.vip.symc.io","validation_server_name":"ULO_Push","is_https_console":"false","enable_syslog":"yes","no_of_files_to_keep":"5","server_context":"windows2016x64","validation_server_shared_secret":"password","product_source_version":"9.8.4","enable-radius-ldap-mapping":"false","import_configuration_dir":"/Users/vipeg/Documents/Automation/Resources/importfiles","log_level":"DEBUG","login_username":"admin","vip_certficate_type":"HA","vip_service_url":"userservices-auth.qa.vip.symc.io","tomcat_home_windows":"c:\\apache-tomcat","update_to_version":"9.5.0.0130","push-action":"deny","selected_env":"qa","server_port":"18325","expected-return-code":"28","use_ldap_username":"true","test_scenario":"Post_Import_ULO_With_Push - Push auth   \u003e\u003e Access-Reject","vip_jks_certificate_path":"/Users/vipeg/Documents/Automation/Resources","minimum_eg_version":"9.5.0","login_port":"8232","credential_automationorg":"SYMZ19832727","user_name":"windows_pushuser","build_share_password":"1Password","remote_action":"InvokeRadiusCall","user_ldap_password":"1Password","vip_certificate_path":"/Users/vipeg/Documents/Automation/Resources/VIPCert","log_rot_level":"5","expected_result":"true","bc_mode":"disabled","build_share_username":"build","linux_install_directory":"/app/Symantec/VIP_Enterprise_Gateway","vip_certificate_password":"1Password","eg_server_host":"10.7.147.64","build_share":"//10.7.147.59/build","root_cert_path":"/Users/vipeg/Documents/Automation/Resources/root_cert","thread_pool_size":"20","push_supported":"false","java_code_coverage_host":"10.7.147.59","credential_automationdelegationorg":"VSMT14534679"}
2019-07-03 11:45:10,428  INFO [main] (RestClient.java:40) - Thread-1: Configuration Status received from server is: {"radius_packet_type":"access-accept","radius_reply_message":"reason\u003d0\u0026tokenid\u003dSYMC27174666; Success","remote_action_status":"done","additional_message":"Received access-accept as immediate response from server"}
2019-07-03 11:45:10,429  INFO [main] (RadiusTestHelper.java:175) - Thread-1: reply message was:reason=0&tokenid=SYMC27174666; Success
2019-07-03 11:45:10,429  INFO [main] (RadiusTestHelper.java:504) - Thread-1: Parsing REASON CODE from REPLY MESSAGE: reason=0&tokenid=SYMC27174666; Success
2019-07-03 11:45:10,429  INFO [main] (RadiusTestHelper.java:181) - Thread-1: Received the return code during 1st validation request was: 0
2019-07-03 11:45:10,429  INFO [main] (RadiusTestHelper.java:260) - Thread-1: Return code received from Validation server is 0
]]></system-out>
    <system-err><![CDATA[org.openqa.selenium.remote.UnreachableBrowserException: Could not start a new session. Possible causes are invalid address of the remote server or browser start-up failure.
Build info: version: '2.53.1', revision: 'a36b8b1cd5757287168e54b817830adce9b0158d', time: '2016-06-30 19:26:09'
System info: host: 'Kesavs-MacBook-Air.local', ip: '10.223.60.124', os.name: 'Mac OS X', os.arch: 'x86_64', os.version: '10.12.6', java.version: '1.8.0_131'
Driver info: driver.version: AndroidDriver
	at org.openqa.selenium.remote.RemoteWebDriver.execute(RemoteWebDriver.java:665)
	at io.appium.java_client.DefaultGenericMobileDriver.execute(DefaultGenericMobileDriver.java:42)
	at io.appium.java_client.AppiumDriver.execute(AppiumDriver.java:1)
	at io.appium.java_client.android.AndroidDriver.execute(AndroidDriver.java:1)
	at org.openqa.selenium.remote.RemoteWebDriver.startSession(RemoteWebDriver.java:249)
	at org.openqa.selenium.remote.RemoteWebDriver.<init>(RemoteWebDriver.java:131)
	at org.openqa.selenium.remote.RemoteWebDriver.<init>(RemoteWebDriver.java:144)
	at io.appium.java_client.DefaultGenericMobileDriver.<init>(DefaultGenericMobileDriver.java:37)
	at io.appium.java_client.AppiumDriver.<init>(AppiumDriver.java:160)
	at io.appium.java_client.AppiumDriver.<init>(AppiumDriver.java:168)
	at io.appium.java_client.android.AndroidDriver.<init>(AndroidDriver.java:69)
	at com.symantec.vip.automation.mobilepush.LocalAppiumDriverFactory.createInstance(LocalAppiumDriverFactory.java:62)
	at com.symantec.vip.automation.mobilepush.AppiumTests.actOnAppium(AppiumTests.java:25)
	at com.symantec.vip.automation.mobilepush.AppiumThread.run(AppiumThread.java:18)
	at java.lang.Thread.run(Thread.java:748)
Caused by: org.openqa.selenium.WebDriverException: org.apache.http.conn.HttpHostConnectException: Connect to 127.0.0.1:4998 [/127.0.0.1] failed: Connection refused (Connection refused)
Build info: version: '2.53.1', revision: 'a36b8b1cd5757287168e54b817830adce9b0158d', time: '2016-06-30 19:26:09'
System info: host: 'Kesavs-MacBook-Air.local', ip: '10.223.60.124', os.name: 'Mac OS X', os.arch: 'x86_64', os.version: '10.12.6', java.version: '1.8.0_131'
Driver info: driver.version: AndroidDriver
	at io.appium.java_client.remote.AppiumCommandExecutor.execute(AppiumCommandExecutor.java:64)
	at org.openqa.selenium.remote.RemoteWebDriver.execute(RemoteWebDriver.java:644)
	... 14 more
Caused by: org.apache.http.conn.HttpHostConnectException: Connect to 127.0.0.1:4998 [/127.0.0.1] failed: Connection refused (Connection refused)
	at org.apache.http.impl.conn.HttpClientConnectionOperator.connect(HttpClientConnectionOperator.java:140)
	at org.apache.http.impl.conn.PoolingHttpClientConnectionManager.connect(PoolingHttpClientConnectionManager.java:314)
	at org.apache.http.impl.execchain.MainClientExec.establishRoute(MainClientExec.java:363)
	at org.apache.http.impl.execchain.MainClientExec.execute(MainClientExec.java:219)
	at org.apache.http.impl.execchain.ProtocolExec.execute(ProtocolExec.java:195)
	at org.apache.http.impl.execchain.RetryExec.execute(RetryExec.java:86)
	at org.apache.http.impl.execchain.RedirectExec.execute(RedirectExec.java:108)
	at org.apache.http.impl.client.InternalHttpClient.doExecute(InternalHttpClient.java:186)
	at org.apache.http.impl.client.CloseableHttpClient.execute(CloseableHttpClient.java:72)
	at org.apache.http.impl.client.CloseableHttpClient.execute(CloseableHttpClient.java:57)
	at org.openqa.selenium.remote.internal.ApacheHttpClient.fallBackExecute(ApacheHttpClient.java:144)
	at org.openqa.selenium.remote.internal.ApacheHttpClient.execute(ApacheHttpClient.java:90)
	at org.openqa.selenium.remote.HttpCommandExecutor.execute(HttpCommandExecutor.java:142)
	at io.appium.java_client.remote.AppiumCommandExecutor.execute(AppiumCommandExecutor.java:52)
	... 15 more
Caused by: java.net.ConnectException: Connection refused (Connection refused)
	at java.net.PlainSocketImpl.socketConnect(Native Method)
	at java.net.AbstractPlainSocketImpl.doConnect(AbstractPlainSocketImpl.java:350)
	at java.net.AbstractPlainSocketImpl.connectToAddress(AbstractPlainSocketImpl.java:206)
	at java.net.AbstractPlainSocketImpl.connect(AbstractPlainSocketImpl.java:188)
	at java.net.SocksSocketImpl.connect(SocksSocketImpl.java:392)
	at java.net.Socket.connect(Socket.java:589)
	at org.apache.http.conn.socket.PlainConnectionSocketFactory.connectSocket(PlainConnectionSocketFactory.java:72)
	at org.apache.http.impl.conn.HttpClientConnectionOperator.connect(HttpClientConnectionOperator.java:117)
	... 28 more
java.lang.NullPointerException
	at com.symantec.vip.automation.mobile.screens.PushScreen.ActOnPushNotification(PushScreen.java:69)
	at com.symantec.vip.automation.mobilepush.AppiumTests.actOnAppium(AppiumTests.java:35)
	at com.symantec.vip.automation.mobilepush.AppiumThread.run(AppiumThread.java:18)
	at java.lang.Thread.run(Thread.java:748)
]]></system-err>
  </testcase>
  <testcase name="Post_Import_ULO_Push_All_Validation_Tests" classname="com.symantec.vip.automation.ConfigurationImportTest_kesav" time="30.486"/>
  <testcase name="Post_Import_ULO_Push_All_Validation_Tests" classname="com.symantec.vip.automation.ConfigurationImportTest_kesav" time="30.426"/>
  <testcase name="Post_Import_ULO_Push_All_Validation_Tests" classname="com.symantec.vip.automation.ConfigurationImportTest_kesav" time="30.403"/>
  <testcase name="Post_Import_ULO_Push_All_Validation_Tests" classname="com.symantec.vip.automation.ConfigurationImportTest_kesav" time="30.219"/>
  <testcase name="Post_Import_ULO_Push_All_Validation_Tests" classname="com.symantec.vip.automation.ConfigurationImportTest_kesav" time="30.396"/>
  <testcase name="Post_Import_ULO_Push_All_Validation_Tests" classname="com.symantec.vip.automation.ConfigurationImportTest_kesav" time="30.087"/>
  <testcase name="Post_Import_ULO_Push_All_Validation_Tests" classname="com.symantec.vip.automation.ConfigurationImportTest_kesav" time="29.194"/>
  <testcase name="Post_Import_ULO_Push_All_Validation_Tests" classname="com.symantec.vip.automation.ConfigurationImportTest_kesav" time="35.28"/>
  <testcase name="Post_Import_ULO_Push_All_Validation_Tests" classname="com.symantec.vip.automation.ConfigurationImportTest_kesav" time="29.535"/>
  <testcase name="Post_Import_ULO_Push_All_Validation_Tests" classname="com.symantec.vip.automation.ConfigurationImportTest_kesav" time="30.178"/>
  <testcase name="Post_Import_ULO_Push_All_Validation_Tests" classname="com.symantec.vip.automation.ConfigurationImportTest_kesav" time="29.047"/>
  <testcase name="Post_Import_ULO_Push_All_Validation_Tests" classname="com.symantec.vip.automation.ConfigurationImportTest_kesav" time="30.347"/>
  <testcase name="Post_Import_ULO_Push_All_Validation_Tests" classname="com.symantec.vip.automation.ConfigurationImportTest_kesav" time="30.295"/>
  <testcase name="Post_Import_ULO_Push_All_Validation_Tests" classname="com.symantec.vip.automation.ConfigurationImportTest_kesav" time="35.685"/>
  <testcase name="Post_Import_ULO_Push_All_Validation_Tests" classname="com.symantec.vip.automation.ConfigurationImportTest_kesav" time="37.767"/>
  <testcase name="Post_Import_ULO_Push_All_Validation_Tests" classname="com.symantec.vip.automation.ConfigurationImportTest_kesav" time="38.89"/>
  <testcase name="Post_Import_ULO_Push_All_Validation_Tests" classname="com.symantec.vip.automation.ConfigurationImportTest_kesav" time="35.662"/>
[...]
2019-07-03 12:11:51,575  INFO [main] (TestDriverHelper.java:171) - Thread-1: Source version 9.8.4 is higher than the supported version 9.7.0, so continuing with EXECUTION
2019-07-03 12:12:06,607  INFO [main] (RestClient.java:29) - Thread-1: Invoking Remote Action Call for the action CheckConfigurationStatus
2019-07-03 12:12:06,607  INFO [main] (RestClient.java:30) - Thread-1: Invoking REST API: http://10.7.147.64:8080/EG_SERVER_AGENT/vipeg/root/PerformRemoteAction
2019-07-03 12:12:06,607  INFO [main] (RestClient.java:33) - Thread-1: Required configuration for the remote action is:{"linux_build_mount_directory":"/mnt/build","pass_encoding":"utf-8","delegation_status":"false","enable_push":"true","confirm_rad_shared":"password","validation_server_host":"10.7.147.64","login_protocol":"http","tomcat_home_linux":"/home/vipadmin/Automation/apache-tomcat","linux_sudo_password":"vipadmin@1","ssl_hostname":"vip33-win8-p1-a","vip_manager_url":"manager.qa.vip.symc.io","expected-return-packet-type":"access-reject","ssp_securitycode":"494949","mode":"uo","login_password":"password","user_otp":"push","vip_ssp_url":"ssp.qa.vip.symc.io","validation_server_name":"UO_Push","is_https_console":"false","enable_syslog":"yes","no_of_files_to_keep":"4","server_context":"windows2016x64","validation_server_shared_secret":"password","product_source_version":"9.8.4","import_configuration_dir":"/Users/vipeg/Documents/Automation/Resources/importfiles","log_level":"DEBUG","login_username":"admin","vip_certficate_type":"HA","vip_service_url":"userservices-auth.qa.vip.symc.io","tomcat_home_windows":"c:\\apache-tomcat","update_to_version":"9.5.0.0130","push-action":"deny","selected_env":"qa","server_port":"18315","expected-return-code":"28","use_ldap_username":"true","test_scenario":"Post_Import_UOPush - Push auth - Deny \u003e\u003e Access-Reject","vip_jks_certificate_path":"/Users/vipeg/Documents/Automation/Resources","minimum_eg_version":"9.7.0","login_port":"8232","credential_automationorg":"SYMZ19832727","user_name":"pushuser","build_share_password":"1Password","remote_action":"CheckConfigurationStatus","vip_certificate_path":"/Users/vipeg/Documents/Automation/Resources/VIPCert","log_rot_level":"1","expected_result":"true","bc_mode":"disabled","build_share_username":"build","linux_install_directory":"/app/Symantec/VIP_Enterprise_Gateway","vip_certificate_password":"1Password","eg_server_host":"10.7.147.64","build_share":"//10.7.147.59/build","root_cert_path":"/Users/vipeg/Documents/Automation/Resources/root_cert","thread_pool_size":"20","push_supported":"false","java_code_coverage_host":"10.7.147.59","credential_automationdelegationorg":"VSMT14534679","enable_radius_toldap_mapping":"false"}
2019-07-03 12:12:07,089  INFO [main] (RestClient.java:40) - Thread-1: Configuration Status received from server is: {"build_no":"9.8.5.66","remote_action_status":"done","UO_Push":"not_ready","vip_cert_status":"not_ready"}
2019-07-03 12:12:07,089  INFO [main] (RadiusTestHelper.java:50) - Recoginized as PUSH scenario, so prefexing OS format to avoid conflict
2019-07-03 12:12:07,089  INFO [main] (RadiusTestHelper.java:566) - Thread-1: username after the the OS prefix is windows_pushuser
2019-07-03 12:12:07,090  INFO [main] (RadiusTestHelper.java:52) - Thread-1: Creating an appium thread
2019-07-03 12:12:07,090  INFO [main] (RadiusTestHelper.java:54) - Thread-1: server context was windows2016x64
2019-07-03 12:12:07,090  INFO [ATmain] (AppiumThread.java:16) - Thread-309: Invoking Appium Thread to act on push notification
2019-07-03 12:12:07,091  INFO [ATmain] (AppiumTests.java:22) - Thread-309: Appium Action is MAKEDRIVER
2019-07-03 12:12:07,091  INFO [ATmain] (AppiumTests.java:24) - Thread-309: No existing driver found, so making a new appium driver
2019-07-03 12:12:07,092  INFO [ATmain] (LocalAppiumDriverFactory.java:58) - Thread-309: Initiating Appium Driver, Capabilities are: 
Capabilities [{app=/Users/vipeg/Documents/Automation/apk/3_0/app.apk, appPackage=com.verisign.mvip.main, noReset=true, newCommandTimeout=120, platformVersion=/Users/vipeg/Documents/Automation/apk/3_0/app.apk, platformName=Android, udid=YT9100BDP5, deviceName=Sony Experia, autoAcceptAlerts=true}]
2019-07-03 12:12:07,092  INFO [ATmain] (LocalAppiumDriverFactory.java:61) - Thread-309: Create Android Session: URL is http://127.0.0.1:4998/wd/hub
2019-07-03 12:12:07,098  INFO [main] (RadiusTestHelper.java:66) - Thread-1: Sending a validation request
2019-07-03 12:12:07,098  INFO [main] (RadiusTestHelper.java:101) - Thread-1: User name is: windows_pushuser
2019-07-03 12:12:07,098  INFO [ATmain] (AppiumThread.java:16) - Thread-310: Invoking Appium Thread to act on push notification
2019-07-03 12:12:07,099  INFO [main] (RadiusTestHelper.java:102) - Thread-1: Invoking validation request
2019-07-03 12:12:07,099  INFO [ATmain] (AppiumTests.java:22) - Thread-310: Appium Action is DENY
2019-07-03 12:12:07,128  INFO [main] (RestClient.java:29) - Thread-1: Invoking Remote Action Call for the action InvokeRadiusCall
2019-07-03 12:12:07,129  INFO [main] (RestClient.java:30) - Thread-1: Invoking REST API: http://10.7.147.64:8080/EG_SERVER_AGENT/vipeg/root/PerformRemoteAction
2019-07-03 12:12:07,129  INFO [main] (RestClient.java:33) - Thread-1: Required configuration for the remote action is:{"linux_build_mount_directory":"/mnt/build","pass_encoding":"utf-8","delegation_status":"false","enable_push":"true","confirm_rad_shared":"password","validation_server_host":"10.7.147.64","login_protocol":"http","tomcat_home_linux":"/home/vipadmin/Automation/apache-tomcat","linux_sudo_password":"vipadmin@1","ssl_hostname":"vip33-win8-p1-a","vip_manager_url":"manager.qa.vip.symc.io","expected-return-packet-type":"access-reject","ssp_securitycode":"494949","mode":"uo","login_password":"password","user_otp":"push","vip_ssp_url":"ssp.qa.vip.symc.io","validation_server_name":"UO_Push","is_https_console":"false","enable_syslog":"yes","no_of_files_to_keep":"4","server_context":"windows2016x64","validation_server_shared_secret":"password","product_source_version":"9.8.4","import_configuration_dir":"/Users/vipeg/Documents/Automation/Resources/importfiles","log_level":"DEBUG","login_username":"admin","vip_certficate_type":"HA","vip_service_url":"userservices-auth.qa.vip.symc.io","tomcat_home_windows":"c:\\apache-tomcat","update_to_version":"9.5.0.0130","push-action":"deny","selected_env":"qa","server_port":"18315","expected-return-code":"28","use_ldap_username":"true","test_scenario":"Post_Import_UOPush - Push auth - Deny \u003e\u003e Access-Reject","vip_jks_certificate_path":"/Users/vipeg/Documents/Automation/Resources","minimum_eg_version":"9.7.0","login_port":"8232","credential_automationorg":"SYMZ19832727","user_name":"windows_pushuser","build_share_password":"1Password","remote_action":"InvokeRadiusCall","vip_certificate_path":"/Users/vipeg/Documents/Automation/Resources/VIPCert","log_rot_level":"1","expected_result":"true","bc_mode":"disabled","build_share_username":"build","linux_install_directory":"/app/Symantec/VIP_Enterprise_Gateway","vip_certificate_password":"1Password","eg_server_host":"10.7.147.64","build_share":"//10.7.147.59/build","root_cert_path":"/Users/vipeg/Documents/Automation/Resources/root_cert","thread_pool_size":"20","push_supported":"false","java_code_coverage_host":"10.7.147.59","credential_automationdelegationorg":"VSMT14534679","enable_radius_toldap_mapping":"false"}
2019-07-03 12:12:23,213  INFO [main] (RestClient.java:40) - Thread-1: Configuration Status received from server is: {"radius_packet_type":"access-accept","radius_reply_message":"reason\u003d0\u0026tokenid\u003dSYMC27174666; Success","remote_action_status":"done","additional_message":"Received access-accept as immediate response from server"}
2019-07-03 12:12:23,214  INFO [main] (RadiusTestHelper.java:175) - Thread-1: reply message was:reason=0&tokenid=SYMC27174666; Success
2019-07-03 12:12:23,214  INFO [main] (RadiusTestHelper.java:504) - Thread-1: Parsing REASON CODE from REPLY MESSAGE: reason=0&tokenid=SYMC27174666; Success
2019-07-03 12:12:23,214  INFO [main] (RadiusTestHelper.java:181) - Thread-1: Received the return code during 1st validation request was: 0
2019-07-03 12:12:23,214  INFO [main] (RadiusTestHelper.java:260) - Thread-1: Return code received from Validation server is 0
]]></system-out>
    <system-err><![CDATA[org.openqa.selenium.remote.UnreachableBrowserException: Could not start a new session. Possible causes are invalid address of the remote server or browser start-up failure.
Build info: version: '2.53.1', revision: 'a36b8b1cd5757287168e54b817830adce9b0158d', time: '2016-06-30 19:26:09'
System info: host: 'Kesavs-MacBook-Air.local', ip: '10.223.60.124', os.name: 'Mac OS X', os.arch: 'x86_64', os.version: '10.12.6', java.version: '1.8.0_131'
Driver info: driver.version: AndroidDriver
	at org.openqa.selenium.remote.RemoteWebDriver.execute(RemoteWebDriver.java:665)
	at io.appium.java_client.DefaultGenericMobileDriver.execute(DefaultGenericMobileDriver.java:42)
	at io.appium.java_client.AppiumDriver.execute(AppiumDriver.java:1)
	at io.appium.java_client.android.AndroidDriver.execute(AndroidDriver.java:1)
	at org.openqa.selenium.remote.RemoteWebDriver.startSession(RemoteWebDriver.java:249)
	at org.openqa.selenium.remote.RemoteWebDriver.<init>(RemoteWebDriver.java:131)
	at org.openqa.selenium.remote.RemoteWebDriver.<init>(RemoteWebDriver.java:144)
	at io.appium.java_client.DefaultGenericMobileDriver.<init>(DefaultGenericMobileDriver.java:37)
	at io.appium.java_client.AppiumDriver.<init>(AppiumDriver.java:160)
	at io.appium.java_client.AppiumDriver.<init>(AppiumDriver.java:168)
	at io.appium.java_client.android.AndroidDriver.<init>(AndroidDriver.java:69)
	at com.symantec.vip.automation.mobilepush.LocalAppiumDriverFactory.createInstance(LocalAppiumDriverFactory.java:62)
	at com.symantec.vip.automation.mobilepush.AppiumTests.actOnAppium(AppiumTests.java:25)
	at com.symantec.vip.automation.mobilepush.AppiumThread.run(AppiumThread.java:18)
	at java.lang.Thread.run(Thread.java:748)
Caused by: org.openqa.selenium.WebDriverException: org.apache.http.conn.HttpHostConnectException: Connect to 127.0.0.1:4998 [/127.0.0.1] failed: Connection refused (Connection refused)
Build info: version: '2.53.1', revision: 'a36b8b1cd5757287168e54b817830adce9b0158d', time: '2016-06-30 19:26:09'
System info: host: 'Kesavs-MacBook-Air.local', ip: '10.223.60.124', os.name: 'Mac OS X', os.arch: 'x86_64', os.version: '10.12.6', java.version: '1.8.0_131'
Driver info: driver.version: AndroidDriver
	at io.appium.java_client.remote.AppiumCommandExecutor.execute(AppiumCommandExecutor.java:64)
	at org.openqa.selenium.remote.RemoteWebDriver.execute(RemoteWebDriver.java:644)
	... 14 more
Caused by: org.apache.http.conn.HttpHostConnectException: Connect to 127.0.0.1:4998 [/127.0.0.1] failed: Connection refused (Connection refused)
	at org.apache.http.impl.conn.HttpClientConnectionOperator.connect(HttpClientConnectionOperator.java:140)
	at org.apache.http.impl.conn.PoolingHttpClientConnectionManager.connect(PoolingHttpClientConnectionManager.java:314)
	at org.apache.http.impl.execchain.MainClientExec.establishRoute(MainClientExec.java:363)
	at org.apache.http.impl.execchain.MainClientExec.execute(MainClientExec.java:219)
	at org.apache.http.impl.execchain.ProtocolExec.execute(ProtocolExec.java:195)
	at org.apache.http.impl.execchain.RetryExec.execute(RetryExec.java:86)
	at org.apache.http.impl.execchain.RedirectExec.execute(RedirectExec.java:108)
	at org.apache.http.impl.client.InternalHttpClient.doExecute(InternalHttpClient.java:186)
	at org.apache.http.impl.client.CloseableHttpClient.execute(CloseableHttpClient.java:72)
	at org.apache.http.impl.client.CloseableHttpClient.execute(CloseableHttpClient.java:57)
	at org.openqa.selenium.remote.internal.ApacheHttpClient.fallBackExecute(ApacheHttpClient.java:144)
	at org.openqa.selenium.remote.internal.ApacheHttpClient.execute(ApacheHttpClient.java:90)
	at org.openqa.selenium.remote.HttpCommandExecutor.execute(HttpCommandExecutor.java:142)
	at io.appium.java_client.remote.AppiumCommandExecutor.execute(AppiumCommandExecutor.java:52)
	... 15 more
Caused by: java.net.ConnectException: Connection refused (Connection refused)
	at java.net.PlainSocketImpl.socketConnect(Native Method)
	at java.net.AbstractPlainSocketImpl.doConnect(AbstractPlainSocketImpl.java:350)
	at java.net.AbstractPlainSocketImpl.connectToAddress(AbstractPlainSocketImpl.java:206)
	at java.net.AbstractPlainSocketImpl.connect(AbstractPlainSocketImpl.java:188)
	at java.net.SocksSocketImpl.connect(SocksSocketImpl.java:392)
	at java.net.Socket.connect(Socket.java:589)
	at org.apache.http.conn.socket.PlainConnectionSocketFactory.connectSocket(PlainConnectionSocketFactory.java:72)
	at org.apache.http.impl.conn.HttpClientConnectionOperator.connect(HttpClientConnectionOperator.java:117)
	... 28 more
java.lang.NullPointerException
	at com.symantec.vip.automation.mobile.screens.PushScreen.ActOnPushNotification(PushScreen.java:69)
	at com.symantec.vip.automation.mobilepush.AppiumTests.actOnAppium(AppiumTests.java:35)
	at com.symantec.vip.automation.mobilepush.AppiumThread.run(AppiumThread.java:18)
	at java.lang.Thread.run(Thread.java:748)
]]></system-err>
  </testcase>
  <testcase name="Post_Import_UO_Push_All_Validation_Tests" classname="com.symantec.vip.automation.ConfigurationImportTest_kesav" time="31.73"/>
  <testcase name="Post_Import_UO_Push_All_Validation_Tests" classname="com.symantec.vip.automation.ConfigurationImportTest_kesav" time="31.548"/>
  <testcase name="Post_Import_UO_Push_All_Validation_Tests" classname="com.symantec.vip.automation.ConfigurationImportTest_kesav" time="31.986"/>
  <testcase name="Post_Import_UO_Push_All_Validation_Tests" classname="com.symantec.vip.automation.ConfigurationImportTest_kesav" time="31.618"/>
  <testcase name="Post_Import_UO_Push_All_Validation_Tests" classname="com.symantec.vip.automation.ConfigurationImportTest_kesav" time="31.383"/>
  <testcase name="Post_Import_UO_Push_All_Validation_Tests" classname="com.symantec.vip.automation.ConfigurationImportTest_kesav" time="31.597"/>
  <testcase name="Post_Import_UO_Push_All_Validation_Tests" classname="com.symantec.vip.automation.ConfigurationImportTest_kesav" time="31.652"/>
  <testcase name="Post_Import_UO_Push_All_Validation_Tests" classname="com.symantec.vip.automation.ConfigurationImportTest_kesav" time="31.707"/>
  <testcase name="Post_Import_UO_Push_All_Validation_Tests" classname="com.symantec.vip.automation.ConfigurationImportTest_kesav" time="31.695"/>
  <testcase name="Post_Import_UO_Push_All_Validation_Tests" classname="com.symantec.vip.automation.ConfigurationImportTest_kesav" time="36.644"/>
  <testcase name="Post_Import_UO_Push_All_Validation_Tests" classname="com.symantec.vip.automation.ConfigurationImportTest_kesav" time="28.853"/>
  <testcase name="Post_Import_UO_Push_All_Validation_Tests" classname="com.symantec.vip.automation.ConfigurationImportTest_kesav" time="31.729"/>
  <testcase name="Post_Import_UO_Push_All_Validation_Tests" classname="com.symantec.vip.automation.ConfigurationImportTest_kesav" time="31.363"/>
  <testcase name="Post_Import_UO_Push_All_Validation_Tests" classname="com.symantec.vip.automation.ConfigurationImportTest_kesav" time="31.786"/>
  <testcase name="Post_Import_UO_Push_All_Validation_Tests" classname="com.symantec.vip.automation.ConfigurationImportTest_kesav" time="31.621"/>
  <testcase name="Post_Import_UO_Push_All_Validation_Tests" classname="com.symantec.vip.automation.ConfigurationImportTest_kesav" time="31.632"/>
  <testcase name="Post_Import_UO_Push_All_Validation_Tests" classname="com.symantec.vip.automation.ConfigurationImportTest_kesav" time="31.748"/>
  <testcase name="Post_Import_UO_Push_All_Validation_Tests" classname="com.symantec.vip.automation.ConfigurationImportTest_kesav" time="31.724"/>
  <testcase name="Post_Import_UO_Push_All_Validation_Tests" classname="com.symantec.vip.automation.ConfigurationImportTest_kesav" time="34.773"/>
  <testcase name="Post_Import_UO_Push_All_Validation_Tests" classname="com.symantec.vip.automation.ConfigurationImportTest_kesav" time="38.416"/>
  <testcase name="Post_Import_UO_Push_All_Validation_Tests" classname="com.symantec.vip.automation.ConfigurationImportTest_kesav" time="36.5"/>
  <testcase name="Post_Import_UO_Push_All_Validation_Tests" classname="com.symantec.vip.automation.ConfigurationImportTest_kesav" time="37.797"/>
  <testcase name="Post_Import_UO_Push_All_Validation_Tests" classname="com.symantec.vip.automation.ConfigurationImportTest_kesav" time="34.701"/>
  <testcase name="Post_Import_UO_Push_All_Validation_Tests" classname="com.symantec.vip.automation.ConfigurationImportTest_kesav" time="34.767"/>
  <testcase name="Post_Import_UO_Push_All_Validation_Tests" classname="com.symantec.vip.automation.ConfigurationImportTest_kesav" time="31.736"/>
  <testcase name="Post_Import_UO_Push_All_Validation_Tests" classname="com.symantec.vip.automation.ConfigurationImportTest_kesav" time="31.805"/>
  <testcase name="Post_Import_UO_Push_All_Validation_Tests" classname="com.symantec.vip.automation.ConfigurationImportTest_kesav" time="31.62"/>
  <testcase name="Post_Import_UO_Push_All_Validation_Tests" classname="com.symantec.vip.automation.ConfigurationImportTest_kesav" time="31.518"/>
  <testcase name="Post_Import_UO_Push_All_Validation_Tests" classname="com.symantec.vip.automation.ConfigurationImportTest_kesav" time="31.774"/>
  <testcase name="Post_Import_UO_Push_All_Validation_Tests" classname="com.symantec.vip.automation.ConfigurationImportTest_kesav" time="32.105"/>
  <testcase name="Post_Import_UO_Push_All_Validation_Tests" classname="com.symantec.vip.automation.ConfigurationImportTest_kesav" time="31.669"/>
  <testcase name="Post_Import_UO_Push_All_Validation_Tests" classname="com.symantec.vip.automation.ConfigurationImportTest_kesav" time="31.841"/>
  <testcase name="Post_Import_UO_Push_All_Validation_Tests" classname="com.symantec.vip.automation.ConfigurationImportTest_kesav" time="31.808"/>
  <testcase name="Post_Import_UO_Push_All_Validation_Tests" classname="com.symantec.vip.automation.ConfigurationImportTest_kesav" time="31.568"/>
  <testcase name="Post_Import_UO_Push_All_Validation_Tests" classname="com.symantec.vip.automation.ConfigurationImportTest_kesav" time="31.691"/>
  <testcase name="Post_Import_UO_Push_All_Validation_Tests" classname="com.symantec.vip.automation.ConfigurationImportTest_kesav" time="34.723"/>
</testsuite>