<?xml version="1.0" encoding="UTF-8"?>
<!-- Generated by org.testng.reporters.JUnitXMLReporter -->
<testsuite hostname="Kesavs-MacBook-Air.local" name="Windows 2016 R2 x64" tests="1120" failures="2" timestamp="3 Jul 2019 07:01:56 GMT" time="3808.888" errors="0">
  <testcase name="Start_All_Tunnel_Servers" time="74.188" classname="com.symantec.vip.automation.ConfigurationImportTest_kesav"/>
  <testcase name="Start_All_Validation_Servers" time="378.969" classname="com.symantec.vip.automation.ConfigurationImportTest_kesav"/>
  <testcase name="Start_LDAP_Sync_Service" time="46.233" classname="com.symantec.vip.automation.ConfigurationImportTest_kesav"/>
  <testcase name="Start_SSP_Service" time="29.98" classname="com.symantec.vip.automation.ConfigurationImportTest_kesav"/>
  <testcase name="Start_VIP_Manager_IDP_Service" time="25.412" classname="com.symantec.vip.automation.ConfigurationImportTest_kesav"/>
  <testcase name="Post_Import_All_Tunnel_Server_Tests" time="1.365" classname="com.symantec.vip.automation.ConfigurationImportTest_kesav"/>
  <testcase name="Post_Import_All_Tunnel_Server_Tests" time="0.668" classname="com.symantec.vip.automation.ConfigurationImportTest_kesav"/>
  <testcase name="Post_Import_All_Tunnel_Server_Tests" time="0.79" classname="com.symantec.vip.automation.ConfigurationImportTest_kesav"/>
  <testcase name="Post_Import_All_Tunnel_Server_Tests" time="0.651" classname="com.symantec.vip.automation.ConfigurationImportTest_kesav"/>
  <testcase name="Post_Import_All_Tunnel_Server_Tests" time="0.74" classname="com.symantec.vip.automation.ConfigurationImportTest_kesav"/>
  <testcase name="Post_Import_All_Tunnel_Server_Tests" time="0.646" classname="com.symantec.vip.automation.ConfigurationImportTest_kesav"/>
  <testcase name="Post_Import_All_Tunnel_Server_Tests" time="0.651" classname="com.symantec.vip.automation.ConfigurationImportTest_kesav"/>
  <testcase name="Post_Import_All_Tunnel_Server_Tests" time="0.708" classname="com.symantec.vip.automation.ConfigurationImportTest_kesav"/>
  <testcase name="Post_Import_All_Tunnel_Server_Tests" time="0.619" classname="com.symantec.vip.automation.ConfigurationImportTest_kesav"/>
  <testcase name="Post_Import_All_Tunnel_Server_Tests" time="0.66" classname="com.symantec.vip.automation.ConfigurationImportTest_kesav"/>
  <testcase name="Post_Import_All_Tunnel_Server_Tests" time="0.638" classname="com.symantec.vip.automation.ConfigurationImportTest_kesav"/>
  <testcase name="Post_Import_All_Tunnel_Server_Tests" time="0.864" classname="com.symantec.vip.automation.ConfigurationImportTest_kesav"/>
  <testcase name="Post_Import_All_Tunnel_Server_Tests" time="0.637" classname="com.symantec.vip.automation.ConfigurationImportTest_kesav"/>
  <testcase name="Post_Import_All_Tunnel_Server_Tests" time="0.669" classname="com.symantec.vip.automation.ConfigurationImportTest_kesav"/>
  <testcase name="Post_Import_All_Tunnel_Server_Tests" time="0.553" classname="com.symantec.vip.automation.ConfigurationImportTest_kesav"/>
  <testcase name="Post_Import_All_Tunnel_Server_Tests" time="0.54" classname="com.symantec.vip.automation.ConfigurationImportTest_kesav"/>
  <testcase name="Post_Import_All_Tunnel_Server_Tests" time="0.537" classname="com.symantec.vip.automation.ConfigurationImportTest_kesav"/>
  <testcase name="Post_Import_All_Tunnel_Server_Tests" time="0.596" classname="com.symantec.vip.automation.ConfigurationImportTest_kesav"/>
  <testcase name="Post_Import_All_Tunnel_Server_Tests" time="0.614" classname="com.symantec.vip.automation.ConfigurationImportTest_kesav"/>
  <testcase name="Post_Import_All_Tunnel_Server_Tests" time="0.62" classname="com.symantec.vip.automation.ConfigurationImportTest_kesav"/>
  <testcase name="Post_Import_All_Tunnel_Server_Tests" time="0.622" classname="com.symantec.vip.automation.ConfigurationImportTest_kesav"/>
  <testcase name="Post_Import_All_Tunnel_Server_Tests" time="0.618" classname="com.symantec.vip.automation.ConfigurationImportTest_kesav"/>
  <testcase name="Post_Import_All_Tunnel_Server_Tests" time="0.87" classname="com.symantec.vip.automation.ConfigurationImportTest_kesav"/>
  <testcase name="Post_Import_All_Tunnel_Server_Tests" time="0.734" classname="com.symantec.vip.automation.ConfigurationImportTest_kesav"/>
  <testcase name="Post_Import_All_Tunnel_Server_Tests" time="0.636" classname="com.symantec.vip.automation.ConfigurationImportTest_kesav"/>
  <testcase name="Post_Import_All_Tunnel_Server_Tests" time="0.645" classname="com.symantec.vip.automation.ConfigurationImportTest_kesav"/>
  <testcase name="Post_Import_All_Tunnel_Server_Tests" time="0.801" classname="com.symantec.vip.automation.ConfigurationImportTest_kesav"/>
  <testcase name="Post_Import_All_Tunnel_Server_Tests" time="0.658" classname="com.symantec.vip.automation.ConfigurationImportTest_kesav"/>
  <testcase name="Post_Import_All_Tunnel_Server_Tests" time="0.801" classname="com.symantec.vip.automation.ConfigurationImportTest_kesav"/>
  <testcase name="Post_Import_All_Tunnel_Server_Tests" time="0.632" classname="com.symantec.vip.automation.ConfigurationImportTest_kesav"/>
  <testcase name="Post_Import_All_Tunnel_Server_Tests" time="0.654" classname="com.symantec.vip.automation.ConfigurationImportTest_kesav"/>
  <testcase name="Post_Import_All_Tunnel_Server_Tests" time="0.537" classname="com.symantec.vip.automation.ConfigurationImportTest_kesav"/>
  <testcase name="Post_Import_All_Tunnel_Server_Tests" time="0.536" classname="com.symantec.vip.automation.ConfigurationImportTest_kesav"/>
  <testcase name="Post_Import_All_Tunnel_Server_Tests" time="0.54" classname="com.symantec.vip.automation.ConfigurationImportTest_kesav"/>
  <testcase name="Post_Import_All_Tunnel_Server_Tests" time="0.612" classname="com.symantec.vip.automation.ConfigurationImportTest_kesav"/>
  <testcase name="Post_Import_All_Tunnel_Server_Tests" time="0.594" classname="com.symantec.vip.automation.ConfigurationImportTest_kesav"/>
  <testcase name="Post_Import_All_Tunnel_Server_Tests" time="0.813" classname="com.symantec.vip.automation.ConfigurationImportTest_kesav"/>
  <testcase name="Post_Import_All_Tunnel_Server_Tests" time="0.608" classname="com.symantec.vip.automation.ConfigurationImportTest_kesav"/>
  <testcase name="Post_Import_All_Tunnel_Server_Tests" time="0.615" classname="com.symantec.vip.automation.ConfigurationImportTest_kesav"/>
  <testcase name="Post_Import_All_Tunnel_Server_Tests" time="0.631" classname="com.symantec.vip.automation.ConfigurationImportTest_kesav"/>
  <testcase name="Post_Import_All_Tunnel_Server_Tests" time="0.785" classname="com.symantec.vip.automation.ConfigurationImportTest_kesav"/>
  <testcase name="Post_Import_All_Tunnel_Server_Tests" time="0.624" classname="com.symantec.vip.automation.ConfigurationImportTest_kesav"/>
  <testcase name="Post_Import_All_Tunnel_Server_Tests" time="0.616" classname="com.symantec.vip.automation.ConfigurationImportTest_kesav"/>
  <testcase name="Post_Import_All_Tunnel_Server_Tests" time="0.619" classname="com.symantec.vip.automation.ConfigurationImportTest_kesav"/>
  <testcase name="Post_Import_All_Tunnel_Server_Tests" time="0.62" classname="com.symantec.vip.automation.ConfigurationImportTest_kesav"/>
  <testcase name="Post_Import_All_Tunnel_Server_Tests" time="0.792" classname="com.symantec.vip.automation.ConfigurationImportTest_kesav"/>
  <testcase name="Post_Import_All_Tunnel_Server_Tests" time="0.611" classname="com.symantec.vip.automation.ConfigurationImportTest_kesav"/>
  <testcase name="Post_Import_All_Tunnel_Server_Tests" time="0.611" classname="com.symantec.vip.automation.ConfigurationImportTest_kesav"/>
  <testcase name="Post_Import_All_Tunnel_Server_Tests" time="0.639" classname="com.symantec.vip.automation.ConfigurationImportTest_kesav"/>
  <testcase name="Post_Import_All_Tunnel_Server_Tests" time="0.627" classname="com.symantec.vip.automation.ConfigurationImportTest_kesav"/>
  <testcase name="Post_Import_All_Tunnel_Server_Tests" time="1.112" classname="com.symantec.vip.automation.ConfigurationImportTest_kesav"/>
  <testcase name="Post_Import_All_Tunnel_Server_Tests" time="0.869" classname="com.symantec.vip.automation.ConfigurationImportTest_kesav"/>
  <testcase name="Post_Import_All_Tunnel_Server_Tests" time="0.752" classname="com.symantec.vip.automation.ConfigurationImportTest_kesav"/>
  <testcase name="Post_Import_All_Tunnel_Server_Tests" time="0.657" classname="com.symantec.vip.automation.ConfigurationImportTest_kesav"/>
  <testcase name="Post_Import_All_Tunnel_Server_Tests" time="0.68" classname="com.symantec.vip.automation.ConfigurationImportTest_kesav"/>
  <testcase name="Post_Import_All_Tunnel_Server_Tests" time="0.643" classname="com.symantec.vip.automation.ConfigurationImportTest_kesav"/>
  <testcase name="Post_Import_All_Tunnel_Server_Tests" time="0.679" classname="com.symantec.vip.automation.ConfigurationImportTest_kesav"/>
  <testcase name="Post_Import_All_Tunnel_Server_Tests" time="0.652" classname="com.symantec.vip.automation.ConfigurationImportTest_kesav"/>
  <testcase name="Post_Import_All_Tunnel_Server_Tests" time="0.657" classname="com.symantec.vip.automation.ConfigurationImportTest_kesav"/>
  <testcase name="Post_Import_All_Tunnel_Server_Tests" time="0.677" classname="com.symantec.vip.automation.ConfigurationImportTest_kesav"/>
  <testcase name="Post_Import_All_Tunnel_Server_Tests" time="0.735" classname="com.symantec.vip.automation.ConfigurationImportTest_kesav"/>
  <testcase name="Post_Import_All_Tunnel_Server_Tests" time="0.572" classname="com.symantec.vip.automation.ConfigurationImportTest_kesav"/>
  <testcase name="Post_Import_All_Tunnel_Server_Tests" time="0.577" classname="com.symantec.vip.automation.ConfigurationImportTest_kesav"/>
  <testcase name="Post_Import_All_Tunnel_Server_Tests" time="0.571" classname="com.symantec.vip.automation.ConfigurationImportTest_kesav"/>
  <testcase name="Post_Import_All_Tunnel_Server_Tests" time="0.638" classname="com.symantec.vip.automation.ConfigurationImportTest_kesav"/>
  <testcase name="Post_Import_All_Tunnel_Server_Tests" time="0.631" classname="com.symantec.vip.automation.ConfigurationImportTest_kesav"/>
  <testcase name="Post_Import_All_Tunnel_Server_Tests" time="0.857" classname="com.symantec.vip.automation.ConfigurationImportTest_kesav"/>
  <testcase name="Post_Import_All_Tunnel_Server_Tests" time="0.838" classname="com.symantec.vip.automation.ConfigurationImportTest_kesav"/>
  <testcase name="Post_Import_All_Tunnel_Server_Tests" time="0.634" classname="com.symantec.vip.automation.ConfigurationImportTest_kesav"/>
  <testcase name="Post_Import_All_Tunnel_Server_Tests" time="0.836" classname="com.symantec.vip.automation.ConfigurationImportTest_kesav"/>
  <testcase name="Post_Import_All_Tunnel_Server_Tests" time="0.694" classname="com.symantec.vip.automation.ConfigurationImportTest_kesav"/>
  <testcase name="Post_Import_All_Tunnel_Server_Tests" time="0.631" classname="com.symantec.vip.automation.ConfigurationImportTest_kesav"/>
  <testcase name="Post_Import_All_Tunnel_Server_Tests" time="0.639" classname="com.symantec.vip.automation.ConfigurationImportTest_kesav"/>
  <testcase name="Post_Import_All_Tunnel_Server_Tests" time="0.639" classname="com.symantec.vip.automation.ConfigurationImportTest_kesav"/>
  <testcase name="Post_Import_All_Tunnel_Server_Tests" time="0.644" classname="com.symantec.vip.automation.ConfigurationImportTest_kesav"/>
  <testcase name="Post_Import_All_Tunnel_Server_Tests" time="0.839" classname="com.symantec.vip.automation.ConfigurationImportTest_kesav"/>
  <testcase name="Post_Import_All_Tunnel_Server_Tests" time="0.718" classname="com.symantec.vip.automation.ConfigurationImportTest_kesav"/>
  <testcase name="Post_Import_All_Tunnel_Server_Tests" time="0.638" classname="com.symantec.vip.automation.ConfigurationImportTest_kesav"/>
  <testcase name="Post_Import_All_Tunnel_Server_Tests" time="0.636" classname="com.symantec.vip.automation.ConfigurationImportTest_kesav"/>
  <testcase name="Post_Import_All_Tunnel_Server_Tests" time="0.556" classname="com.symantec.vip.automation.ConfigurationImportTest_kesav"/>
  <testcase name="Post_Import_All_Tunnel_Server_Tests" time="0.556" classname="com.symantec.vip.automation.ConfigurationImportTest_kesav"/>
  <testcase name="Post_Import_All_Tunnel_Server_Tests" time="0.634" classname="com.symantec.vip.automation.ConfigurationImportTest_kesav"/>
  <testcase name="Post_Import_All_Tunnel_Server_Tests" time="0.638" classname="com.symantec.vip.automation.ConfigurationImportTest_kesav"/>
  <testcase name="Post_Import_All_Tunnel_Server_Tests" time="0.628" classname="com.symantec.vip.automation.ConfigurationImportTest_kesav"/>
  <testcase name="Post_Import_All_Tunnel_Server_Tests" time="0.665" classname="com.symantec.vip.automation.ConfigurationImportTest_kesav"/>
  <testcase name="Post_Import_All_Tunnel_Server_Tests" time="0.66" classname="com.symantec.vip.automation.ConfigurationImportTest_kesav"/>
  <testcase name="Post_Import_All_Tunnel_Server_Tests" time="0.67" classname="com.symantec.vip.automation.ConfigurationImportTest_kesav"/>
  <testcase name="Post_Import_All_Tunnel_Server_Tests" time="0.657" classname="com.symantec.vip.automation.ConfigurationImportTest_kesav"/>
  <testcase name="Post_Import_All_Tunnel_Server_Tests" time="0.656" classname="com.symantec.vip.automation.ConfigurationImportTest_kesav"/>
  <testcase name="Post_Import_All_Tunnel_Server_Tests" time="0.64" classname="com.symantec.vip.automation.ConfigurationImportTest_kesav"/>
  <testcase name="Post_Import_All_Tunnel_Server_Tests" time="0.628" classname="com.symantec.vip.automation.ConfigurationImportTest_kesav"/>
  <testcase name="Post_Import_All_Tunnel_Server_Tests" time="0.679" classname="com.symantec.vip.automation.ConfigurationImportTest_kesav"/>
  <testcase name="Post_Import_All_Tunnel_Server_Tests" time="0.632" classname="com.symantec.vip.automation.ConfigurationImportTest_kesav"/>
  <testcase name="Post_Import_All_Tunnel_Server_Tests" time="0.637" classname="com.symantec.vip.automation.ConfigurationImportTest_kesav"/>
  <testcase name="Post_Import_All_Tunnel_Server_Tests" time="0.847" classname="com.symantec.vip.automation.ConfigurationImportTest_kesav"/>
  <testcase name="Post_Import_All_Tunnel_Server_Tests" time="0.702" classname="com.symantec.vip.automation.ConfigurationImportTest_kesav"/>
  <testcase name="Post_Import_All_Tunnel_Server_Tests" time="0.648" classname="com.symantec.vip.automation.ConfigurationImportTest_kesav"/>
  <testcase name="Post_Import_All_Tunnel_Server_Tests" time="0.69" classname="com.symantec.vip.automation.ConfigurationImportTest_kesav"/>
  <testcase name="Post_Import_All_Tunnel_Server_Tests" time="0.638" classname="com.symantec.vip.automation.ConfigurationImportTest_kesav"/>
  <testcase name="Post_Import_All_Tunnel_Server_Tests" time="0.664" classname="com.symantec.vip.automation.ConfigurationImportTest_kesav"/>
  <testcase name="Post_Import_All_Tunnel_Server_Tests" time="1.068" classname="com.symantec.vip.automation.ConfigurationImportTest_kesav"/>
  <testcase name="Post_Import_All_Tunnel_Server_Tests" time="0.67" classname="com.symantec.vip.automation.ConfigurationImportTest_kesav"/>
  <testcase name="Post_Import_All_Tunnel_Server_Tests" time="0.817" classname="com.symantec.vip.automation.ConfigurationImportTest_kesav"/>
  <testcase name="Post_Import_All_Tunnel_Server_Tests" time="0.638" classname="com.symantec.vip.automation.ConfigurationImportTest_kesav"/>
  <testcase name="Post_Import_All_Tunnel_Server_Tests" time="0.818" classname="com.symantec.vip.automation.ConfigurationImportTest_kesav"/>
  <testcase name="Post_Import_All_Tunnel_Server_Tests" time="0.683" classname="com.symantec.vip.automation.ConfigurationImportTest_kesav"/>
  <testcase name="Post_Import_All_Tunnel_Server_Tests" time="0.851" classname="com.symantec.vip.automation.ConfigurationImportTest_kesav"/>
  <testcase name="Post_Import_All_Tunnel_Server_Tests" time="0.565" classname="com.symantec.vip.automation.ConfigurationImportTest_kesav"/>
  <testcase name="Post_Import_All_Tunnel_Server_Tests" time="0.59" classname="com.symantec.vip.automation.ConfigurationImportTest_kesav"/>
  <testcase name="Post_Import_All_Tunnel_Server_Tests" time="0.556" classname="com.symantec.vip.automation.ConfigurationImportTest_kesav"/>
  <testcase name="Post_Import_All_Tunnel_Server_Tests" time="0.62" classname="com.symantec.vip.automation.ConfigurationImportTest_kesav"/>
  <testcase name="Post_Import_All_Tunnel_Server_Tests" time="0.65" classname="com.symantec.vip.automation.ConfigurationImportTest_kesav"/>
  <testcase name="Post_Import_All_Tunnel_Server_Tests" time="0.636" classname="com.symantec.vip.automation.ConfigurationImportTest_kesav"/>
  <testcase name="Post_Import_All_Tunnel_Server_Tests" time="0.675" classname="com.symantec.vip.automation.ConfigurationImportTest_kesav"/>
  <testcase name="Post_Import_All_Tunnel_Server_Tests" time="0.626" classname="com.symantec.vip.automation.ConfigurationImportTest_kesav"/>
  <testcase name="Post_Import_All_Tunnel_Server_Tests" time="0.645" classname="com.symantec.vip.automation.ConfigurationImportTest_kesav"/>
  <testcase name="Post_Import_All_Tunnel_Server_Tests" time="0.625" classname="com.symantec.vip.automation.ConfigurationImportTest_kesav"/>
  <testcase name="Post_Import_All_Tunnel_Server_Tests" time="0.641" classname="com.symantec.vip.automation.ConfigurationImportTest_kesav"/>
  <testcase name="Post_Import_All_Tunnel_Server_Tests" time="0.632" classname="com.symantec.vip.automation.ConfigurationImportTest_kesav"/>
  <testcase name="Post_Import_All_Tunnel_Server_Tests" time="0.636" classname="com.symantec.vip.automation.ConfigurationImportTest_kesav"/>
  <testcase name="Post_Import_All_Tunnel_Server_Tests" time="0.649" classname="com.symantec.vip.automation.ConfigurationImportTest_kesav"/>
  <testcase name="Post_Import_All_Tunnel_Server_Tests" time="0.638" classname="com.symantec.vip.automation.ConfigurationImportTest_kesav"/>
  <testcase name="Post_Import_All_Tunnel_Server_Tests" time="0.622" classname="com.symantec.vip.automation.ConfigurationImportTest_kesav"/>
  <testcase name="Post_Import_All_Tunnel_Server_Tests" time="0.641" classname="com.symantec.vip.automation.ConfigurationImportTest_kesav"/>
  <testcase name="Post_Import_All_Tunnel_Server_Tests" time="0.567" classname="com.symantec.vip.automation.ConfigurationImportTest_kesav"/>
  <testcase name="Post_Import_All_Tunnel_Server_Tests" time="0.568" classname="com.symantec.vip.automation.ConfigurationImportTest_kesav"/>
  <testcase name="Post_Import_All_Tunnel_Server_Tests" time="0.558" classname="com.symantec.vip.automation.ConfigurationImportTest_kesav"/>
  <testcase name="Post_Import_All_Tunnel_Server_Tests" time="0.664" classname="com.symantec.vip.automation.ConfigurationImportTest_kesav"/>
  <testcase name="Post_Import_All_Tunnel_Server_Tests" time="0.658" classname="com.symantec.vip.automation.ConfigurationImportTest_kesav"/>
  <testcase name="Post_Import_All_Tunnel_Server_Tests" time="0.654" classname="com.symantec.vip.automation.ConfigurationImportTest_kesav"/>
  <testcase name="Post_Import_All_Tunnel_Server_Tests" time="0.642" classname="com.symantec.vip.automation.ConfigurationImportTest_kesav"/>
  <testcase name="Post_Import_All_Tunnel_Server_Tests" time="0.693" classname="com.symantec.vip.automation.ConfigurationImportTest_kesav"/>
  <testcase name="Post_Import_All_Tunnel_Server_Tests" time="0.829" classname="com.symantec.vip.automation.ConfigurationImportTest_kesav"/>
  <testcase name="Post_Import_All_Tunnel_Server_Tests" time="0.652" classname="com.symantec.vip.automation.ConfigurationImportTest_kesav"/>
  <testcase name="Post_Import_All_Tunnel_Server_Tests" time="0.689" classname="com.symantec.vip.automation.ConfigurationImportTest_kesav"/>
  <testcase name="Post_Import_All_Tunnel_Server_Tests" time="0.687" classname="com.symantec.vip.automation.ConfigurationImportTest_kesav"/>
  <testcase name="Post_Import_All_Tunnel_Server_Tests" time="0.643" classname="com.symantec.vip.automation.ConfigurationImportTest_kesav"/>
  <testcase name="Post_Import_All_Tunnel_Server_Tests" time="0.651" classname="com.symantec.vip.automation.ConfigurationImportTest_kesav"/>
  <testcase name="Post_Import_All_Tunnel_Server_Tests" time="0.655" classname="com.symantec.vip.automation.ConfigurationImportTest_kesav"/>
  <testcase name="Post_Import_All_Tunnel_Server_Tests" time="0.646" classname="com.symantec.vip.automation.ConfigurationImportTest_kesav"/>
  <testcase name="Post_Import_All_Tunnel_Server_Tests" time="0.57" classname="com.symantec.vip.automation.ConfigurationImportTest_kesav"/>
  <testcase name="Post_Import_All_Tunnel_Server_Tests" time="0.553" classname="com.symantec.vip.automation.ConfigurationImportTest_kesav"/>
  <testcase name="Post_Import_All_Tunnel_Server_Tests" time="0.564" classname="com.symantec.vip.automation.ConfigurationImportTest_kesav"/>
  <testcase name="Post_Import_All_Tunnel_Server_Tests" time="0.624" classname="com.symantec.vip.automation.ConfigurationImportTest_kesav"/>
  <testcase name="Post_Import_All_Tunnel_Server_Tests" time="0.632" classname="com.symantec.vip.automation.ConfigurationImportTest_kesav"/>
  <testcase name="Post_Import_All_Tunnel_Server_Tests" time="0.637" classname="com.symantec.vip.automation.ConfigurationImportTest_kesav"/>
  <testcase name="Post_Import_All_Tunnel_Server_Tests" time="0.665" classname="com.symantec.vip.automation.ConfigurationImportTest_kesav"/>
  <testcase name="Post_Import_All_Tunnel_Server_Tests" time="0.653" classname="com.symantec.vip.automation.ConfigurationImportTest_kesav"/>
  <testcase name="Post_Import_All_Tunnel_Server_Tests" time="0.64" classname="com.symantec.vip.automation.ConfigurationImportTest_kesav"/>
  <testcase name="Post_Import_All_Tunnel_Server_Tests" time="0.642" classname="com.symantec.vip.automation.ConfigurationImportTest_kesav"/>
  <testcase name="Post_Import_All_Tunnel_Server_Tests" time="0.871" classname="com.symantec.vip.automation.ConfigurationImportTest_kesav"/>
  <testcase name="Post_Import_All_Tunnel_Server_Tests" time="0.649" classname="com.symantec.vip.automation.ConfigurationImportTest_kesav"/>
  <testcase name="Post_Import_All_Tunnel_Server_Tests" time="0.635" classname="com.symantec.vip.automation.ConfigurationImportTest_kesav"/>
  <testcase name="Post_Import_All_Tunnel_Server_Tests" time="0.665" classname="com.symantec.vip.automation.ConfigurationImportTest_kesav"/>
  <testcase name="Post_Import_All_Tunnel_Server_Tests" time="0.641" classname="com.symantec.vip.automation.ConfigurationImportTest_kesav"/>
  <testcase name="Post_Import_All_Tunnel_Server_Tests" time="0.649" classname="com.symantec.vip.automation.ConfigurationImportTest_kesav"/>
  <testcase name="Post_Import_All_Tunnel_Server_Tests" time="0.656" classname="com.symantec.vip.automation.ConfigurationImportTest_kesav"/>
  <testcase name="Post_Import_All_Tunnel_Server_Tests" time="0.678" classname="com.symantec.vip.automation.ConfigurationImportTest_kesav"/>
  <testcase name="Post_Import_All_Tunnel_Server_Tests" time="0.553" classname="com.symantec.vip.automation.ConfigurationImportTest_kesav"/>
  <testcase name="Post_Import_All_Tunnel_Server_Tests" time="0.559" classname="com.symantec.vip.automation.ConfigurationImportTest_kesav"/>
  <testcase name="Post_Import_All_Tunnel_Server_Tests" time="0.651" classname="com.symantec.vip.automation.ConfigurationImportTest_kesav"/>
  <testcase name="Post_Import_All_Tunnel_Server_Tests" time="0.672" classname="com.symantec.vip.automation.ConfigurationImportTest_kesav"/>
  <testcase name="Post_Import_All_Tunnel_Server_Tests" time="0.647" classname="com.symantec.vip.automation.ConfigurationImportTest_kesav"/>
  <testcase name="Post_Import_All_Tunnel_Server_Tests" time="0.624" classname="com.symantec.vip.automation.ConfigurationImportTest_kesav"/>
  <testcase name="Post_Import_All_Tunnel_Server_Tests" time="0.645" classname="com.symantec.vip.automation.ConfigurationImportTest_kesav"/>
  <testcase name="Post_Import_All_Tunnel_Server_Tests" time="0.645" classname="com.symantec.vip.automation.ConfigurationImportTest_kesav"/>
  <testcase name="Post_Import_All_Tunnel_Server_Tests" time="0.641" classname="com.symantec.vip.automation.ConfigurationImportTest_kesav"/>
  <testcase name="Post_Import_All_Tunnel_Server_Tests" time="0.671" classname="com.symantec.vip.automation.ConfigurationImportTest_kesav"/>
  <testcase name="Post_Import_All_Tunnel_Server_Tests" time="0.683" classname="com.symantec.vip.automation.ConfigurationImportTest_kesav"/>
  <testcase name="Post_Import_All_Tunnel_Server_Tests" time="0.633" classname="com.symantec.vip.automation.ConfigurationImportTest_kesav"/>
  <testcase name="Post_Import_All_Tunnel_Server_Tests" time="0.788" classname="com.symantec.vip.automation.ConfigurationImportTest_kesav"/>
  <testcase name="Post_Import_All_Tunnel_Server_Tests" time="0.675" classname="com.symantec.vip.automation.ConfigurationImportTest_kesav"/>
  <testcase name="Post_Import_All_Tunnel_Server_Tests" time="0.665" classname="com.symantec.vip.automation.ConfigurationImportTest_kesav"/>
  <testcase name="Post_Import_All_Tunnel_Server_Tests" time="0.585" classname="com.symantec.vip.automation.ConfigurationImportTest_kesav"/>
  <testcase name="Post_Import_All_Tunnel_Server_Tests" time="0.579" classname="com.symantec.vip.automation.ConfigurationImportTest_kesav"/>
  <testcase name="Post_Import_All_Tunnel_Server_Tests" time="0.571" classname="com.symantec.vip.automation.ConfigurationImportTest_kesav"/>
  <testcase name="Post_Import_All_Tunnel_Server_Tests" time="0.637" classname="com.symantec.vip.automation.ConfigurationImportTest_kesav"/>
  <testcase name="Post_Import_All_Tunnel_Server_Tests" time="0.653" classname="com.symantec.vip.automation.ConfigurationImportTest_kesav"/>
  <testcase name="Post_Import_All_Tunnel_Server_Tests" time="0.651" classname="com.symantec.vip.automation.ConfigurationImportTest_kesav"/>
  <testcase name="Post_Import_All_Tunnel_Server_Tests" time="0.682" classname="com.symantec.vip.automation.ConfigurationImportTest_kesav"/>
  <testcase name="Post_Import_All_Tunnel_Server_Tests" time="0.647" classname="com.symantec.vip.automation.ConfigurationImportTest_kesav"/>
  <testcase name="Post_Import_All_Tunnel_Server_Tests" time="0.63" classname="com.symantec.vip.automation.ConfigurationImportTest_kesav"/>
  <testcase name="Post_Import_All_Tunnel_Server_Tests" time="0.632" classname="com.symantec.vip.automation.ConfigurationImportTest_kesav"/>
  <testcase name="Post_Import_All_Tunnel_Server_Tests" time="0.649" classname="com.symantec.vip.automation.ConfigurationImportTest_kesav"/>
  <testcase name="Post_Import_All_Tunnel_Server_Tests" time="0.637" classname="com.symantec.vip.automation.ConfigurationImportTest_kesav"/>
  <testcase name="Post_Import_All_Tunnel_Server_Tests" time="0.644" classname="com.symantec.vip.automation.ConfigurationImportTest_kesav"/>
  <testcase name="Post_Import_All_Tunnel_Server_Tests" time="0.65" classname="com.symantec.vip.automation.ConfigurationImportTest_kesav"/>
  <testcase name="Post_Import_All_Tunnel_Server_Tests" time="0.636" classname="com.symantec.vip.automation.ConfigurationImportTest_kesav"/>
  <testcase name="Post_Import_All_Tunnel_Server_Tests" time="0.674" classname="com.symantec.vip.automation.ConfigurationImportTest_kesav"/>
  <testcase name="Post_Import_All_Tunnel_Server_Tests" time="0.644" classname="com.symantec.vip.automation.ConfigurationImportTest_kesav"/>
  <testcase name="Post_Import_All_Tunnel_Server_Tests" time="0.637" classname="com.symantec.vip.automation.ConfigurationImportTest_kesav"/>
  <testcase name="Post_Import_All_Tunnel_Server_Tests" time="0.563" classname="com.symantec.vip.automation.ConfigurationImportTest_kesav"/>
  <testcase name="Post_Import_All_Tunnel_Server_Tests" time="0.743" classname="com.symantec.vip.automation.ConfigurationImportTest_kesav"/>
  <testcase name="Post_Import_All_Tunnel_Server_Tests" time="0.639" classname="com.symantec.vip.automation.ConfigurationImportTest_kesav"/>
  <testcase name="Post_Import_All_Tunnel_Server_Tests" time="0.648" classname="com.symantec.vip.automation.ConfigurationImportTest_kesav"/>
  <testcase name="Post_Import_All_Tunnel_Server_Tests" time="0.639" classname="com.symantec.vip.automation.ConfigurationImportTest_kesav"/>
  <testcase name="Post_Import_All_Tunnel_Server_Tests" time="0.663" classname="com.symantec.vip.automation.ConfigurationImportTest_kesav"/>
  <testcase name="Post_Import_All_Tunnel_Server_Tests" time="0.636" classname="com.symantec.vip.automation.ConfigurationImportTest_kesav"/>
  <testcase name="Post_Import_All_Tunnel_Server_Tests" time="0.871" classname="com.symantec.vip.automation.ConfigurationImportTest_kesav"/>
  <testcase name="Post_Import_All_Tunnel_Server_Tests" time="0.641" classname="com.symantec.vip.automation.ConfigurationImportTest_kesav"/>
  <testcase name="Post_Import_All_Tunnel_Server_Tests" time="0.852" classname="com.symantec.vip.automation.ConfigurationImportTest_kesav"/>
  <testcase name="Post_Import_All_Tunnel_Server_Tests" time="0.636" classname="com.symantec.vip.automation.ConfigurationImportTest_kesav"/>
  <testcase name="Post_Import_All_Tunnel_Server_Tests" time="0.618" classname="com.symantec.vip.automation.ConfigurationImportTest_kesav"/>
  <testcase name="Post_Import_All_Tunnel_Server_Tests" time="0.598" classname="com.symantec.vip.automation.ConfigurationImportTest_kesav"/>
  <testcase name="Post_Import_All_Tunnel_Server_Tests" time="0.629" classname="com.symantec.vip.automation.ConfigurationImportTest_kesav"/>
  <testcase name="Post_Import_All_Tunnel_Server_Tests" time="0.61" classname="com.symantec.vip.automation.ConfigurationImportTest_kesav"/>
  <testcase name="Post_Import_All_Tunnel_Server_Tests" time="0.53" classname="com.symantec.vip.automation.ConfigurationImportTest_kesav"/>
  <testcase name="Post_Import_All_Tunnel_Server_Tests" time="0.525" classname="com.symantec.vip.automation.ConfigurationImportTest_kesav"/>
  <testcase name="Post_Import_All_Tunnel_Server_Tests" time="0.534" classname="com.symantec.vip.automation.ConfigurationImportTest_kesav"/>
  <testcase name="Post_Import_All_Tunnel_Server_Tests" time="0.596" classname="com.symantec.vip.automation.ConfigurationImportTest_kesav"/>
  <testcase name="Post_Import_All_Tunnel_Server_Tests" time="0.631" classname="com.symantec.vip.automation.ConfigurationImportTest_kesav"/>
  <testcase name="Post_Import_All_Tunnel_Server_Tests" time="0.603" classname="com.symantec.vip.automation.ConfigurationImportTest_kesav"/>
  <testcase name="Post_Import_All_Tunnel_Server_Tests" time="0.728" classname="com.symantec.vip.automation.ConfigurationImportTest_kesav"/>
  <testcase name="Post_Import_All_Tunnel_Server_Tests" time="0.778" classname="com.symantec.vip.automation.ConfigurationImportTest_kesav"/>
  <testcase name="Post_Import_All_Tunnel_Server_Tests" time="0.623" classname="com.symantec.vip.automation.ConfigurationImportTest_kesav"/>
  <testcase name="Post_Import_All_Tunnel_Server_Tests" time="0.607" classname="com.symantec.vip.automation.ConfigurationImportTest_kesav"/>
  <testcase name="Post_Import_All_Tunnel_Server_Tests" time="0.602" classname="com.symantec.vip.automation.ConfigurationImportTest_kesav"/>
  <testcase name="Post_Import_All_Tunnel_Server_Tests" time="0.608" classname="com.symantec.vip.automation.ConfigurationImportTest_kesav"/>
  <testcase name="Post_Import_All_Tunnel_Server_Tests" time="0.817" classname="com.symantec.vip.automation.ConfigurationImportTest_kesav"/>
  <testcase name="Post_Import_All_Tunnel_Server_Tests" time="0.624" classname="com.symantec.vip.automation.ConfigurationImportTest_kesav"/>
  <testcase name="Post_Import_All_Tunnel_Server_Tests" time="0.593" classname="com.symantec.vip.automation.ConfigurationImportTest_kesav"/>
  <testcase name="Post_Import_All_Tunnel_Server_Tests" time="0.607" classname="com.symantec.vip.automation.ConfigurationImportTest_kesav"/>
  <testcase name="Post_Import_All_Tunnel_Server_Tests" time="0.593" classname="com.symantec.vip.automation.ConfigurationImportTest_kesav"/>
  <testcase name="Post_Import_All_Tunnel_Server_Tests" time="0.576" classname="com.symantec.vip.automation.ConfigurationImportTest_kesav"/>
  <testcase name="Post_Import_All_Tunnel_Server_Tests" time="0.523" classname="com.symantec.vip.automation.ConfigurationImportTest_kesav"/>
  <testcase name="Post_Import_All_Tunnel_Server_Tests" time="0.52" classname="com.symantec.vip.automation.ConfigurationImportTest_kesav"/>
  <testcase name="Post_Import_UAO_OTP_All_Validation_Tests" time="0.008" classname="com.symantec.vip.automation.ConfigurationImportTest_kesav">
    <skipped/>
  </testcase> <!-- Post_Import_UAO_OTP_All_Validation_Tests -->
  <testcase name="Post_Import_ULO_OTP_All_Validation_Tests" time="0.909" classname="com.symantec.vip.automation.ConfigurationImportTest_kesav"/>
  <testcase name="Post_Import_ULO_OTP_All_Validation_Tests" time="0.724" classname="com.symantec.vip.automation.ConfigurationImportTest_kesav"/>
  <testcase name="Post_Import_ULO_OTP_All_Validation_Tests" time="0.699" classname="com.symantec.vip.automation.ConfigurationImportTest_kesav"/>
  <testcase name="Post_Import_ULO_OTP_All_Validation_Tests" time="0.747" classname="com.symantec.vip.automation.ConfigurationImportTest_kesav"/>
  <testcase name="Post_Import_ULO_OTP_All_Validation_Tests" time="0.773" classname="com.symantec.vip.automation.ConfigurationImportTest_kesav"/>
  <testcase name="Post_Import_ULO_OTP_All_Validation_Tests" time="0.694" classname="com.symantec.vip.automation.ConfigurationImportTest_kesav"/>
  <testcase name="Post_Import_ULO_OTP_All_Validation_Tests" time="0.886" classname="com.symantec.vip.automation.ConfigurationImportTest_kesav"/>
  <testcase name="Post_Import_ULO_OTP_All_Validation_Tests" time="0.71" classname="com.symantec.vip.automation.ConfigurationImportTest_kesav"/>
  <testcase name="Post_Import_ULO_OTP_All_Validation_Tests" time="0.691" classname="com.symantec.vip.automation.ConfigurationImportTest_kesav"/>
  <testcase name="Post_Import_ULO_OTP_All_Validation_Tests" time="0.706" classname="com.symantec.vip.automation.ConfigurationImportTest_kesav"/>
  <testcase name="Post_Import_ULO_OTP_All_Validation_Tests" time="0.886" classname="com.symantec.vip.automation.ConfigurationImportTest_kesav"/>
  <testcase name="Post_Import_ULO_OTP_All_Validation_Tests" time="0.7" classname="com.symantec.vip.automation.ConfigurationImportTest_kesav"/>
  <testcase name="Post_Import_ULO_OTP_All_Validation_Tests" time="0.679" classname="com.symantec.vip.automation.ConfigurationImportTest_kesav"/>
  <testcase name="Post_Import_ULO_OTP_All_Validation_Tests" time="0.762" classname="com.symantec.vip.automation.ConfigurationImportTest_kesav"/>
  <testcase name="Post_Import_ULO_OTP_All_Validation_Tests" time="0.935" classname="com.symantec.vip.automation.ConfigurationImportTest_kesav"/>
  <testcase name="Post_Import_ULO_OTP_All_Validation_Tests" time="3.223" classname="com.symantec.vip.automation.ConfigurationImportTest_kesav"/>
  <testcase name="Post_Import_ULO_OTP_All_Validation_Tests" time="2.997" classname="com.symantec.vip.automation.ConfigurationImportTest_kesav"/>
  <testcase name="Post_Import_ULO_OTP_All_Validation_Tests" time="2.939" classname="com.symantec.vip.automation.ConfigurationImportTest_kesav"/>
  <testcase name="Post_Import_ULO_OTP_All_Validation_Tests" time="0.712" classname="com.symantec.vip.automation.ConfigurationImportTest_kesav"/>
  <testcase name="Post_Import_ULO_OTP_All_Validation_Tests" time="0.71" classname="com.symantec.vip.automation.ConfigurationImportTest_kesav"/>
  <testcase name="Post_Import_ULO_OTP_All_Validation_Tests" time="0.714" classname="com.symantec.vip.automation.ConfigurationImportTest_kesav"/>
  <testcase name="Post_Import_ULO_OTP_All_Validation_Tests" time="0.779" classname="com.symantec.vip.automation.ConfigurationImportTest_kesav"/>
  <testcase name="Post_Import_ULO_OTP_All_Validation_Tests" time="0.552" classname="com.symantec.vip.automation.ConfigurationImportTest_kesav"/>
  <testcase name="Post_Import_ULO_OTP_All_Validation_Tests" time="0.55" classname="com.symantec.vip.automation.ConfigurationImportTest_kesav"/>
  <testcase name="Post_Import_ULO_OTP_All_Validation_Tests" time="0.842" classname="com.symantec.vip.automation.ConfigurationImportTest_kesav"/>
  <testcase name="Post_Import_ULO_OTP_All_Validation_Tests" time="0.596" classname="com.symantec.vip.automation.ConfigurationImportTest_kesav"/>
  <testcase name="Post_Import_ULO_OTP_All_Validation_Tests" time="0.583" classname="com.symantec.vip.automation.ConfigurationImportTest_kesav"/>
  <testcase name="Post_Import_ULO_OTP_All_Validation_Tests" time="0.775" classname="com.symantec.vip.automation.ConfigurationImportTest_kesav"/>
  <testcase name="Post_Import_ULO_OTP_All_Validation_Tests" time="0.582" classname="com.symantec.vip.automation.ConfigurationImportTest_kesav"/>
  <testcase name="Post_Import_ULO_OTP_All_Validation_Tests" time="0.608" classname="com.symantec.vip.automation.ConfigurationImportTest_kesav"/>
  <testcase name="Post_Import_ULO_OTP_All_Validation_Tests" time="0.598" classname="com.symantec.vip.automation.ConfigurationImportTest_kesav"/>
  <testcase name="Post_Import_ULO_OTP_All_Validation_Tests" time="0.602" classname="com.symantec.vip.automation.ConfigurationImportTest_kesav"/>
  <testcase name="Post_Import_ULO_OTP_All_Validation_Tests" time="0.584" classname="com.symantec.vip.automation.ConfigurationImportTest_kesav"/>
  <testcase name="Post_Import_ULO_OTP_All_Validation_Tests" time="0.593" classname="com.symantec.vip.automation.ConfigurationImportTest_kesav"/>
  <testcase name="Post_Import_ULO_OTP_All_Validation_Tests" time="0.598" classname="com.symantec.vip.automation.ConfigurationImportTest_kesav"/>
  <testcase name="Post_Import_ULO_OTP_All_Validation_Tests" time="0.664" classname="com.symantec.vip.automation.ConfigurationImportTest_kesav"/>
  <testcase name="Post_Import_ULO_OTP_All_Validation_Tests" time="0.602" classname="com.symantec.vip.automation.ConfigurationImportTest_kesav"/>
  <testcase name="Post_Import_ULO_OTP_All_Validation_Tests" time="2.851" classname="com.symantec.vip.automation.ConfigurationImportTest_kesav"/>
  <testcase name="Post_Import_ULO_OTP_All_Validation_Tests" time="2.86" classname="com.symantec.vip.automation.ConfigurationImportTest_kesav"/>
  <testcase name="Post_Import_ULO_OTP_All_Validation_Tests" time="2.863" classname="com.symantec.vip.automation.ConfigurationImportTest_kesav"/>
  <testcase name="Post_Import_ULO_OTP_All_Validation_Tests" time="0.625" classname="com.symantec.vip.automation.ConfigurationImportTest_kesav"/>
  <testcase name="Post_Import_ULO_OTP_All_Validation_Tests" time="0.588" classname="com.symantec.vip.automation.ConfigurationImportTest_kesav"/>
  <testcase name="Post_Import_ULO_OTP_All_Validation_Tests" time="0.583" classname="com.symantec.vip.automation.ConfigurationImportTest_kesav"/>
  <testcase name="Post_Import_ULO_OTP_All_Validation_Tests" time="0.598" classname="com.symantec.vip.automation.ConfigurationImportTest_kesav"/>
  <testcase name="Post_Import_ULO_OTP_All_Validation_Tests" time="0.59" classname="com.symantec.vip.automation.ConfigurationImportTest_kesav"/>
  <testcase name="Post_Import_ULO_OTP_All_Validation_Tests" time="0.636" classname="com.symantec.vip.automation.ConfigurationImportTest_kesav"/>
  <testcase name="Post_Import_ULO_OTP_All_Validation_Tests" time="1.293" classname="com.symantec.vip.automation.ConfigurationImportTest_kesav"/>
  <testcase name="Post_Import_ULO_OTP_All_Validation_Tests" time="1.18" classname="com.symantec.vip.automation.ConfigurationImportTest_kesav"/>
  <testcase name="Post_Import_ULO_OTP_All_Validation_Tests" time="1.008" classname="com.symantec.vip.automation.ConfigurationImportTest_kesav"/>
  <testcase name="Post_Import_ULO_OTP_All_Validation_Tests" time="0.987" classname="com.symantec.vip.automation.ConfigurationImportTest_kesav"/>
  <testcase name="Post_Import_ULO_OTP_All_Validation_Tests" time="1.036" classname="com.symantec.vip.automation.ConfigurationImportTest_kesav"/>
  <testcase name="Post_Import_ULO_OTP_All_Validation_Tests" time="0.98" classname="com.symantec.vip.automation.ConfigurationImportTest_kesav"/>
  <testcase name="Post_Import_ULO_OTP_All_Validation_Tests" time="0.986" classname="com.symantec.vip.automation.ConfigurationImportTest_kesav"/>
  <testcase name="Post_Import_ULO_OTP_All_Validation_Tests" time="1.109" classname="com.symantec.vip.automation.ConfigurationImportTest_kesav"/>
  <testcase name="Post_Import_ULO_OTP_All_Validation_Tests" time="0.974" classname="com.symantec.vip.automation.ConfigurationImportTest_kesav"/>
  <testcase name="Post_Import_ULO_OTP_All_Validation_Tests" time="0.97" classname="com.symantec.vip.automation.ConfigurationImportTest_kesav"/>
  <testcase name="Post_Import_ULO_OTP_All_Validation_Tests" time="1.025" classname="com.symantec.vip.automation.ConfigurationImportTest_kesav"/>
  <testcase name="Post_Import_ULO_OTP_All_Validation_Tests" time="0.994" classname="com.symantec.vip.automation.ConfigurationImportTest_kesav"/>
  <testcase name="Post_Import_ULO_OTP_All_Validation_Tests" time="1.017" classname="com.symantec.vip.automation.ConfigurationImportTest_kesav"/>
  <testcase name="Post_Import_ULO_OTP_All_Validation_Tests" time="1.025" classname="com.symantec.vip.automation.ConfigurationImportTest_kesav"/>
  <testcase name="Post_Import_ULO_OTP_All_Validation_Tests" time="0.993" classname="com.symantec.vip.automation.ConfigurationImportTest_kesav"/>
  <testcase name="Post_Import_ULO_OTP_All_Validation_Tests" time="3.305" classname="com.symantec.vip.automation.ConfigurationImportTest_kesav"/>
  <testcase name="Post_Import_ULO_OTP_All_Validation_Tests" time="3.414" classname="com.symantec.vip.automation.ConfigurationImportTest_kesav"/>
  <testcase name="Post_Import_ULO_OTP_All_Validation_Tests" time="3.337" classname="com.symantec.vip.automation.ConfigurationImportTest_kesav"/>
  <testcase name="Post_Import_ULO_OTP_All_Validation_Tests" time="0.983" classname="com.symantec.vip.automation.ConfigurationImportTest_kesav"/>
  <testcase name="Post_Import_ULO_OTP_All_Validation_Tests" time="1.0" classname="com.symantec.vip.automation.ConfigurationImportTest_kesav"/>
  <testcase name="Post_Import_ULO_OTP_All_Validation_Tests" time="0.983" classname="com.symantec.vip.automation.ConfigurationImportTest_kesav"/>
  <testcase name="Post_Import_ULO_OTP_All_Validation_Tests" time="1.346" classname="com.symantec.vip.automation.ConfigurationImportTest_kesav"/>
  <testcase name="Post_Import_ULO_OTP_All_Validation_Tests" time="0.981" classname="com.symantec.vip.automation.ConfigurationImportTest_kesav"/>
  <testcase name="Post_Import_ULO_OTP_All_Validation_Tests" time="0.821" classname="com.symantec.vip.automation.ConfigurationImportTest_kesav"/>
  <testcase name="Post_Import_ULO_OTP_All_Validation_Tests" time="0.839" classname="com.symantec.vip.automation.ConfigurationImportTest_kesav"/>
  <testcase name="Post_Import_ULO_OTP_All_Validation_Tests" time="0.939" classname="com.symantec.vip.automation.ConfigurationImportTest_kesav"/>
  <testcase name="Post_Import_ULO_OTP_All_Validation_Tests" time="1.011" classname="com.symantec.vip.automation.ConfigurationImportTest_kesav"/>
  <testcase name="Post_Import_ULO_OTP_All_Validation_Tests" time="0.943" classname="com.symantec.vip.automation.ConfigurationImportTest_kesav"/>
  <testcase name="Post_Import_ULO_OTP_All_Validation_Tests" time="1.254" classname="com.symantec.vip.automation.ConfigurationImportTest_kesav"/>
  <testcase name="Post_Import_ULO_OTP_All_Validation_Tests" time="0.769" classname="com.symantec.vip.automation.ConfigurationImportTest_kesav"/>
  <testcase name="Post_Import_ULO_OTP_All_Validation_Tests" time="0.979" classname="com.symantec.vip.automation.ConfigurationImportTest_kesav"/>
  <testcase name="Post_Import_ULO_OTP_All_Validation_Tests" time="0.947" classname="com.symantec.vip.automation.ConfigurationImportTest_kesav"/>
  <testcase name="Post_Import_ULO_OTP_All_Validation_Tests" time="0.746" classname="com.symantec.vip.automation.ConfigurationImportTest_kesav"/>
  <testcase name="Post_Import_ULO_OTP_All_Validation_Tests" time="0.735" classname="com.symantec.vip.automation.ConfigurationImportTest_kesav"/>
  <testcase name="Post_Import_ULO_OTP_All_Validation_Tests" time="0.764" classname="com.symantec.vip.automation.ConfigurationImportTest_kesav"/>
  <testcase name="Post_Import_ULO_OTP_All_Validation_Tests" time="0.757" classname="com.symantec.vip.automation.ConfigurationImportTest_kesav"/>
  <testcase name="Post_Import_ULO_OTP_All_Validation_Tests" time="0.762" classname="com.symantec.vip.automation.ConfigurationImportTest_kesav"/>
  <testcase name="Post_Import_ULO_OTP_All_Validation_Tests" time="3.046" classname="com.symantec.vip.automation.ConfigurationImportTest_kesav"/>
  <testcase name="Post_Import_ULO_OTP_All_Validation_Tests" time="3.037" classname="com.symantec.vip.automation.ConfigurationImportTest_kesav"/>
  <testcase name="Post_Import_ULO_OTP_All_Validation_Tests" time="3.026" classname="com.symantec.vip.automation.ConfigurationImportTest_kesav"/>
  <testcase name="Post_Import_ULO_OTP_All_Validation_Tests" time="0.773" classname="com.symantec.vip.automation.ConfigurationImportTest_kesav"/>
  <testcase name="Post_Import_ULO_OTP_All_Validation_Tests" time="0.908" classname="com.symantec.vip.automation.ConfigurationImportTest_kesav"/>
  <testcase name="Post_Import_ULO_OTP_All_Validation_Tests" time="0.742" classname="com.symantec.vip.automation.ConfigurationImportTest_kesav"/>
  <testcase name="Post_Import_ULO_OTP_All_Validation_Tests" time="0.748" classname="com.symantec.vip.automation.ConfigurationImportTest_kesav"/>
  <testcase name="Post_Import_ULO_OTP_All_Validation_Tests" time="0.984" classname="com.symantec.vip.automation.ConfigurationImportTest_kesav"/>
  <testcase name="Post_Import_ULO_OTP_All_Validation_Tests" time="0.773" classname="com.symantec.vip.automation.ConfigurationImportTest_kesav"/>
  <testcase name="Post_Import_ULO_OTP_All_Validation_Tests" time="1.049" classname="com.symantec.vip.automation.ConfigurationImportTest_kesav"/>
  <testcase name="Post_Import_ULO_OTP_All_Validation_Tests" time="0.82" classname="com.symantec.vip.automation.ConfigurationImportTest_kesav"/>
  <testcase name="Post_Import_ULO_OTP_All_Validation_Tests" time="0.96" classname="com.symantec.vip.automation.ConfigurationImportTest_kesav"/>
  <testcase name="Post_Import_ULO_OTP_All_Validation_Tests" time="0.924" classname="com.symantec.vip.automation.ConfigurationImportTest_kesav"/>
  <testcase name="Post_Import_ULO_OTP_All_Validation_Tests" time="0.724" classname="com.symantec.vip.automation.ConfigurationImportTest_kesav"/>
  <testcase name="Post_Import_ULO_OTP_All_Validation_Tests" time="0.724" classname="com.symantec.vip.automation.ConfigurationImportTest_kesav"/>
  <testcase name="Post_Import_ULO_OTP_All_Validation_Tests" time="0.727" classname="com.symantec.vip.automation.ConfigurationImportTest_kesav"/>
  <testcase name="Post_Import_ULO_OTP_All_Validation_Tests" time="0.726" classname="com.symantec.vip.automation.ConfigurationImportTest_kesav"/>
  <testcase name="Post_Import_ULO_OTP_All_Validation_Tests" time="0.745" classname="com.symantec.vip.automation.ConfigurationImportTest_kesav"/>
  <testcase name="Post_Import_ULO_OTP_All_Validation_Tests" time="0.724" classname="com.symantec.vip.automation.ConfigurationImportTest_kesav"/>
  <testcase name="Post_Import_ULO_OTP_All_Validation_Tests" time="0.882" classname="com.symantec.vip.automation.ConfigurationImportTest_kesav"/>
  <testcase name="Post_Import_ULO_OTP_All_Validation_Tests" time="0.745" classname="com.symantec.vip.automation.ConfigurationImportTest_kesav"/>
  <testcase name="Post_Import_ULO_OTP_All_Validation_Tests" time="0.986" classname="com.symantec.vip.automation.ConfigurationImportTest_kesav"/>
  <testcase name="Post_Import_ULO_OTP_All_Validation_Tests" time="3.001" classname="com.symantec.vip.automation.ConfigurationImportTest_kesav"/>
  <testcase name="Post_Import_ULO_OTP_All_Validation_Tests" time="2.995" classname="com.symantec.vip.automation.ConfigurationImportTest_kesav"/>
  <testcase name="Post_Import_ULO_OTP_All_Validation_Tests" time="3.004" classname="com.symantec.vip.automation.ConfigurationImportTest_kesav"/>
  <testcase name="Post_Import_ULO_OTP_All_Validation_Tests" time="0.73" classname="com.symantec.vip.automation.ConfigurationImportTest_kesav"/>
  <testcase name="Post_Import_ULO_OTP_All_Validation_Tests" time="0.904" classname="com.symantec.vip.automation.ConfigurationImportTest_kesav"/>
  <testcase name="Post_Import_ULO_OTP_All_Validation_Tests" time="0.725" classname="com.symantec.vip.automation.ConfigurationImportTest_kesav"/>
  <testcase name="Post_Import_ULO_OTP_All_Validation_Tests" time="0.727" classname="com.symantec.vip.automation.ConfigurationImportTest_kesav"/>
  <testcase name="Post_Import_ULO_OTP_All_Validation_Tests" time="0.921" classname="com.symantec.vip.automation.ConfigurationImportTest_kesav"/>
  <testcase name="Post_Import_ULO_OTP_All_Validation_Tests" time="0.745" classname="com.symantec.vip.automation.ConfigurationImportTest_kesav"/>
  <testcase name="Post_Import_ULO_OTP_All_Validation_Tests" time="0.711" classname="com.symantec.vip.automation.ConfigurationImportTest_kesav"/>
  <testcase name="Post_Import_ULO_OTP_All_Validation_Tests" time="0.735" classname="com.symantec.vip.automation.ConfigurationImportTest_kesav"/>
  <testcase name="Post_Import_ULO_OTP_All_Validation_Tests" time="0.955" classname="com.symantec.vip.automation.ConfigurationImportTest_kesav"/>
  <testcase name="Post_Import_ULO_OTP_All_Validation_Tests" time="0.95" classname="com.symantec.vip.automation.ConfigurationImportTest_kesav"/>
  <testcase name="Post_Import_ULO_OTP_All_Validation_Tests" time="0.737" classname="com.symantec.vip.automation.ConfigurationImportTest_kesav"/>
  <testcase name="Post_Import_ULO_OTP_All_Validation_Tests" time="0.716" classname="com.symantec.vip.automation.ConfigurationImportTest_kesav"/>
  <testcase name="Post_Import_ULO_OTP_All_Validation_Tests" time="0.719" classname="com.symantec.vip.automation.ConfigurationImportTest_kesav"/>
  <testcase name="Post_Import_ULO_OTP_All_Validation_Tests" time="0.71" classname="com.symantec.vip.automation.ConfigurationImportTest_kesav"/>
  <testcase name="Post_Import_ULO_OTP_All_Validation_Tests" time="0.716" classname="com.symantec.vip.automation.ConfigurationImportTest_kesav"/>
  <testcase name="Post_Import_ULO_OTP_All_Validation_Tests" time="0.898" classname="com.symantec.vip.automation.ConfigurationImportTest_kesav"/>
  <testcase name="Post_Import_ULO_OTP_All_Validation_Tests" time="1.085" classname="com.symantec.vip.automation.ConfigurationImportTest_kesav"/>
  <testcase name="Post_Import_ULO_OTP_All_Validation_Tests" time="0.888" classname="com.symantec.vip.automation.ConfigurationImportTest_kesav"/>
  <testcase name="Post_Import_ULO_OTP_All_Validation_Tests" time="0.703" classname="com.symantec.vip.automation.ConfigurationImportTest_kesav"/>
  <testcase name="Post_Import_ULO_OTP_All_Validation_Tests" time="2.967" classname="com.symantec.vip.automation.ConfigurationImportTest_kesav"/>
  <testcase name="Post_Import_ULO_OTP_All_Validation_Tests" time="2.971" classname="com.symantec.vip.automation.ConfigurationImportTest_kesav"/>
  <testcase name="Post_Import_ULO_OTP_All_Validation_Tests" time="2.95" classname="com.symantec.vip.automation.ConfigurationImportTest_kesav"/>
  <testcase name="Post_Import_ULO_OTP_All_Validation_Tests" time="0.903" classname="com.symantec.vip.automation.ConfigurationImportTest_kesav"/>
  <testcase name="Post_Import_ULO_OTP_All_Validation_Tests" time="0.688" classname="com.symantec.vip.automation.ConfigurationImportTest_kesav"/>
  <testcase name="Post_Import_ULO_OTP_All_Validation_Tests" time="0.682" classname="com.symantec.vip.automation.ConfigurationImportTest_kesav"/>
  <testcase name="Post_Import_ULO_OTP_All_Validation_Tests" time="0.708" classname="com.symantec.vip.automation.ConfigurationImportTest_kesav"/>
  <testcase name="Post_Import_ULO_OTP_All_Validation_Tests" time="0.902" classname="com.symantec.vip.automation.ConfigurationImportTest_kesav"/>
  <testcase name="Post_Import_ULO_OTP_All_Validation_Tests" time="2.1" classname="com.symantec.vip.automation.ConfigurationImportTest_kesav"/>
  <testcase name="Post_Import_ULO_OTP_All_Validation_Tests" time="0.808" classname="com.symantec.vip.automation.ConfigurationImportTest_kesav"/>
  <testcase name="Post_Import_ULO_OTP_All_Validation_Tests" time="0.704" classname="com.symantec.vip.automation.ConfigurationImportTest_kesav"/>
  <testcase name="Post_Import_ULO_OTP_All_Validation_Tests" time="0.698" classname="com.symantec.vip.automation.ConfigurationImportTest_kesav"/>
  <testcase name="Post_Import_ULO_OTP_All_Validation_Tests" time="0.729" classname="com.symantec.vip.automation.ConfigurationImportTest_kesav"/>
  <testcase name="Post_Import_ULO_OTP_All_Validation_Tests" time="0.702" classname="com.symantec.vip.automation.ConfigurationImportTest_kesav"/>
  <testcase name="Post_Import_ULO_OTP_All_Validation_Tests" time="0.91" classname="com.symantec.vip.automation.ConfigurationImportTest_kesav"/>
  <testcase name="Post_Import_ULO_OTP_All_Validation_Tests" time="0.667" classname="com.symantec.vip.automation.ConfigurationImportTest_kesav"/>
  <testcase name="Post_Import_ULO_OTP_All_Validation_Tests" time="0.7" classname="com.symantec.vip.automation.ConfigurationImportTest_kesav"/>
  <testcase name="Post_Import_ULO_OTP_All_Validation_Tests" time="0.66" classname="com.symantec.vip.automation.ConfigurationImportTest_kesav"/>
  <testcase name="Post_Import_ULO_OTP_All_Validation_Tests" time="0.676" classname="com.symantec.vip.automation.ConfigurationImportTest_kesav"/>
  <testcase name="Post_Import_ULO_OTP_All_Validation_Tests" time="0.701" classname="com.symantec.vip.automation.ConfigurationImportTest_kesav"/>
  <testcase name="Post_Import_ULO_OTP_All_Validation_Tests" time="0.687" classname="com.symantec.vip.automation.ConfigurationImportTest_kesav"/>
  <testcase name="Post_Import_ULO_OTP_All_Validation_Tests" time="0.707" classname="com.symantec.vip.automation.ConfigurationImportTest_kesav"/>
  <testcase name="Post_Import_ULO_OTP_All_Validation_Tests" time="2.964" classname="com.symantec.vip.automation.ConfigurationImportTest_kesav"/>
  <testcase name="Post_Import_ULO_OTP_All_Validation_Tests" time="3.002" classname="com.symantec.vip.automation.ConfigurationImportTest_kesav"/>
  <testcase name="Post_Import_ULO_OTP_All_Validation_Tests" time="2.979" classname="com.symantec.vip.automation.ConfigurationImportTest_kesav"/>
  <testcase name="Post_Import_ULO_OTP_All_Validation_Tests" time="0.728" classname="com.symantec.vip.automation.ConfigurationImportTest_kesav"/>
  <testcase name="Post_Import_ULO_OTP_All_Validation_Tests" time="0.685" classname="com.symantec.vip.automation.ConfigurationImportTest_kesav"/>
  <testcase name="Post_Import_ULO_OTP_All_Validation_Tests" time="0.717" classname="com.symantec.vip.automation.ConfigurationImportTest_kesav"/>
  <testcase name="Post_Import_ULO_OTP_All_Validation_Tests" time="0.706" classname="com.symantec.vip.automation.ConfigurationImportTest_kesav"/>
  <testcase name="Post_Import_ULO_OTP_All_Validation_Tests" time="0.873" classname="com.symantec.vip.automation.ConfigurationImportTest_kesav"/>
  <testcase name="Post_Import_ULO_OTP_All_Validation_Tests" time="0.9" classname="com.symantec.vip.automation.ConfigurationImportTest_kesav"/>
  <testcase name="Post_Import_ULO_OTP_All_Validation_Tests" time="0.691" classname="com.symantec.vip.automation.ConfigurationImportTest_kesav"/>
  <testcase name="Post_Import_ULO_OTP_All_Validation_Tests" time="0.704" classname="com.symantec.vip.automation.ConfigurationImportTest_kesav"/>
  <testcase name="Post_Import_ULO_OTP_All_Validation_Tests" time="0.717" classname="com.symantec.vip.automation.ConfigurationImportTest_kesav"/>
  <testcase name="Post_Import_ULO_OTP_All_Validation_Tests" time="0.901" classname="com.symantec.vip.automation.ConfigurationImportTest_kesav"/>
  <testcase name="Post_Import_ULO_OTP_All_Validation_Tests" time="0.911" classname="com.symantec.vip.automation.ConfigurationImportTest_kesav"/>
  <testcase name="Post_Import_ULO_OTP_All_Validation_Tests" time="0.699" classname="com.symantec.vip.automation.ConfigurationImportTest_kesav"/>
  <testcase name="Post_Import_ULO_OTP_All_Validation_Tests" time="0.565" classname="com.symantec.vip.automation.ConfigurationImportTest_kesav"/>
  <testcase name="Post_Import_ULO_OTP_All_Validation_Tests" time="0.559" classname="com.symantec.vip.automation.ConfigurationImportTest_kesav"/>
  <testcase name="Post_Import_ULO_OTP_All_Validation_Tests" time="0.544" classname="com.symantec.vip.automation.ConfigurationImportTest_kesav"/>
  <testcase name="Post_Import_ULO_OTP_All_Validation_Tests" time="0.547" classname="com.symantec.vip.automation.ConfigurationImportTest_kesav"/>
  <testcase name="Post_Import_ULO_OTP_All_Validation_Tests" time="0.571" classname="com.symantec.vip.automation.ConfigurationImportTest_kesav"/>
  <testcase name="Post_Import_ULO_OTP_All_Validation_Tests" time="0.561" classname="com.symantec.vip.automation.ConfigurationImportTest_kesav"/>
  <testcase name="Post_Import_ULO_OTP_All_Validation_Tests" time="0.542" classname="com.symantec.vip.automation.ConfigurationImportTest_kesav"/>
  <testcase name="Post_Import_ULO_OTP_All_Validation_Tests" time="0.55" classname="com.symantec.vip.automation.ConfigurationImportTest_kesav"/>
  <testcase name="Post_Import_ULO_OTP_All_Validation_Tests" time="0.713" classname="com.symantec.vip.automation.ConfigurationImportTest_kesav"/>
  <testcase name="Post_Import_ULO_OTP_All_Validation_Tests" time="0.751" classname="com.symantec.vip.automation.ConfigurationImportTest_kesav"/>
  <testcase name="Post_Import_ULO_OTP_All_Validation_Tests" time="0.909" classname="com.symantec.vip.automation.ConfigurationImportTest_kesav"/>
  <testcase name="Post_Import_ULO_OTP_All_Validation_Tests" time="0.702" classname="com.symantec.vip.automation.ConfigurationImportTest_kesav"/>
  <testcase name="Post_Import_ULO_OTP_All_Validation_Tests" time="0.706" classname="com.symantec.vip.automation.ConfigurationImportTest_kesav"/>
  <testcase name="Post_Import_ULO_OTP_All_Validation_Tests" time="0.728" classname="com.symantec.vip.automation.ConfigurationImportTest_kesav"/>
  <testcase name="Post_Import_ULO_OTP_All_Validation_Tests" time="0.679" classname="com.symantec.vip.automation.ConfigurationImportTest_kesav"/>
  <testcase name="Post_Import_ULO_OTP_All_Validation_Tests" time="0.943" classname="com.symantec.vip.automation.ConfigurationImportTest_kesav"/>
  <testcase name="Post_Import_ULO_OTP_All_Validation_Tests" time="0.747" classname="com.symantec.vip.automation.ConfigurationImportTest_kesav"/>
  <testcase name="Post_Import_ULO_OTP_All_Validation_Tests" time="0.573" classname="com.symantec.vip.automation.ConfigurationImportTest_kesav"/>
  <testcase name="Post_Import_ULO_OTP_All_Validation_Tests" time="0.595" classname="com.symantec.vip.automation.ConfigurationImportTest_kesav"/>
  <testcase name="Post_Import_ULO_OTP_All_Validation_Tests" time="0.548" classname="com.symantec.vip.automation.ConfigurationImportTest_kesav"/>
  <testcase name="Post_Import_ULO_OTP_All_Validation_Tests" time="0.565" classname="com.symantec.vip.automation.ConfigurationImportTest_kesav"/>
  <testcase name="Post_Import_ULO_OTP_All_Validation_Tests" time="0.574" classname="com.symantec.vip.automation.ConfigurationImportTest_kesav"/>
  <testcase name="Post_Import_ULO_OTP_All_Validation_Tests" time="0.553" classname="com.symantec.vip.automation.ConfigurationImportTest_kesav"/>
  <testcase name="Post_Import_ULO_OTP_All_Validation_Tests" time="0.571" classname="com.symantec.vip.automation.ConfigurationImportTest_kesav"/>
  <testcase name="Post_Import_ULO_Push_All_Validation_Tests" time="29.786" classname="com.symantec.vip.automation.ConfigurationImportTest_kesav"/>
  <testcase name="Post_Import_ULO_Push_All_Validation_Tests" time="29.552" classname="com.symantec.vip.automation.ConfigurationImportTest_kesav">
    <failure type="java.lang.AssertionError" message="Reason Code Received:0. Meaning: Received Access-Accept from server Additional message was Received access-accept as immediate response from server
 expected [access-reject] but found [access-accept]">
      <![CDATA[java.lang.AssertionError: Reason Code Received:0. Meaning: Received Access-Accept from server Additional message was Received access-accept as immediate response from server
 expected [access-reject] but found [access-accept]
	at com.symantec.vip.automation.eg.radius.RadiusTestHelper.ValidateTestResult(RadiusTestHelper.java:262)
	at com.symantec.vip.automation.eg.radius.RadiusTestHelper.InvokeRadiusTests(RadiusTestHelper.java:117)
	at com.symantec.vip.automation.ConfigurationImportTest_kesav.Post_Import_ULO_Push_All_Validation_Tests(ConfigurationImportTest_kesav.java:181)
... Removed 31 stack frames]]>
    </failure>
  </testcase> <!-- Post_Import_ULO_Push_All_Validation_Tests -->
  <testcase name="Post_Import_ULO_Push_All_Validation_Tests" time="29.069" classname="com.symantec.vip.automation.ConfigurationImportTest_kesav">
    <failure type="java.lang.AssertionError" message="Reason Code Received:0. Meaning: Received Access-Accept from server Additional message was Received access-accept as immediate response from server
 expected [access-reject] but found [access-accept]">
      <![CDATA[java.lang.AssertionError: Reason Code Received:0. Meaning: Received Access-Accept from server Additional message was Received access-accept as immediate response from server
 expected [access-reject] but found [access-accept]
	at com.symantec.vip.automation.eg.radius.RadiusTestHelper.ValidateTestResult(RadiusTestHelper.java:262)
	at com.symantec.vip.automation.eg.radius.RadiusTestHelper.InvokeRadiusTests(RadiusTestHelper.java:117)
	at com.symantec.vip.automation.ConfigurationImportTest_kesav.Post_Import_ULO_Push_All_Validation_Tests(ConfigurationImportTest_kesav.java:181)
... Removed 31 stack frames]]>
    </failure>
  </testcase> <!-- Post_Import_ULO_Push_All_Validation_Tests -->
  <testcase name="Post_Import_ULO_Push_All_Validation_Tests" time="30.486" classname="com.symantec.vip.automation.ConfigurationImportTest_kesav"/>
  <testcase name="Post_Import_ULO_Push_All_Validation_Tests" time="30.427" classname="com.symantec.vip.automation.ConfigurationImportTest_kesav"/>
  <testcase name="Post_Import_ULO_Push_All_Validation_Tests" time="30.404" classname="com.symantec.vip.automation.ConfigurationImportTest_kesav"/>
  <testcase name="Post_Import_ULO_Push_All_Validation_Tests" time="30.219" classname="com.symantec.vip.automation.ConfigurationImportTest_kesav"/>
  <testcase name="Post_Import_ULO_Push_All_Validation_Tests" time="30.395" classname="com.symantec.vip.automation.ConfigurationImportTest_kesav"/>
  <testcase name="Post_Import_ULO_Push_All_Validation_Tests" time="30.087" classname="com.symantec.vip.automation.ConfigurationImportTest_kesav"/>
  <testcase name="Post_Import_ULO_Push_All_Validation_Tests" time="29.194" classname="com.symantec.vip.automation.ConfigurationImportTest_kesav"/>
  <testcase name="Post_Import_ULO_Push_All_Validation_Tests" time="35.281" classname="com.symantec.vip.automation.ConfigurationImportTest_kesav"/>
  <testcase name="Post_Import_ULO_Push_All_Validation_Tests" time="29.535" classname="com.symantec.vip.automation.ConfigurationImportTest_kesav"/>
  <testcase name="Post_Import_ULO_Push_All_Validation_Tests" time="30.178" classname="com.symantec.vip.automation.ConfigurationImportTest_kesav"/>
  <testcase name="Post_Import_ULO_Push_All_Validation_Tests" time="29.047" classname="com.symantec.vip.automation.ConfigurationImportTest_kesav"/>
  <testcase name="Post_Import_ULO_Push_All_Validation_Tests" time="30.347" classname="com.symantec.vip.automation.ConfigurationImportTest_kesav"/>
  <testcase name="Post_Import_ULO_Push_All_Validation_Tests" time="30.295" classname="com.symantec.vip.automation.ConfigurationImportTest_kesav"/>
  <testcase name="Post_Import_ULO_Push_All_Validation_Tests" time="35.685" classname="com.symantec.vip.automation.ConfigurationImportTest_kesav"/>
  <testcase name="Post_Import_ULO_Push_All_Validation_Tests" time="37.767" classname="com.symantec.vip.automation.ConfigurationImportTest_kesav"/>
  <testcase name="Post_Import_ULO_Push_All_Validation_Tests" time="38.89" classname="com.symantec.vip.automation.ConfigurationImportTest_kesav"/>
  <testcase name="Post_Import_ULO_Push_All_Validation_Tests" time="35.663" classname="com.symantec.vip.automation.ConfigurationImportTest_kesav"/>
  <testcase name="Post_Import_ULO_Push_All_Validation_Tests" time="35.911" classname="com.symantec.vip.automation.ConfigurationImportTest_kesav"/>
  <testcase name="Post_Import_ULO_Push_All_Validation_Tests" time="35.653" classname="com.symantec.vip.automation.ConfigurationImportTest_kesav"/>
  <testcase name="Post_Import_ULO_Push_All_Validation_Tests" time="33.598" classname="com.symantec.vip.automation.ConfigurationImportTest_kesav"/>
  <testcase name="Post_Import_ULO_Push_All_Validation_Tests" time="32.635" classname="com.symantec.vip.automation.ConfigurationImportTest_kesav"/>
  <testcase name="Post_Import_ULO_Push_All_Validation_Tests" time="34.358" classname="com.symantec.vip.automation.ConfigurationImportTest_kesav"/>
  <testcase name="Post_Import_ULO_Push_All_Validation_Tests" time="33.703" classname="com.symantec.vip.automation.ConfigurationImportTest_kesav"/>
  <testcase name="Post_Import_ULO_Push_All_Validation_Tests" time="32.51" classname="com.symantec.vip.automation.ConfigurationImportTest_kesav"/>
  <testcase name="Post_Import_ULO_Push_All_Validation_Tests" time="32.426" classname="com.symantec.vip.automation.ConfigurationImportTest_kesav"/>
  <testcase name="Post_Import_ULO_Push_All_Validation_Tests" time="32.484" classname="com.symantec.vip.automation.ConfigurationImportTest_kesav"/>
  <testcase name="Post_Import_ULO_Push_All_Validation_Tests" time="36.893" classname="com.symantec.vip.automation.ConfigurationImportTest_kesav"/>
  <testcase name="Post_Import_ULO_Push_All_Validation_Tests" time="38.522" classname="com.symantec.vip.automation.ConfigurationImportTest_kesav"/>
  <testcase name="Post_Import_ULO_Push_All_Validation_Tests" time="32.641" classname="com.symantec.vip.automation.ConfigurationImportTest_kesav"/>
  <testcase name="Post_Import_ULO_Push_All_Validation_Tests" time="32.37" classname="com.symantec.vip.automation.ConfigurationImportTest_kesav"/>
  <testcase name="Post_Import_ULO_Push_All_Validation_Tests" time="34.474" classname="com.symantec.vip.automation.ConfigurationImportTest_kesav"/>
  <testcase name="Post_Import_ULO_Push_All_Validation_Tests" time="32.44" classname="com.symantec.vip.automation.ConfigurationImportTest_kesav"/>
  <testcase name="Post_Import_ULO_Push_All_Validation_Tests" time="32.214" classname="com.symantec.vip.automation.ConfigurationImportTest_kesav"/>
  <testcase name="Post_Import_ULUO_OTP_All_Validation_Tests" time="0.889" classname="com.symantec.vip.automation.ConfigurationImportTest_kesav"/>
  <testcase name="Post_Import_ULUO_OTP_All_Validation_Tests" time="0.668" classname="com.symantec.vip.automation.ConfigurationImportTest_kesav"/>
  <testcase name="Post_Import_ULUO_OTP_All_Validation_Tests" time="0.857" classname="com.symantec.vip.automation.ConfigurationImportTest_kesav"/>
  <testcase name="Post_Import_ULUO_OTP_All_Validation_Tests" time="0.676" classname="com.symantec.vip.automation.ConfigurationImportTest_kesav"/>
  <testcase name="Post_Import_ULUO_OTP_All_Validation_Tests" time="0.639" classname="com.symantec.vip.automation.ConfigurationImportTest_kesav"/>
  <testcase name="Post_Import_ULUO_OTP_All_Validation_Tests" time="0.661" classname="com.symantec.vip.automation.ConfigurationImportTest_kesav"/>
  <testcase name="Post_Import_ULUO_OTP_All_Validation_Tests" time="0.669" classname="com.symantec.vip.automation.ConfigurationImportTest_kesav"/>
  <testcase name="Post_Import_ULUO_OTP_All_Validation_Tests" time="0.868" classname="com.symantec.vip.automation.ConfigurationImportTest_kesav"/>
  <testcase name="Post_Import_ULUO_OTP_All_Validation_Tests" time="0.657" classname="com.symantec.vip.automation.ConfigurationImportTest_kesav"/>
  <testcase name="Post_Import_ULUO_OTP_All_Validation_Tests" time="0.821" classname="com.symantec.vip.automation.ConfigurationImportTest_kesav"/>
  <testcase name="Post_Import_ULUO_OTP_All_Validation_Tests" time="0.653" classname="com.symantec.vip.automation.ConfigurationImportTest_kesav"/>
  <testcase name="Post_Import_ULUO_OTP_All_Validation_Tests" time="0.686" classname="com.symantec.vip.automation.ConfigurationImportTest_kesav"/>
  <testcase name="Post_Import_ULUO_OTP_All_Validation_Tests" time="0.668" classname="com.symantec.vip.automation.ConfigurationImportTest_kesav"/>
  <testcase name="Post_Import_ULUO_OTP_All_Validation_Tests" time="0.638" classname="com.symantec.vip.automation.ConfigurationImportTest_kesav"/>
  <testcase name="Post_Import_ULUO_OTP_All_Validation_Tests" time="0.566" classname="com.symantec.vip.automation.ConfigurationImportTest_kesav"/>
  <testcase name="Post_Import_ULUO_OTP_All_Validation_Tests" time="0.563" classname="com.symantec.vip.automation.ConfigurationImportTest_kesav"/>
  <testcase name="Post_Import_ULUO_OTP_All_Validation_Tests" time="0.559" classname="com.symantec.vip.automation.ConfigurationImportTest_kesav"/>
  <testcase name="Post_Import_ULUO_OTP_All_Validation_Tests" time="0.841" classname="com.symantec.vip.automation.ConfigurationImportTest_kesav"/>
  <testcase name="Post_Import_ULUO_OTP_All_Validation_Tests" time="0.932" classname="com.symantec.vip.automation.ConfigurationImportTest_kesav"/>
  <testcase name="Post_Import_ULUO_OTP_All_Validation_Tests" time="0.858" classname="com.symantec.vip.automation.ConfigurationImportTest_kesav"/>
  <testcase name="Post_Import_ULUO_OTP_All_Validation_Tests" time="0.928" classname="com.symantec.vip.automation.ConfigurationImportTest_kesav"/>
  <testcase name="Post_Import_ULUO_OTP_All_Validation_Tests" time="0.694" classname="com.symantec.vip.automation.ConfigurationImportTest_kesav"/>
  <testcase name="Post_Import_ULUO_OTP_All_Validation_Tests" time="0.671" classname="com.symantec.vip.automation.ConfigurationImportTest_kesav"/>
  <testcase name="Post_Import_ULUO_OTP_All_Validation_Tests" time="0.643" classname="com.symantec.vip.automation.ConfigurationImportTest_kesav"/>
  <testcase name="Post_Import_ULUO_OTP_All_Validation_Tests" time="0.641" classname="com.symantec.vip.automation.ConfigurationImportTest_kesav"/>
  <testcase name="Post_Import_ULUO_OTP_All_Validation_Tests" time="0.635" classname="com.symantec.vip.automation.ConfigurationImportTest_kesav"/>
  <testcase name="Post_Import_ULUO_OTP_All_Validation_Tests" time="0.845" classname="com.symantec.vip.automation.ConfigurationImportTest_kesav"/>
  <testcase name="Post_Import_ULUO_OTP_All_Validation_Tests" time="0.886" classname="com.symantec.vip.automation.ConfigurationImportTest_kesav"/>
  <testcase name="Post_Import_ULUO_OTP_All_Validation_Tests" time="0.634" classname="com.symantec.vip.automation.ConfigurationImportTest_kesav"/>
  <testcase name="Post_Import_ULUO_OTP_All_Validation_Tests" time="0.864" classname="com.symantec.vip.automation.ConfigurationImportTest_kesav"/>
  <testcase name="Post_Import_ULUO_OTP_All_Validation_Tests" time="0.635" classname="com.symantec.vip.automation.ConfigurationImportTest_kesav"/>
  <testcase name="Post_Import_ULUO_OTP_All_Validation_Tests" time="0.572" classname="com.symantec.vip.automation.ConfigurationImportTest_kesav"/>
  <testcase name="Post_Import_ULUO_OTP_All_Validation_Tests" time="0.618" classname="com.symantec.vip.automation.ConfigurationImportTest_kesav"/>
  <testcase name="Post_Import_ULUO_OTP_All_Validation_Tests" time="0.563" classname="com.symantec.vip.automation.ConfigurationImportTest_kesav"/>
  <testcase name="Post_Import_ULUO_OTP_All_Validation_Tests" time="0.661" classname="com.symantec.vip.automation.ConfigurationImportTest_kesav"/>
  <testcase name="Post_Import_ULUO_OTP_All_Validation_Tests" time="0.656" classname="com.symantec.vip.automation.ConfigurationImportTest_kesav"/>
  <testcase name="Post_Import_ULUO_OTP_All_Validation_Tests" time="0.81" classname="com.symantec.vip.automation.ConfigurationImportTest_kesav"/>
  <testcase name="Post_Import_ULUO_OTP_All_Validation_Tests" time="0.66" classname="com.symantec.vip.automation.ConfigurationImportTest_kesav"/>
  <testcase name="Post_Import_ULUO_OTP_All_Validation_Tests" time="0.658" classname="com.symantec.vip.automation.ConfigurationImportTest_kesav"/>
  <testcase name="Post_Import_ULUO_OTP_All_Validation_Tests" time="0.679" classname="com.symantec.vip.automation.ConfigurationImportTest_kesav"/>
  <testcase name="Post_Import_ULUO_OTP_All_Validation_Tests" time="0.681" classname="com.symantec.vip.automation.ConfigurationImportTest_kesav"/>
  <testcase name="Post_Import_ULUO_OTP_All_Validation_Tests" time="0.886" classname="com.symantec.vip.automation.ConfigurationImportTest_kesav"/>
  <testcase name="Post_Import_ULUO_OTP_All_Validation_Tests" time="0.673" classname="com.symantec.vip.automation.ConfigurationImportTest_kesav"/>
  <testcase name="Post_Import_ULUO_OTP_All_Validation_Tests" time="0.678" classname="com.symantec.vip.automation.ConfigurationImportTest_kesav"/>
  <testcase name="Post_Import_ULUO_OTP_All_Validation_Tests" time="0.681" classname="com.symantec.vip.automation.ConfigurationImportTest_kesav"/>
  <testcase name="Post_Import_ULUO_OTP_All_Validation_Tests" time="0.69" classname="com.symantec.vip.automation.ConfigurationImportTest_kesav"/>
  <testcase name="Post_Import_ULUO_OTP_All_Validation_Tests" time="0.661" classname="com.symantec.vip.automation.ConfigurationImportTest_kesav"/>
  <testcase name="Post_Import_ULUO_OTP_All_Validation_Tests" time="0.687" classname="com.symantec.vip.automation.ConfigurationImportTest_kesav"/>
  <testcase name="Post_Import_ULUO_OTP_All_Validation_Tests" time="0.661" classname="com.symantec.vip.automation.ConfigurationImportTest_kesav"/>
  <testcase name="Post_Import_ULUO_OTP_All_Validation_Tests" time="1.154" classname="com.symantec.vip.automation.ConfigurationImportTest_kesav"/>
  <testcase name="Post_Import_ULUO_OTP_All_Validation_Tests" time="0.83" classname="com.symantec.vip.automation.ConfigurationImportTest_kesav"/>
  <testcase name="Post_Import_ULUO_OTP_All_Validation_Tests" time="0.651" classname="com.symantec.vip.automation.ConfigurationImportTest_kesav"/>
  <testcase name="Post_Import_ULUO_OTP_All_Validation_Tests" time="0.69" classname="com.symantec.vip.automation.ConfigurationImportTest_kesav"/>
  <testcase name="Post_Import_ULUO_OTP_All_Validation_Tests" time="0.704" classname="com.symantec.vip.automation.ConfigurationImportTest_kesav"/>
  <testcase name="Post_Import_ULUO_OTP_All_Validation_Tests" time="0.664" classname="com.symantec.vip.automation.ConfigurationImportTest_kesav"/>
  <testcase name="Post_Import_ULUO_OTP_All_Validation_Tests" time="0.666" classname="com.symantec.vip.automation.ConfigurationImportTest_kesav"/>
  <testcase name="Post_Import_ULUO_OTP_All_Validation_Tests" time="0.71" classname="com.symantec.vip.automation.ConfigurationImportTest_kesav"/>
  <testcase name="Post_Import_ULUO_OTP_All_Validation_Tests" time="0.633" classname="com.symantec.vip.automation.ConfigurationImportTest_kesav"/>
  <testcase name="Post_Import_ULUO_OTP_All_Validation_Tests" time="0.687" classname="com.symantec.vip.automation.ConfigurationImportTest_kesav"/>
  <testcase name="Post_Import_ULUO_OTP_All_Validation_Tests" time="0.67" classname="com.symantec.vip.automation.ConfigurationImportTest_kesav"/>
  <testcase name="Post_Import_ULUO_OTP_All_Validation_Tests" time="0.573" classname="com.symantec.vip.automation.ConfigurationImportTest_kesav"/>
  <testcase name="Post_Import_ULUO_OTP_All_Validation_Tests" time="0.57" classname="com.symantec.vip.automation.ConfigurationImportTest_kesav"/>
  <testcase name="Post_Import_ULUO_OTP_All_Validation_Tests" time="0.557" classname="com.symantec.vip.automation.ConfigurationImportTest_kesav"/>
  <testcase name="Post_Import_ULUO_OTP_All_Validation_Tests" time="0.561" classname="com.symantec.vip.automation.ConfigurationImportTest_kesav"/>
  <testcase name="Post_Import_ULUO_OTP_All_Validation_Tests" time="0.636" classname="com.symantec.vip.automation.ConfigurationImportTest_kesav"/>
  <testcase name="Post_Import_ULUO_OTP_All_Validation_Tests" time="0.657" classname="com.symantec.vip.automation.ConfigurationImportTest_kesav"/>
  <testcase name="Post_Import_ULUO_OTP_All_Validation_Tests" time="0.653" classname="com.symantec.vip.automation.ConfigurationImportTest_kesav"/>
  <testcase name="Post_Import_ULUO_OTP_All_Validation_Tests" time="0.658" classname="com.symantec.vip.automation.ConfigurationImportTest_kesav"/>
  <testcase name="Post_Import_ULUO_OTP_All_Validation_Tests" time="0.638" classname="com.symantec.vip.automation.ConfigurationImportTest_kesav"/>
  <testcase name="Post_Import_ULUO_OTP_All_Validation_Tests" time="0.668" classname="com.symantec.vip.automation.ConfigurationImportTest_kesav"/>
  <testcase name="Post_Import_ULUO_OTP_All_Validation_Tests" time="0.683" classname="com.symantec.vip.automation.ConfigurationImportTest_kesav"/>
  <testcase name="Post_Import_ULUO_OTP_All_Validation_Tests" time="0.651" classname="com.symantec.vip.automation.ConfigurationImportTest_kesav"/>
  <testcase name="Post_Import_ULUO_OTP_All_Validation_Tests" time="0.801" classname="com.symantec.vip.automation.ConfigurationImportTest_kesav"/>
  <testcase name="Post_Import_ULUO_OTP_All_Validation_Tests" time="0.726" classname="com.symantec.vip.automation.ConfigurationImportTest_kesav"/>
  <testcase name="Post_Import_ULUO_OTP_All_Validation_Tests" time="0.718" classname="com.symantec.vip.automation.ConfigurationImportTest_kesav"/>
  <testcase name="Post_Import_ULUO_OTP_All_Validation_Tests" time="0.667" classname="com.symantec.vip.automation.ConfigurationImportTest_kesav"/>
  <testcase name="Post_Import_ULUO_OTP_All_Validation_Tests" time="0.69" classname="com.symantec.vip.automation.ConfigurationImportTest_kesav"/>
  <testcase name="Post_Import_ULUO_OTP_All_Validation_Tests" time="0.649" classname="com.symantec.vip.automation.ConfigurationImportTest_kesav"/>
  <testcase name="Post_Import_ULUO_OTP_All_Validation_Tests" time="0.645" classname="com.symantec.vip.automation.ConfigurationImportTest_kesav"/>
  <testcase name="Post_Import_ULUO_OTP_All_Validation_Tests" time="0.558" classname="com.symantec.vip.automation.ConfigurationImportTest_kesav"/>
  <testcase name="Post_Import_ULUO_OTP_All_Validation_Tests" time="0.592" classname="com.symantec.vip.automation.ConfigurationImportTest_kesav"/>
  <testcase name="Post_Import_ULUO_OTP_All_Validation_Tests" time="0.686" classname="com.symantec.vip.automation.ConfigurationImportTest_kesav"/>
  <testcase name="Post_Import_ULUO_OTP_All_Validation_Tests" time="0.655" classname="com.symantec.vip.automation.ConfigurationImportTest_kesav"/>
  <testcase name="Post_Import_ULUO_OTP_All_Validation_Tests" time="0.671" classname="com.symantec.vip.automation.ConfigurationImportTest_kesav"/>
  <testcase name="Post_Import_ULUO_OTP_All_Validation_Tests" time="0.635" classname="com.symantec.vip.automation.ConfigurationImportTest_kesav"/>
  <testcase name="Post_Import_ULUO_OTP_All_Validation_Tests" time="0.642" classname="com.symantec.vip.automation.ConfigurationImportTest_kesav"/>
  <testcase name="Post_Import_ULUO_OTP_All_Validation_Tests" time="0.721" classname="com.symantec.vip.automation.ConfigurationImportTest_kesav"/>
[...]
  <testcase name="Post_Import_UO_OTP_All_Validation_Tests" time="0.639" classname="com.symantec.vip.automation.ConfigurationImportTest_kesav"/>
  <testcase name="Post_Import_UO_OTP_All_Validation_Tests" time="0.599" classname="com.symantec.vip.automation.ConfigurationImportTest_kesav"/>
  <testcase name="Post_Import_UO_OTP_All_Validation_Tests" time="0.97" classname="com.symantec.vip.automation.ConfigurationImportTest_kesav"/>
  <testcase name="Post_Import_UO_OTP_All_Validation_Tests" time="0.631" classname="com.symantec.vip.automation.ConfigurationImportTest_kesav"/>
  <testcase name="Post_Import_UO_OTP_All_Validation_Tests" time="0.576" classname="com.symantec.vip.automation.ConfigurationImportTest_kesav"/>
  <testcase name="Post_Import_UO_OTP_All_Validation_Tests" time="0.512" classname="com.symantec.vip.automation.ConfigurationImportTest_kesav"/>
  <testcase name="Post_Import_UO_OTP_All_Validation_Tests" time="0.512" classname="com.symantec.vip.automation.ConfigurationImportTest_kesav"/>
  <testcase name="Post_Import_UO_OTP_All_Validation_Tests" time="0.725" classname="com.symantec.vip.automation.ConfigurationImportTest_kesav"/>
  <testcase name="Post_Import_UO_OTP_All_Validation_Tests" time="0.535" classname="com.symantec.vip.automation.ConfigurationImportTest_kesav"/>
  <testcase name="Post_Import_UO_OTP_All_Validation_Tests" time="0.784" classname="com.symantec.vip.automation.ConfigurationImportTest_kesav"/>
  <testcase name="Post_Import_UO_OTP_All_Validation_Tests" time="0.522" classname="com.symantec.vip.automation.ConfigurationImportTest_kesav"/>
  <testcase name="Post_Import_UO_OTP_All_Validation_Tests" time="0.534" classname="com.symantec.vip.automation.ConfigurationImportTest_kesav"/>
  <testcase name="Post_Import_UO_OTP_All_Validation_Tests" time="0.54" classname="com.symantec.vip.automation.ConfigurationImportTest_kesav"/>
  <testcase name="Post_Import_UO_OTP_All_Validation_Tests" time="0.565" classname="com.symantec.vip.automation.ConfigurationImportTest_kesav"/>
  <testcase name="Post_Import_UO_OTP_All_Validation_Tests" time="0.548" classname="com.symantec.vip.automation.ConfigurationImportTest_kesav"/>
  <testcase name="Post_Import_UO_OTP_All_Validation_Tests" time="0.523" classname="com.symantec.vip.automation.ConfigurationImportTest_kesav"/>
  <testcase name="Post_Import_UO_OTP_All_Validation_Tests" time="0.618" classname="com.symantec.vip.automation.ConfigurationImportTest_kesav"/>
  <testcase name="Post_Import_UO_OTP_All_Validation_Tests" time="0.641" classname="com.symantec.vip.automation.ConfigurationImportTest_kesav"/>
  <testcase name="Post_Import_UO_OTP_All_Validation_Tests" time="0.624" classname="com.symantec.vip.automation.ConfigurationImportTest_kesav"/>
  <testcase name="Post_Import_UO_OTP_All_Validation_Tests" time="0.597" classname="com.symantec.vip.automation.ConfigurationImportTest_kesav"/>
  <testcase name="Post_Import_UO_OTP_All_Validation_Tests" time="0.612" classname="com.symantec.vip.automation.ConfigurationImportTest_kesav"/>
  <testcase name="Post_Import_UO_OTP_All_Validation_Tests" time="0.614" classname="com.symantec.vip.automation.ConfigurationImportTest_kesav"/>
  <testcase name="Post_Import_UO_OTP_All_Validation_Tests" time="0.855" classname="com.symantec.vip.automation.ConfigurationImportTest_kesav"/>
  <testcase name="Post_Import_UO_OTP_All_Validation_Tests" time="0.588" classname="com.symantec.vip.automation.ConfigurationImportTest_kesav"/>
  <testcase name="Post_Import_UO_OTP_All_Validation_Tests" time="0.611" classname="com.symantec.vip.automation.ConfigurationImportTest_kesav"/>
  <testcase name="Post_Import_UO_OTP_All_Validation_Tests" time="0.615" classname="com.symantec.vip.automation.ConfigurationImportTest_kesav"/>
  <testcase name="Post_Import_UO_OTP_All_Validation_Tests" time="0.583" classname="com.symantec.vip.automation.ConfigurationImportTest_kesav"/>
  <testcase name="Post_Import_UO_OTP_All_Validation_Tests" time="0.672" classname="com.symantec.vip.automation.ConfigurationImportTest_kesav"/>
  <testcase name="Post_Import_UO_OTP_All_Validation_Tests" time="0.869" classname="com.symantec.vip.automation.ConfigurationImportTest_kesav"/>
  <testcase name="Post_Import_UO_OTP_All_Validation_Tests" time="0.612" classname="com.symantec.vip.automation.ConfigurationImportTest_kesav"/>
  <testcase name="Post_Import_UO_OTP_All_Validation_Tests" time="0.851" classname="com.symantec.vip.automation.ConfigurationImportTest_kesav"/>
  <testcase name="Post_Import_UO_OTP_All_Validation_Tests" time="0.613" classname="com.symantec.vip.automation.ConfigurationImportTest_kesav"/>
  <testcase name="Post_Import_UO_OTP_All_Validation_Tests" time="0.608" classname="com.symantec.vip.automation.ConfigurationImportTest_kesav"/>
  <testcase name="Post_Import_UO_OTP_All_Validation_Tests" time="0.608" classname="com.symantec.vip.automation.ConfigurationImportTest_kesav"/>
  <testcase name="Post_Import_UO_OTP_All_Validation_Tests" time="0.653" classname="com.symantec.vip.automation.ConfigurationImportTest_kesav"/>
  <testcase name="Post_Import_UO_OTP_All_Validation_Tests" time="0.592" classname="com.symantec.vip.automation.ConfigurationImportTest_kesav"/>
  <testcase name="Post_Import_UO_OTP_All_Validation_Tests" time="0.598" classname="com.symantec.vip.automation.ConfigurationImportTest_kesav"/>
  <testcase name="Post_Import_UO_OTP_All_Validation_Tests" time="0.61" classname="com.symantec.vip.automation.ConfigurationImportTest_kesav"/>
  <testcase name="Post_Import_UO_OTP_All_Validation_Tests" time="0.592" classname="com.symantec.vip.automation.ConfigurationImportTest_kesav"/>
  <testcase name="Post_Import_UO_OTP_All_Validation_Tests" time="0.608" classname="com.symantec.vip.automation.ConfigurationImportTest_kesav"/>
  <testcase name="Post_Import_UO_OTP_All_Validation_Tests" time="0.632" classname="com.symantec.vip.automation.ConfigurationImportTest_kesav"/>
  <testcase name="Post_Import_UO_OTP_All_Validation_Tests" time="0.609" classname="com.symantec.vip.automation.ConfigurationImportTest_kesav"/>
  <testcase name="Post_Import_UO_OTP_All_Validation_Tests" time="0.59" classname="com.symantec.vip.automation.ConfigurationImportTest_kesav"/>
  <testcase name="Post_Import_UO_OTP_All_Validation_Tests" time="0.613" classname="com.symantec.vip.automation.ConfigurationImportTest_kesav"/>
  <testcase name="Post_Import_UO_OTP_All_Validation_Tests" time="0.602" classname="com.symantec.vip.automation.ConfigurationImportTest_kesav"/>
  <testcase name="Post_Import_UO_OTP_All_Validation_Tests" time="0.647" classname="com.symantec.vip.automation.ConfigurationImportTest_kesav"/>
  <testcase name="Post_Import_UO_OTP_All_Validation_Tests" time="0.749" classname="com.symantec.vip.automation.ConfigurationImportTest_kesav"/>
  <testcase name="Post_Import_UO_OTP_All_Validation_Tests" time="0.766" classname="com.symantec.vip.automation.ConfigurationImportTest_kesav"/>
  <testcase name="Post_Import_UO_OTP_All_Validation_Tests" time="0.633" classname="com.symantec.vip.automation.ConfigurationImportTest_kesav"/>
  <testcase name="Post_Import_UO_OTP_All_Validation_Tests" time="0.646" classname="com.symantec.vip.automation.ConfigurationImportTest_kesav"/>
  <testcase name="Post_Import_UO_OTP_All_Validation_Tests" time="0.649" classname="com.symantec.vip.automation.ConfigurationImportTest_kesav"/>
  <testcase name="Post_Import_UO_OTP_All_Validation_Tests" time="0.612" classname="com.symantec.vip.automation.ConfigurationImportTest_kesav"/>
  <testcase name="Post_Import_UO_OTP_All_Validation_Tests" time="0.598" classname="com.symantec.vip.automation.ConfigurationImportTest_kesav"/>
  <testcase name="Post_Import_UO_OTP_All_Validation_Tests" time="0.604" classname="com.symantec.vip.automation.ConfigurationImportTest_kesav"/>
  <testcase name="Post_Import_UO_OTP_All_Validation_Tests" time="0.787" classname="com.symantec.vip.automation.ConfigurationImportTest_kesav"/>
  <testcase name="Post_Import_UO_OTP_All_Validation_Tests" time="0.6" classname="com.symantec.vip.automation.ConfigurationImportTest_kesav"/>
  <testcase name="Post_Import_UO_OTP_All_Validation_Tests" time="0.629" classname="com.symantec.vip.automation.ConfigurationImportTest_kesav"/>
  <testcase name="Post_Import_UO_OTP_All_Validation_Tests" time="0.59" classname="com.symantec.vip.automation.ConfigurationImportTest_kesav"/>
  <testcase name="Post_Import_UO_OTP_All_Validation_Tests" time="0.599" classname="com.symantec.vip.automation.ConfigurationImportTest_kesav"/>
  <testcase name="Post_Import_UO_OTP_All_Validation_Tests" time="1.045" classname="com.symantec.vip.automation.ConfigurationImportTest_kesav"/>
  <testcase name="Post_Import_UO_OTP_All_Validation_Tests" time="0.666" classname="com.symantec.vip.automation.ConfigurationImportTest_kesav"/>
  <testcase name="Post_Import_UO_OTP_All_Validation_Tests" time="0.593" classname="com.symantec.vip.automation.ConfigurationImportTest_kesav"/>
  <testcase name="Post_Import_UO_OTP_All_Validation_Tests" time="0.591" classname="com.symantec.vip.automation.ConfigurationImportTest_kesav"/>
  <testcase name="Post_Import_UO_OTP_All_Validation_Tests" time="0.605" classname="com.symantec.vip.automation.ConfigurationImportTest_kesav"/>
  <testcase name="Post_Import_UO_OTP_All_Validation_Tests" time="0.599" classname="com.symantec.vip.automation.ConfigurationImportTest_kesav"/>
  <testcase name="Post_Import_UO_OTP_All_Validation_Tests" time="0.598" classname="com.symantec.vip.automation.ConfigurationImportTest_kesav"/>
  <testcase name="Post_Import_UO_OTP_All_Validation_Tests" time="0.797" classname="com.symantec.vip.automation.ConfigurationImportTest_kesav"/>
  <testcase name="Post_Import_UO_OTP_All_Validation_Tests" time="0.608" classname="com.symantec.vip.automation.ConfigurationImportTest_kesav"/>
  <testcase name="Post_Import_UO_OTP_All_Validation_Tests" time="0.642" classname="com.symantec.vip.automation.ConfigurationImportTest_kesav"/>
  <testcase name="Post_Import_UO_OTP_All_Validation_Tests" time="0.583" classname="com.symantec.vip.automation.ConfigurationImportTest_kesav"/>
  <testcase name="Post_Import_UO_OTP_All_Validation_Tests" time="0.792" classname="com.symantec.vip.automation.ConfigurationImportTest_kesav"/>
  <testcase name="Post_Import_UO_OTP_All_Validation_Tests" time="0.758" classname="com.symantec.vip.automation.ConfigurationImportTest_kesav"/>
  <testcase name="Post_Import_UO_OTP_All_Validation_Tests" time="0.599" classname="com.symantec.vip.automation.ConfigurationImportTest_kesav"/>
  <testcase name="Post_Import_UO_OTP_All_Validation_Tests" time="0.627" classname="com.symantec.vip.automation.ConfigurationImportTest_kesav"/>
  <testcase name="Post_Import_UO_OTP_All_Validation_Tests" time="0.769" classname="com.symantec.vip.automation.ConfigurationImportTest_kesav"/>
  <testcase name="Post_Import_UO_OTP_All_Validation_Tests" time="0.58" classname="com.symantec.vip.automation.ConfigurationImportTest_kesav"/>
  <testcase name="Post_Import_UO_OTP_All_Validation_Tests" time="0.585" classname="com.symantec.vip.automation.ConfigurationImportTest_kesav"/>
  <testcase name="Post_Import_UO_OTP_All_Validation_Tests" time="1.28" classname="com.symantec.vip.automation.ConfigurationImportTest_kesav"/>
  <testcase name="Post_Import_UO_OTP_All_Validation_Tests" time="0.796" classname="com.symantec.vip.automation.ConfigurationImportTest_kesav"/>
  <testcase name="Post_Import_UO_OTP_All_Validation_Tests" time="0.595" classname="com.symantec.vip.automation.ConfigurationImportTest_kesav"/>
  <testcase name="Post_Import_UO_OTP_All_Validation_Tests" time="0.636" classname="com.symantec.vip.automation.ConfigurationImportTest_kesav"/>
  <testcase name="Post_Import_UO_OTP_All_Validation_Tests" time="0.604" classname="com.symantec.vip.automation.ConfigurationImportTest_kesav"/>
  <testcase name="Post_Import_UO_OTP_All_Validation_Tests" time="0.611" classname="com.symantec.vip.automation.ConfigurationImportTest_kesav"/>
  <testcase name="Post_Import_UO_OTP_All_Validation_Tests" time="0.786" classname="com.symantec.vip.automation.ConfigurationImportTest_kesav"/>
  <testcase name="Post_Import_UO_OTP_All_Validation_Tests" time="0.603" classname="com.symantec.vip.automation.ConfigurationImportTest_kesav"/>
  <testcase name="Post_Import_UO_Push_All_Validation_Tests" time="31.872" classname="com.symantec.vip.automation.ConfigurationImportTest_kesav"/>
  <testcase name="Post_Import_UO_Push_All_Validation_Tests" time="31.612" classname="com.symantec.vip.automation.ConfigurationImportTest_kesav">
    <failure type="java.lang.AssertionError" message="Reason Code Received:0. Meaning: Received Access-Accept from server Additional message was Received access-accept as immediate response from server
 expected [access-reject] but found [access-accept]">
      <![CDATA[java.lang.AssertionError: Reason Code Received:0. Meaning: Received Access-Accept from server Additional message was Received access-accept as immediate response from server
 expected [access-reject] but found [access-accept]
	at com.symantec.vip.automation.eg.radius.RadiusTestHelper.ValidateTestResult(RadiusTestHelper.java:262)
	at com.symantec.vip.automation.eg.radius.RadiusTestHelper.InvokeRadiusTests(RadiusTestHelper.java:117)
	at com.symantec.vip.automation.ConfigurationImportTest_kesav.Post_Import_UO_Push_All_Validation_Tests(ConfigurationImportTest_kesav.java:162)
... Removed 31 stack frames]]>
    </failure>
  </testcase> <!-- Post_Import_UO_Push_All_Validation_Tests -->
  <testcase name="Post_Import_UO_Push_All_Validation_Tests" time="31.642" classname="com.symantec.vip.automation.ConfigurationImportTest_kesav">
    <failure type="java.lang.AssertionError" message="Reason Code Received:0. Meaning: Received Access-Accept from server Additional message was Received access-accept as immediate response from server
 expected [access-reject] but found [access-accept]">
      <![CDATA[java.lang.AssertionError: Reason Code Received:0. Meaning: Received Access-Accept from server Additional message was Received access-accept as immediate response from server
 expected [access-reject] but found [access-accept]
	at com.symantec.vip.automation.eg.radius.RadiusTestHelper.ValidateTestResult(RadiusTestHelper.java:262)
	at com.symantec.vip.automation.eg.radius.RadiusTestHelper.InvokeRadiusTests(RadiusTestHelper.java:117)
	at com.symantec.vip.automation.ConfigurationImportTest_kesav.Post_Import_UO_Push_All_Validation_Tests(ConfigurationImportTest_kesav.java:162)
... Removed 31 stack frames]]>
    </failure>
  </testcase> <!-- Post_Import_UO_Push_All_Validation_Tests -->
  <testcase name="Post_Import_UO_Push_All_Validation_Tests" time="31.731" classname="com.symantec.vip.automation.ConfigurationImportTest_kesav"/>
  <testcase name="Post_Import_UO_Push_All_Validation_Tests" time="31.549" classname="com.symantec.vip.automation.ConfigurationImportTest_kesav"/>
  <testcase name="Post_Import_UO_Push_All_Validation_Tests" time="31.986" classname="com.symantec.vip.automation.ConfigurationImportTest_kesav"/>
  <testcase name="Post_Import_UO_Push_All_Validation_Tests" time="31.619" classname="com.symantec.vip.automation.ConfigurationImportTest_kesav"/>
  <testcase name="Post_Import_UO_Push_All_Validation_Tests" time="31.383" classname="com.symantec.vip.automation.ConfigurationImportTest_kesav"/>
  <testcase name="Post_Import_UO_Push_All_Validation_Tests" time="31.597" classname="com.symantec.vip.automation.ConfigurationImportTest_kesav"/>
  <testcase name="Post_Import_UO_Push_All_Validation_Tests" time="31.652" classname="com.symantec.vip.automation.ConfigurationImportTest_kesav"/>
  <testcase name="Post_Import_UO_Push_All_Validation_Tests" time="31.707" classname="com.symantec.vip.automation.ConfigurationImportTest_kesav"/>
  <testcase name="Post_Import_UO_Push_All_Validation_Tests" time="31.695" classname="com.symantec.vip.automation.ConfigurationImportTest_kesav"/>
  <testcase name="Post_Import_UO_Push_All_Validation_Tests" time="36.644" classname="com.symantec.vip.automation.ConfigurationImportTest_kesav"/>
  <testcase name="Post_Import_UO_Push_All_Validation_Tests" time="28.853" classname="com.symantec.vip.automation.ConfigurationImportTest_kesav"/>
  <testcase name="Post_Import_UO_Push_All_Validation_Tests" time="31.729" classname="com.symantec.vip.automation.ConfigurationImportTest_kesav"/>
  <testcase name="Post_Import_UO_Push_All_Validation_Tests" time="31.362" classname="com.symantec.vip.automation.ConfigurationImportTest_kesav"/>
  <testcase name="Post_Import_UO_Push_All_Validation_Tests" time="31.786" classname="com.symantec.vip.automation.ConfigurationImportTest_kesav"/>
  <testcase name="Post_Import_UO_Push_All_Validation_Tests" time="31.621" classname="com.symantec.vip.automation.ConfigurationImportTest_kesav"/>
  <testcase name="Post_Import_UO_Push_All_Validation_Tests" time="31.633" classname="com.symantec.vip.automation.ConfigurationImportTest_kesav"/>
  <testcase name="Post_Import_UO_Push_All_Validation_Tests" time="31.748" classname="com.symantec.vip.automation.ConfigurationImportTest_kesav"/>
  <testcase name="Post_Import_UO_Push_All_Validation_Tests" time="31.724" classname="com.symantec.vip.automation.ConfigurationImportTest_kesav"/>
  <testcase name="Post_Import_UO_Push_All_Validation_Tests" time="34.774" classname="com.symantec.vip.automation.ConfigurationImportTest_kesav"/>
  <testcase name="Post_Import_UO_Push_All_Validation_Tests" time="38.416" classname="com.symantec.vip.automation.ConfigurationImportTest_kesav"/>
  <testcase name="Post_Import_UO_Push_All_Validation_Tests" time="36.5" classname="com.symantec.vip.automation.ConfigurationImportTest_kesav"/>
  <testcase name="Post_Import_UO_Push_All_Validation_Tests" time="37.797" classname="com.symantec.vip.automation.ConfigurationImportTest_kesav"/>
  <testcase name="Post_Import_UO_Push_All_Validation_Tests" time="34.701" classname="com.symantec.vip.automation.ConfigurationImportTest_kesav"/>
  <testcase name="Post_Import_UO_Push_All_Validation_Tests" time="34.768" classname="com.symantec.vip.automation.ConfigurationImportTest_kesav"/>
  <testcase name="Post_Import_UO_Push_All_Validation_Tests" time="31.736" classname="com.symantec.vip.automation.ConfigurationImportTest_kesav"/>
  <testcase name="Post_Import_UO_Push_All_Validation_Tests" time="31.805" classname="com.symantec.vip.automation.ConfigurationImportTest_kesav"/>
  <testcase name="Post_Import_UO_Push_All_Validation_Tests" time="31.62" classname="com.symantec.vip.automation.ConfigurationImportTest_kesav"/>
  <testcase name="Post_Import_UO_Push_All_Validation_Tests" time="31.518" classname="com.symantec.vip.automation.ConfigurationImportTest_kesav"/>
  <testcase name="Post_Import_UO_Push_All_Validation_Tests" time="31.774" classname="com.symantec.vip.automation.ConfigurationImportTest_kesav"/>
  <testcase name="Post_Import_UO_Push_All_Validation_Tests" time="32.105" classname="com.symantec.vip.automation.ConfigurationImportTest_kesav"/>
  <testcase name="Post_Import_UO_Push_All_Validation_Tests" time="31.669" classname="com.symantec.vip.automation.ConfigurationImportTest_kesav"/>
  <testcase name="Post_Import_UO_Push_All_Validation_Tests" time="31.84" classname="com.symantec.vip.automation.ConfigurationImportTest_kesav"/>
  <testcase name="Post_Import_UO_Push_All_Validation_Tests" time="31.808" classname="com.symantec.vip.automation.ConfigurationImportTest_kesav"/>
  <testcase name="Post_Import_UO_Push_All_Validation_Tests" time="31.568" classname="com.symantec.vip.automation.ConfigurationImportTest_kesav"/>
  <testcase name="Post_Import_UO_Push_All_Validation_Tests" time="31.691" classname="com.symantec.vip.automation.ConfigurationImportTest_kesav"/>
  <testcase name="Post_Import_UO_Push_All_Validation_Tests" time="34.723" classname="com.symantec.vip.automation.ConfigurationImportTest_kesav"/>
</testsuite> <!-- Windows 2016 R2 x64 -->
