<?xml version="1.0" encoding="UTF-8"?>
<!-- Generated by org.testng.reporters.JUnitReportReporter -->
<testsuite hostname="Kesavs-MacBook-Air.local" name="com.symantec.vip.automation.ConfigurationImportTest_kesav" tests="1118" failures="1" timestamp="3 Jul 2019 07:01:58 GMT" time="3739.802" errors="2">
  <testcase name="Post_Import_All_Tunnel_Server_Tests" time="0.681" classname="com.symantec.vip.automation.ConfigurationImportTest_kesav"/>
  <testcase name="Post_Import_UO_OTP_All_Validation_Tests" time="0.614" classname="com.symantec.vip.automation.ConfigurationImportTest_kesav"/>
  <testcase name="Post_Import_UO_OTP_All_Validation_Tests" time="0.580" classname="com.symantec.vip.automation.ConfigurationImportTest_kesav"/>
  <testcase name="Post_Import_UO_OTP_All_Validation_Tests" time="0.604" classname="com.symantec.vip.automation.ConfigurationImportTest_kesav"/>
  <testcase name="Post_Import_UO_OTP_All_Validation_Tests" time="0.529" classname="com.symantec.vip.automation.ConfigurationImportTest_kesav"/>
  <testcase name="Post_Import_ULUO_OTP_All_Validation_Tests" time="0.682" classname="com.symantec.vip.automation.ConfigurationImportTest_kesav"/>
  <testcase name="Post_Import_ULUO_OTP_All_Validation_Tests" time="0.689" classname="com.symantec.vip.automation.ConfigurationImportTest_kesav"/>
  <testcase name="Post_Import_UO_OTP_All_Validation_Tests" time="0.653" classname="com.symantec.vip.automation.ConfigurationImportTest_kesav"/>
  <testcase name="Post_Import_All_Tunnel_Server_Tests" time="1.382" classname="com.symantec.vip.automation.ConfigurationImportTest_kesav"/>
  <testcase name="Post_Import_UO_OTP_All_Validation_Tests" time="0.609" classname="com.symantec.vip.automation.ConfigurationImportTest_kesav"/>
  <testcase name="Post_Import_All_Tunnel_Server_Tests" time="0.645" classname="com.symantec.vip.automation.ConfigurationImportTest_kesav"/>
  <testcase name="Post_Import_ULUO_OTP_All_Validation_Tests" time="0.692" classname="com.symantec.vip.automation.ConfigurationImportTest_kesav"/>
  <testcase name="Post_Import_ULO_OTP_All_Validation_Tests" time="0.762" classname="com.symantec.vip.automation.ConfigurationImportTest_kesav"/>
  <testcase name="Post_Import_ULUO_OTP_All_Validation_Tests" time="0.720" classname="com.symantec.vip.automation.ConfigurationImportTest_kesav"/>
  <testcase name="Post_Import_ULO_Push_All_Validation_Tests" time="34.491" classname="com.symantec.vip.automation.ConfigurationImportTest_kesav"/>
  <testcase name="Post_Import_UO_OTP_All_Validation_Tests" time="0.644" classname="com.symantec.vip.automation.ConfigurationImportTest_kesav"/>
  <testcase name="Post_Import_ULO_OTP_All_Validation_Tests" time="0.732" classname="com.symantec.vip.automation.ConfigurationImportTest_kesav"/>
  <testcase name="Post_Import_ULO_OTP_All_Validation_Tests" time="2.965" classname="com.symantec.vip.automation.ConfigurationImportTest_kesav"/>
  <testcase name="Post_Import_UO_OTP_All_Validation_Tests" time="0.704" classname="com.symantec.vip.automation.ConfigurationImportTest_kesav"/>
  <testcase name="Post_Import_ULO_Push_All_Validation_Tests" time="29.552" classname="com.symantec.vip.automation.ConfigurationImportTest_kesav"/>
  <testcase name="Post_Import_ULUO_OTP_All_Validation_Tests" time="0.663" classname="com.symantec.vip.automation.ConfigurationImportTest_kesav"/>
  <testcase name="Post_Import_UO_OTP_All_Validation_Tests" time="0.619" classname="com.symantec.vip.automation.ConfigurationImportTest_kesav"/>
  <testcase name="Post_Import_UO_OTP_All_Validation_Tests" time="0.646" classname="com.symantec.vip.automation.ConfigurationImportTest_kesav"/>
  <testcase name="Post_Import_UO_OTP_All_Validation_Tests" time="0.648" classname="com.symantec.vip.automation.ConfigurationImportTest_kesav"/>
  <testcase name="Post_Import_UO_OTP_All_Validation_Tests" time="0.766" classname="com.symantec.vip.automation.ConfigurationImportTest_kesav"/>
  <testcase name="Post_Import_UO_Push_All_Validation_Tests" time="31.614" classname="com.symantec.vip.automation.ConfigurationImportTest_kesav"/>
  <testcase name="Post_Import_UO_OTP_All_Validation_Tests" time="0.628" classname="com.symantec.vip.automation.ConfigurationImportTest_kesav"/>
  <testcase name="Post_Import_UO_OTP_All_Validation_Tests" time="1.006" classname="com.symantec.vip.automation.ConfigurationImportTest_kesav"/>
  <testcase name="Post_Import_ULO_OTP_All_Validation_Tests" time="0.959" classname="com.symantec.vip.automation.ConfigurationImportTest_kesav"/>
  <testcase name="Post_Import_ULO_OTP_All_Validation_Tests" time="0.735" classname="com.symantec.vip.automation.ConfigurationImportTest_kesav"/>
  <testcase name="Post_Import_UOL_OTP_All_Validation_Tests" time="0.982" classname="com.symantec.vip.automation.ConfigurationImportTest_kesav"/>
  <testcase name="Post_Import_ULO_OTP_All_Validation_Tests" time="1.310" classname="com.symantec.vip.automation.ConfigurationImportTest_kesav"/>
  <testcase name="Post_Import_All_Tunnel_Server_Tests" time="0.863" classname="com.symantec.vip.automation.ConfigurationImportTest_kesav"/>
  <testcase name="Post_Import_UO_OTP_All_Validation_Tests" time="0.631" classname="com.symantec.vip.automation.ConfigurationImportTest_kesav"/>
  <testcase name="Post_Import_ULO_OTP_All_Validation_Tests" time="0.768" classname="com.symantec.vip.automation.ConfigurationImportTest_kesav"/>
  <testcase name="Post_Import_UO_OTP_All_Validation_Tests" time="0.610" classname="com.symantec.vip.automation.ConfigurationImportTest_kesav"/>
  <testcase name="Post_Import_ULO_OTP_All_Validation_Tests" time="3.017" classname="com.symantec.vip.automation.ConfigurationImportTest_kesav"/>
  <testcase name="Post_Import_ULO_OTP_All_Validation_Tests" time="2.956" classname="com.symantec.vip.automation.ConfigurationImportTest_kesav"/>
  <testcase name="Post_Import_ULO_OTP_All_Validation_Tests" time="1.026" classname="com.symantec.vip.automation.ConfigurationImportTest_kesav"/>
  <testcase name="Post_Import_ULUO_OTP_All_Validation_Tests" time="0.949" classname="com.symantec.vip.automation.ConfigurationImportTest_kesav"/>
  <testcase name="Post_Import_UO_OTP_All_Validation_Tests" time="0.611" classname="com.symantec.vip.automation.ConfigurationImportTest_kesav"/>
  <testcase name="Post_Import_UO_OTP_All_Validation_Tests" time="0.615" classname="com.symantec.vip.automation.ConfigurationImportTest_kesav"/>
  <testcase name="Post_Import_All_Tunnel_Server_Tests" time="0.641" classname="com.symantec.vip.automation.ConfigurationImportTest_kesav"/>
  <testcase name="Post_Import_ULO_OTP_All_Validation_Tests" time="0.763" classname="com.symantec.vip.automation.ConfigurationImportTest_kesav"/>
  <testcase name="Post_Import_ULO_OTP_All_Validation_Tests" time="0.921" classname="com.symantec.vip.automation.ConfigurationImportTest_kesav"/>
  <testcase name="Post_Import_UO_OTP_All_Validation_Tests" time="0.571" classname="com.symantec.vip.automation.ConfigurationImportTest_kesav"/>
  <testcase name="Post_Import_All_Tunnel_Server_Tests" time="0.665" classname="com.symantec.vip.automation.ConfigurationImportTest_kesav"/>
  <testcase name="Post_Import_UO_OTP_All_Validation_Tests" time="0.731" classname="com.symantec.vip.automation.ConfigurationImportTest_kesav"/>
  <testcase name="Post_Import_ULUO_OTP_All_Validation_Tests" time="1.170" classname="com.symantec.vip.automation.ConfigurationImportTest_kesav"/>
  <testcase name="Post_Import_UO_OTP_All_Validation_Tests" time="0.689" classname="com.symantec.vip.automation.ConfigurationImportTest_kesav"/>
  <testcase name="Post_Import_All_Tunnel_Server_Tests" time="0.673" classname="com.symantec.vip.automation.ConfigurationImportTest_kesav"/>
  <testcase name="Post_Import_ULO_OTP_All_Validation_Tests" time="0.779" classname="com.symantec.vip.automation.ConfigurationImportTest_kesav"/>
  <testcase name="Post_Import_All_Tunnel_Server_Tests" time="0.654" classname="com.symantec.vip.automation.ConfigurationImportTest_kesav"/>
  <testcase name="Post_Import_UO_OTP_All_Validation_Tests" time="0.612" classname="com.symantec.vip.automation.ConfigurationImportTest_kesav"/>
  <testcase name="Post_Import_UO_OTP_All_Validation_Tests" time="0.550" classname="com.symantec.vip.automation.ConfigurationImportTest_kesav"/>
  <testcase name="Post_Import_ULO_OTP_All_Validation_Tests" time="0.996" classname="com.symantec.vip.automation.ConfigurationImportTest_kesav"/>
  <testcase name="Post_Import_UO_OTP_All_Validation_Tests" time="0.535" classname="com.symantec.vip.automation.ConfigurationImportTest_kesav"/>
  <testcase name="Post_Import_ULUO_OTP_All_Validation_Tests" time="0.613" classname="com.symantec.vip.automation.ConfigurationImportTest_kesav"/>
  <testcase name="Post_Import_UOL_OTP_All_Validation_Tests" time="1.177" classname="com.symantec.vip.automation.ConfigurationImportTest_kesav"/>
  <testcase name="Post_Import_UO_OTP_All_Validation_Tests" time="0.826" classname="com.symantec.vip.automation.ConfigurationImportTest_kesav"/>
  <testcase name="Post_Import_All_Tunnel_Server_Tests" time="0.666" classname="com.symantec.vip.automation.ConfigurationImportTest_kesav"/>
  <testcase name="Post_Import_ULO_OTP_All_Validation_Tests" time="1.043" classname="com.symantec.vip.automation.ConfigurationImportTest_kesav"/>
  <testcase name="Post_Import_ULUO_OTP_All_Validation_Tests" time="0.858" classname="com.symantec.vip.automation.ConfigurationImportTest_kesav"/>
  <testcase name="Post_Import_UOL_OTP_All_Validation_Tests" time="0.971" classname="com.symantec.vip.automation.ConfigurationImportTest_kesav"/>
  <testcase name="Post_Import_UO_OTP_All_Validation_Tests" time="0.602" classname="com.symantec.vip.automation.ConfigurationImportTest_kesav"/>
  <testcase name="Post_Import_ULO_OTP_All_Validation_Tests" time="0.616" classname="com.symantec.vip.automation.ConfigurationImportTest_kesav"/>
  <testcase name="Post_Import_ULUO_OTP_All_Validation_Tests" time="0.872" classname="com.symantec.vip.automation.ConfigurationImportTest_kesav"/>
  <testcase name="Post_Import_UO_OTP_All_Validation_Tests" time="0.618" classname="com.symantec.vip.automation.ConfigurationImportTest_kesav"/>
  <testcase name="Post_Import_All_Tunnel_Server_Tests" time="0.886" classname="com.symantec.vip.automation.ConfigurationImportTest_kesav"/>
  <testcase name="Post_Import_All_Tunnel_Server_Tests" time="0.654" classname="com.symantec.vip.automation.ConfigurationImportTest_kesav"/>
  <testcase name="Post_Import_UO_OTP_All_Validation_Tests" time="0.869" classname="com.symantec.vip.automation.ConfigurationImportTest_kesav"/>
  <testcase name="Post_Import_All_Tunnel_Server_Tests" time="0.587" classname="com.symantec.vip.automation.ConfigurationImportTest_kesav"/>
  <testcase name="Post_Import_All_Tunnel_Server_Tests" time="0.572" classname="com.symantec.vip.automation.ConfigurationImportTest_kesav"/>
  <testcase name="Post_Import_UO_OTP_All_Validation_Tests" time="0.686" classname="com.symantec.vip.automation.ConfigurationImportTest_kesav"/>
  <testcase name="Post_Import_ULO_OTP_All_Validation_Tests" time="0.856" classname="com.symantec.vip.automation.ConfigurationImportTest_kesav"/>
  <testcase name="Post_Import_ULUO_OTP_All_Validation_Tests" time="0.617" classname="com.symantec.vip.automation.ConfigurationImportTest_kesav"/>
  <testcase name="Post_Import_UO_OTP_All_Validation_Tests" time="0.601" classname="com.symantec.vip.automation.ConfigurationImportTest_kesav"/>
  <testcase name="Post_Import_UO_OTP_All_Validation_Tests" time="0.692" classname="com.symantec.vip.automation.ConfigurationImportTest_kesav"/>
  <testcase name="Post_Import_All_Tunnel_Server_Tests" time="0.569" classname="com.symantec.vip.automation.ConfigurationImportTest_kesav"/>
  <testcase name="Post_Import_UO_OTP_All_Validation_Tests" time="0.974" classname="com.symantec.vip.automation.ConfigurationImportTest_kesav"/>
  <testcase name="Post_Import_UO_OTP_All_Validation_Tests" time="0.640" classname="com.symantec.vip.automation.ConfigurationImportTest_kesav"/>
  <testcase name="Post_Import_ULUO_OTP_All_Validation_Tests" time="0.528" classname="com.symantec.vip.automation.ConfigurationImportTest_kesav"/>
  <testcase name="Post_Import_ULUO_OTP_All_Validation_Tests" time="0.734" classname="com.symantec.vip.automation.ConfigurationImportTest_kesav"/>
  <testcase name="Post_Import_UO_OTP_All_Validation_Tests" time="0.914" classname="com.symantec.vip.automation.ConfigurationImportTest_kesav"/>
  <testcase name="Post_Import_ULO_OTP_All_Validation_Tests" time="0.718" classname="com.symantec.vip.automation.ConfigurationImportTest_kesav"/>
  <testcase name="Post_Import_UO_OTP_All_Validation_Tests" time="0.814" classname="com.symantec.vip.automation.ConfigurationImportTest_kesav"/>
  <testcase name="Post_Import_UO_OTP_All_Validation_Tests" time="0.697" classname="com.symantec.vip.automation.ConfigurationImportTest_kesav"/>
  <testcase name="Post_Import_All_Tunnel_Server_Tests" time="0.652" classname="com.symantec.vip.automation.ConfigurationImportTest_kesav"/>
  <testcase name="Post_Import_ULO_OTP_All_Validation_Tests" time="1.011" classname="com.symantec.vip.automation.ConfigurationImportTest_kesav"/>
  <testcase name="Post_Import_ULO_OTP_All_Validation_Tests" time="2.984" classname="com.symantec.vip.automation.ConfigurationImportTest_kesav"/>
  <testcase name="Post_Import_All_Tunnel_Server_Tests" time="0.626" classname="com.symantec.vip.automation.ConfigurationImportTest_kesav"/>
  <testcase name="Post_Import_All_Tunnel_Server_Tests" time="0.631" classname="com.symantec.vip.automation.ConfigurationImportTest_kesav"/>
  <testcase name="Post_Import_UOL_OTP_All_Validation_Tests" time="1.019" classname="com.symantec.vip.automation.ConfigurationImportTest_kesav"/>
  <testcase name="Post_Import_All_Tunnel_Server_Tests" time="0.695" classname="com.symantec.vip.automation.ConfigurationImportTest_kesav"/>
  <testcase name="Post_Import_UO_Push_All_Validation_Tests" time="31.585" classname="com.symantec.vip.automation.ConfigurationImportTest_kesav"/>
  <testcase name="Post_Import_ULO_OTP_All_Validation_Tests" time="0.569" classname="com.symantec.vip.automation.ConfigurationImportTest_kesav"/>
  <testcase name="Post_Import_UO_OTP_All_Validation_Tests" time="0.623" classname="com.symantec.vip.automation.ConfigurationImportTest_kesav"/>
  <testcase name="Post_Import_All_Tunnel_Server_Tests" time="0.682" classname="com.symantec.vip.automation.ConfigurationImportTest_kesav"/>
  <testcase name="Post_Import_ULUO_OTP_All_Validation_Tests" time="0.827" classname="com.symantec.vip.automation.ConfigurationImportTest_kesav"/>
  <testcase name="Post_Import_ULO_OTP_All_Validation_Tests" time="0.998" classname="com.symantec.vip.automation.ConfigurationImportTest_kesav"/>
  <testcase name="Post_Import_UO_OTP_All_Validation_Tests" time="0.803" classname="com.symantec.vip.automation.ConfigurationImportTest_kesav"/>
  <testcase name="Post_Import_UO_OTP_All_Validation_Tests" time="0.643" classname="com.symantec.vip.automation.ConfigurationImportTest_kesav"/>
  <testcase name="Post_Import_UO_OTP_All_Validation_Tests" time="0.628" classname="com.symantec.vip.automation.ConfigurationImportTest_kesav"/>
  <testcase name="Post_Import_UO_OTP_All_Validation_Tests" time="0.870" classname="com.symantec.vip.automation.ConfigurationImportTest_kesav"/>
  <testcase name="Post_Import_ULUO_OTP_All_Validation_Tests" time="0.540" classname="com.symantec.vip.automation.ConfigurationImportTest_kesav"/>
  <testcase name="Post_Import_ULO_OTP_All_Validation_Tests" time="0.702" classname="com.symantec.vip.automation.ConfigurationImportTest_kesav"/>
  <testcase name="Post_Import_ULUO_OTP_All_Validation_Tests" time="0.683" classname="com.symantec.vip.automation.ConfigurationImportTest_kesav"/>
  <testcase name="Post_Import_All_Tunnel_Server_Tests" time="0.635" classname="com.symantec.vip.automation.ConfigurationImportTest_kesav"/>
  <testcase name="Post_Import_All_Tunnel_Server_Tests" time="0.657" classname="com.symantec.vip.automation.ConfigurationImportTest_kesav"/>
  <testcase name="Post_Import_ULUO_OTP_All_Validation_Tests" time="0.580" classname="com.symantec.vip.automation.ConfigurationImportTest_kesav"/>
  <testcase name="Post_Import_ULUO_OTP_All_Validation_Tests" time="0.579" classname="com.symantec.vip.automation.ConfigurationImportTest_kesav"/>
  <testcase name="Post_Import_ULUO_OTP_All_Validation_Tests" time="0.662" classname="com.symantec.vip.automation.ConfigurationImportTest_kesav"/>
  <testcase name="Post_Import_ULO_OTP_All_Validation_Tests" time="1.028" classname="com.symantec.vip.automation.ConfigurationImportTest_kesav"/>
  <testcase name="Post_Import_UO_OTP_All_Validation_Tests" time="0.789" classname="com.symantec.vip.automation.ConfigurationImportTest_kesav"/>
  <testcase name="Post_Import_UO_OTP_All_Validation_Tests" time="0.649" classname="com.symantec.vip.automation.ConfigurationImportTest_kesav"/>
  <testcase name="Post_Import_UOL_OTP_All_Validation_Tests" time="1.022" classname="com.symantec.vip.automation.ConfigurationImportTest_kesav"/>
  <testcase name="Post_Import_All_Tunnel_Server_Tests" time="0.680" classname="com.symantec.vip.automation.ConfigurationImportTest_kesav"/>
  <testcase name="Post_Import_ULUO_OTP_All_Validation_Tests" time="0.692" classname="com.symantec.vip.automation.ConfigurationImportTest_kesav"/>
  <testcase name="Post_Import_UO_OTP_All_Validation_Tests" time="0.608" classname="com.symantec.vip.automation.ConfigurationImportTest_kesav"/>
  <testcase name="Post_Import_All_Tunnel_Server_Tests" time="0.583" classname="com.symantec.vip.automation.ConfigurationImportTest_kesav"/>
  <testcase name="Post_Import_UO_OTP_All_Validation_Tests" time="0.606" classname="com.symantec.vip.automation.ConfigurationImportTest_kesav"/>
  <testcase name="Post_Import_ULUO_OTP_All_Validation_Tests" time="0.610" classname="com.symantec.vip.automation.ConfigurationImportTest_kesav"/>
  <testcase name="Post_Import_ULUO_OTP_All_Validation_Tests" time="0.536" classname="com.symantec.vip.automation.ConfigurationImportTest_kesav"/>
  <testcase name="Post_Import_UO_OTP_All_Validation_Tests" time="0.665" classname="com.symantec.vip.automation.ConfigurationImportTest_kesav"/>
  <testcase name="Post_Import_ULUO_OTP_All_Validation_Tests" time="0.659" classname="com.symantec.vip.automation.ConfigurationImportTest_kesav"/>
  <testcase name="Post_Import_ULO_OTP_All_Validation_Tests" time="0.721" classname="com.symantec.vip.automation.ConfigurationImportTest_kesav"/>
  <testcase name="Post_Import_ULO_OTP_All_Validation_Tests" time="0.915" classname="com.symantec.vip.automation.ConfigurationImportTest_kesav"/>
  <testcase name="Post_Import_All_Tunnel_Server_Tests" time="0.596" classname="com.symantec.vip.automation.ConfigurationImportTest_kesav"/>
  <testcase name="Post_Import_All_Tunnel_Server_Tests" time="0.641" classname="com.symantec.vip.automation.ConfigurationImportTest_kesav"/>
  <testcase name="Post_Import_ULO_Push_All_Validation_Tests" time="32.527" classname="com.symantec.vip.automation.ConfigurationImportTest_kesav"/>
  <testcase name="Post_Import_ULUO_OTP_All_Validation_Tests" time="0.700" classname="com.symantec.vip.automation.ConfigurationImportTest_kesav"/>
  <testcase name="Post_Import_UO_OTP_All_Validation_Tests" time="0.658" classname="com.symantec.vip.automation.ConfigurationImportTest_kesav"/>
  <testcase name="Post_Import_ULO_OTP_All_Validation_Tests" time="0.566" classname="com.symantec.vip.automation.ConfigurationImportTest_kesav"/>
  <testcase name="Post_Import_All_Tunnel_Server_Tests" time="0.654" classname="com.symantec.vip.automation.ConfigurationImportTest_kesav"/>
  <testcase name="Post_Import_ULUO_OTP_All_Validation_Tests" time="0.661" classname="com.symantec.vip.automation.ConfigurationImportTest_kesav"/>
  <testcase name="Post_Import_All_Tunnel_Server_Tests" time="0.539" classname="com.symantec.vip.automation.ConfigurationImportTest_kesav"/>
  <testcase name="Post_Import_All_Tunnel_Server_Tests" time="0.614" classname="com.symantec.vip.automation.ConfigurationImportTest_kesav"/>
  <testcase name="Post_Import_ULO_OTP_All_Validation_Tests" time="1.052" classname="com.symantec.vip.automation.ConfigurationImportTest_kesav"/>
  <testcase name="Post_Import_UOL_OTP_All_Validation_Tests" time="1.016" classname="com.symantec.vip.automation.ConfigurationImportTest_kesav"/>
  <testcase name="Post_Import_ULUO_OTP_All_Validation_Tests" time="0.674" classname="com.symantec.vip.automation.ConfigurationImportTest_kesav"/>
  <testcase name="Post_Import_ULUO_OTP_All_Validation_Tests" time="0.539" classname="com.symantec.vip.automation.ConfigurationImportTest_kesav"/>
  <testcase name="Post_Import_All_Tunnel_Server_Tests" time="0.662" classname="com.symantec.vip.automation.ConfigurationImportTest_kesav"/>
  <testcase name="Post_Import_ULUO_OTP_All_Validation_Tests" time="0.681" classname="com.symantec.vip.automation.ConfigurationImportTest_kesav"/>
  <testcase name="Post_Import_ULO_OTP_All_Validation_Tests" time="0.754" classname="com.symantec.vip.automation.ConfigurationImportTest_kesav"/>
  <testcase name="Post_Import_ULO_OTP_All_Validation_Tests" time="0.719" classname="com.symantec.vip.automation.ConfigurationImportTest_kesav"/>
  <testcase name="Post_Import_All_Tunnel_Server_Tests" time="0.658" classname="com.symantec.vip.automation.ConfigurationImportTest_kesav"/>
  <testcase name="Post_Import_UO_OTP_All_Validation_Tests" time="0.663" classname="com.symantec.vip.automation.ConfigurationImportTest_kesav"/>
  <testcase name="Post_Import_ULUO_OTP_All_Validation_Tests" time="0.666" classname="com.symantec.vip.automation.ConfigurationImportTest_kesav"/>
  <testcase name="Post_Import_UO_OTP_All_Validation_Tests" time="0.568" classname="com.symantec.vip.automation.ConfigurationImportTest_kesav"/>
  <testcase name="Post_Import_ULUO_OTP_All_Validation_Tests" time="0.653" classname="com.symantec.vip.automation.ConfigurationImportTest_kesav"/>
  <testcase name="Post_Import_ULUO_OTP_All_Validation_Tests" time="0.651" classname="com.symantec.vip.automation.ConfigurationImportTest_kesav"/>
  <testcase name="Post_Import_ULO_OTP_All_Validation_Tests" time="0.985" classname="com.symantec.vip.automation.ConfigurationImportTest_kesav"/>
  <testcase name="Post_Import_All_Tunnel_Server_Tests" time="0.624" classname="com.symantec.vip.automation.ConfigurationImportTest_kesav"/>
  <testcase name="Post_Import_UO_OTP_All_Validation_Tests" time="0.663" classname="com.symantec.vip.automation.ConfigurationImportTest_kesav"/>
  <testcase name="Post_Import_All_Tunnel_Server_Tests" time="0.626" classname="com.symantec.vip.automation.ConfigurationImportTest_kesav"/>
  <testcase name="Post_Import_UO_OTP_All_Validation_Tests" time="0.781" classname="com.symantec.vip.automation.ConfigurationImportTest_kesav"/>
  <testcase name="Post_Import_UO_OTP_All_Validation_Tests" time="0.827" classname="com.symantec.vip.automation.ConfigurationImportTest_kesav"/>
  <testcase name="Post_Import_All_Tunnel_Server_Tests" time="0.662" classname="com.symantec.vip.automation.ConfigurationImportTest_kesav"/>
  <testcase name="Post_Import_All_Tunnel_Server_Tests" time="0.651" classname="com.symantec.vip.automation.ConfigurationImportTest_kesav"/>
  <testcase name="Post_Import_ULUO_OTP_All_Validation_Tests" time="0.538" classname="com.symantec.vip.automation.ConfigurationImportTest_kesav"/>
  <testcase name="Post_Import_UO_OTP_All_Validation_Tests" time="0.609" classname="com.symantec.vip.automation.ConfigurationImportTest_kesav"/>
  <testcase name="Post_Import_ULUO_OTP_All_Validation_Tests" time="0.608" classname="com.symantec.vip.automation.ConfigurationImportTest_kesav"/>
  <testcase name="Post_Import_UO_OTP_All_Validation_Tests" time="0.575" classname="com.symantec.vip.automation.ConfigurationImportTest_kesav"/>
  <testcase name="Post_Import_UO_Push_All_Validation_Tests" time="31.397" classname="com.symantec.vip.automation.ConfigurationImportTest_kesav"/>
  <testcase name="Post_Import_All_Tunnel_Server_Tests" time="0.681" classname="com.symantec.vip.automation.ConfigurationImportTest_kesav"/>
  <testcase name="Post_Import_ULUO_OTP_All_Validation_Tests" time="0.696" classname="com.symantec.vip.automation.ConfigurationImportTest_kesav"/>
  <testcase name="Post_Import_UO_OTP_All_Validation_Tests" time="0.536" classname="com.symantec.vip.automation.ConfigurationImportTest_kesav"/>
  <testcase name="Post_Import_All_Tunnel_Server_Tests" time="0.870" classname="com.symantec.vip.automation.ConfigurationImportTest_kesav"/>
  <testcase name="Post_Import_UO_OTP_All_Validation_Tests" time="0.623" classname="com.symantec.vip.automation.ConfigurationImportTest_kesav"/>
  <testcase name="Post_Import_ULUO_OTP_All_Validation_Tests" time="0.870" classname="com.symantec.vip.automation.ConfigurationImportTest_kesav"/>
  <testcase name="Post_Import_ULUO_OTP_All_Validation_Tests" time="0.611" classname="com.symantec.vip.automation.ConfigurationImportTest_kesav"/>
  <testcase name="Post_Import_ULUO_OTP_All_Validation_Tests" time="0.693" classname="com.symantec.vip.automation.ConfigurationImportTest_kesav"/>
  <testcase name="Post_Import_UO_OTP_All_Validation_Tests" time="0.648" classname="com.symantec.vip.automation.ConfigurationImportTest_kesav"/>
  <testcase name="Post_Import_UO_OTP_All_Validation_Tests" time="0.689" classname="com.symantec.vip.automation.ConfigurationImportTest_kesav"/>
  <testcase name="Post_Import_UOL_OTP_All_Validation_Tests" time="0.945" classname="com.symantec.vip.automation.ConfigurationImportTest_kesav"/>
  <testcase name="Post_Import_ULUO_OTP_All_Validation_Tests" time="0.696" classname="com.symantec.vip.automation.ConfigurationImportTest_kesav"/>
  <testcase name="Post_Import_UO_Push_All_Validation_Tests" time="31.768" classname="com.symantec.vip.automation.ConfigurationImportTest_kesav"/>
  <testcase name="Post_Import_ULO_OTP_All_Validation_Tests" time="0.742" classname="com.symantec.vip.automation.ConfigurationImportTest_kesav"/>
  <testcase name="Post_Import_UOL_OTP_All_Validation_Tests" time="0.999" classname="com.symantec.vip.automation.ConfigurationImportTest_kesav"/>
  <testcase name="Post_Import_ULO_OTP_All_Validation_Tests" time="0.725" classname="com.symantec.vip.automation.ConfigurationImportTest_kesav"/>
  <testcase name="Post_Import_ULO_OTP_All_Validation_Tests" time="0.559" classname="com.symantec.vip.automation.ConfigurationImportTest_kesav"/>
  <testcase name="Post_Import_ULUO_OTP_All_Validation_Tests" time="0.629" classname="com.symantec.vip.automation.ConfigurationImportTest_kesav"/>
  <testcase name="Post_Import_All_Tunnel_Server_Tests" time="0.573" classname="com.symantec.vip.automation.ConfigurationImportTest_kesav"/>
  <testcase name="Post_Import_UO_OTP_All_Validation_Tests" time="0.577" classname="com.symantec.vip.automation.ConfigurationImportTest_kesav"/>
  <testcase name="Post_Import_UO_OTP_All_Validation_Tests" time="0.650" classname="com.symantec.vip.automation.ConfigurationImportTest_kesav"/>
  <testcase name="Post_Import_UO_OTP_All_Validation_Tests" time="0.610" classname="com.symantec.vip.automation.ConfigurationImportTest_kesav"/>
  <testcase name="Post_Import_All_Tunnel_Server_Tests" time="0.645" classname="com.symantec.vip.automation.ConfigurationImportTest_kesav"/>
  <testcase name="Post_Import_UO_OTP_All_Validation_Tests" time="0.684" classname="com.symantec.vip.automation.ConfigurationImportTest_kesav"/>
  <testcase name="Post_Import_ULUO_OTP_All_Validation_Tests" time="0.843" classname="com.symantec.vip.automation.ConfigurationImportTest_kesav"/>
  <testcase name="Post_Import_ULUO_OTP_All_Validation_Tests" time="0.714" classname="com.symantec.vip.automation.ConfigurationImportTest_kesav"/>
  <testcase name="Post_Import_ULO_OTP_All_Validation_Tests" time="0.731" classname="com.symantec.vip.automation.ConfigurationImportTest_kesav"/>
  <testcase name="Post_Import_UO_OTP_All_Validation_Tests" time="0.676" classname="com.symantec.vip.automation.ConfigurationImportTest_kesav"/>
  <testcase name="Post_Import_ULO_Push_All_Validation_Tests" time="35.928" classname="com.symantec.vip.automation.ConfigurationImportTest_kesav"/>
  <testcase name="Post_Import_UO_OTP_All_Validation_Tests" time="0.669" classname="com.symantec.vip.automation.ConfigurationImportTest_kesav"/>
  <testcase name="Post_Import_All_Tunnel_Server_Tests" time="0.703" classname="com.symantec.vip.automation.ConfigurationImportTest_kesav"/>
  <testcase name="Post_Import_UO_OTP_All_Validation_Tests" time="0.881" classname="com.symantec.vip.automation.ConfigurationImportTest_kesav"/>
  <testcase name="Post_Import_All_Tunnel_Server_Tests" time="0.856" classname="com.symantec.vip.automation.ConfigurationImportTest_kesav"/>
  <testcase name="Post_Import_ULO_OTP_All_Validation_Tests" time="3.012" classname="com.symantec.vip.automation.ConfigurationImportTest_kesav"/>
  <testcase name="Post_Import_ULUO_OTP_All_Validation_Tests" time="0.581" classname="com.symantec.vip.automation.ConfigurationImportTest_kesav"/>
  <testcase name="Post_Import_UO_OTP_All_Validation_Tests" time="0.865" classname="com.symantec.vip.automation.ConfigurationImportTest_kesav"/>
  <testcase name="Post_Import_UO_OTP_All_Validation_Tests" time="0.775" classname="com.symantec.vip.automation.ConfigurationImportTest_kesav"/>
  <testcase name="Post_Import_All_Tunnel_Server_Tests" time="0.668" classname="com.symantec.vip.automation.ConfigurationImportTest_kesav"/>
  <testcase name="Post_Import_All_Tunnel_Server_Tests" time="0.635" classname="com.symantec.vip.automation.ConfigurationImportTest_kesav"/>
  <testcase name="Post_Import_ULUO_OTP_All_Validation_Tests" time="0.603" classname="com.symantec.vip.automation.ConfigurationImportTest_kesav"/>
  <testcase name="Post_Import_UO_OTP_All_Validation_Tests" time="0.608" classname="com.symantec.vip.automation.ConfigurationImportTest_kesav"/>
  <testcase name="Post_Import_ULO_Push_All_Validation_Tests" time="32.387" classname="com.symantec.vip.automation.ConfigurationImportTest_kesav"/>
  <testcase name="Post_Import_ULUO_OTP_All_Validation_Tests" time="0.619" classname="com.symantec.vip.automation.ConfigurationImportTest_kesav"/>
  <testcase name="Post_Import_All_Tunnel_Server_Tests" time="0.698" classname="com.symantec.vip.automation.ConfigurationImportTest_kesav"/>
  <testcase name="Post_Import_ULUO_OTP_All_Validation_Tests" time="0.654" classname="com.symantec.vip.automation.ConfigurationImportTest_kesav"/>
  <testcase name="Post_Import_ULO_OTP_All_Validation_Tests" time="0.997" classname="com.symantec.vip.automation.ConfigurationImportTest_kesav"/>
  <testcase name="Post_Import_UO_OTP_All_Validation_Tests" time="0.568" classname="com.symantec.vip.automation.ConfigurationImportTest_kesav"/>
  <testcase name="Post_Import_ULO_OTP_All_Validation_Tests" time="0.956" classname="com.symantec.vip.automation.ConfigurationImportTest_kesav"/>
  <testcase name="Post_Import_All_Tunnel_Server_Tests" time="0.615" classname="com.symantec.vip.automation.ConfigurationImportTest_kesav"/>
  <testcase name="Post_Import_ULO_OTP_All_Validation_Tests" time="0.744" classname="com.symantec.vip.automation.ConfigurationImportTest_kesav"/>
  <testcase name="Post_Import_ULUO_OTP_All_Validation_Tests" time="0.845" classname="com.symantec.vip.automation.ConfigurationImportTest_kesav"/>
  <testcase name="Post_Import_UO_OTP_All_Validation_Tests" time="0.615" classname="com.symantec.vip.automation.ConfigurationImportTest_kesav"/>
  <testcase name="Post_Import_ULUO_OTP_All_Validation_Tests" time="0.698" classname="com.symantec.vip.automation.ConfigurationImportTest_kesav"/>
  <testcase name="Post_Import_ULO_OTP_All_Validation_Tests" time="0.904" classname="com.symantec.vip.automation.ConfigurationImportTest_kesav"/>
  <testcase name="Post_Import_UO_OTP_All_Validation_Tests" time="0.544" classname="com.symantec.vip.automation.ConfigurationImportTest_kesav"/>
  <testcase name="Post_Import_UO_OTP_All_Validation_Tests" time="0.778" classname="com.symantec.vip.automation.ConfigurationImportTest_kesav"/>
  <testcase name="Post_Import_All_Tunnel_Server_Tests" time="0.686" classname="com.symantec.vip.automation.ConfigurationImportTest_kesav"/>
  <testcase name="Post_Import_ULUO_OTP_All_Validation_Tests" time="0.706" classname="com.symantec.vip.automation.ConfigurationImportTest_kesav"/>
  <testcase name="Post_Import_UO_OTP_All_Validation_Tests" time="0.815" classname="com.symantec.vip.automation.ConfigurationImportTest_kesav"/>
  <testcase name="Post_Import_ULUO_OTP_All_Validation_Tests" time="0.573" classname="com.symantec.vip.automation.ConfigurationImportTest_kesav"/>
  <testcase name="Post_Import_UO_OTP_All_Validation_Tests" time="0.674" classname="com.symantec.vip.automation.ConfigurationImportTest_kesav"/>
  <testcase name="Post_Import_UO_OTP_All_Validation_Tests" time="0.719" classname="com.symantec.vip.automation.ConfigurationImportTest_kesav"/>
  <testcase name="Post_Import_ULUO_OTP_All_Validation_Tests" time="0.610" classname="com.symantec.vip.automation.ConfigurationImportTest_kesav"/>
  <testcase name="Post_Import_ULO_OTP_All_Validation_Tests" time="0.740" classname="com.symantec.vip.automation.ConfigurationImportTest_kesav"/>
  <testcase name="Post_Import_UO_OTP_All_Validation_Tests" time="0.572" classname="com.symantec.vip.automation.ConfigurationImportTest_kesav"/>
  <testcase name="Post_Import_UO_OTP_All_Validation_Tests" time="0.588" classname="com.symantec.vip.automation.ConfigurationImportTest_kesav"/>
  <testcase name="Post_Import_ULO_OTP_All_Validation_Tests" time="0.903" classname="com.symantec.vip.automation.ConfigurationImportTest_kesav"/>
  <testcase name="Post_Import_All_Tunnel_Server_Tests" time="0.593" classname="com.symantec.vip.automation.ConfigurationImportTest_kesav"/>
  <testcase name="Post_Import_UO_OTP_All_Validation_Tests" time="0.876" classname="com.symantec.vip.automation.ConfigurationImportTest_kesav"/>
  <testcase name="Post_Import_All_Tunnel_Server_Tests" time="0.580" classname="com.symantec.vip.automation.ConfigurationImportTest_kesav"/>
  <testcase name="Post_Import_UO_OTP_All_Validation_Tests" time="0.617" classname="com.symantec.vip.automation.ConfigurationImportTest_kesav"/>
  <testcase name="Post_Import_ULO_OTP_All_Validation_Tests" time="3.015" classname="com.symantec.vip.automation.ConfigurationImportTest_kesav"/>
  <testcase name="Post_Import_All_Tunnel_Server_Tests" time="0.681" classname="com.symantec.vip.automation.ConfigurationImportTest_kesav"/>
  <testcase name="Post_Import_All_Tunnel_Server_Tests" time="0.878" classname="com.symantec.vip.automation.ConfigurationImportTest_kesav"/>
  <testcase name="Post_Import_ULO_OTP_All_Validation_Tests" time="3.424" classname="com.symantec.vip.automation.ConfigurationImportTest_kesav"/>
  <testcase name="Post_Import_UO_OTP_All_Validation_Tests" time="0.598" classname="com.symantec.vip.automation.ConfigurationImportTest_kesav"/>
  <testcase name="Post_Import_All_Tunnel_Server_Tests" time="0.636" classname="com.symantec.vip.automation.ConfigurationImportTest_kesav"/>
  <testcase name="Post_Import_UO_OTP_All_Validation_Tests" time="0.578" classname="com.symantec.vip.automation.ConfigurationImportTest_kesav"/>
  <testcase name="Post_Import_UO_OTP_All_Validation_Tests" time="0.872" classname="com.symantec.vip.automation.ConfigurationImportTest_kesav"/>
  <testcase name="Post_Import_ULO_OTP_All_Validation_Tests" time="1.010" classname="com.symantec.vip.automation.ConfigurationImportTest_kesav"/>
  <testcase name="Post_Import_ULO_OTP_All_Validation_Tests" time="0.744" classname="com.symantec.vip.automation.ConfigurationImportTest_kesav"/>
  <testcase name="Post_Import_ULO_OTP_All_Validation_Tests" time="1.000" classname="com.symantec.vip.automation.ConfigurationImportTest_kesav"/>
  <testcase name="Post_Import_UO_OTP_All_Validation_Tests" time="0.643" classname="com.symantec.vip.automation.ConfigurationImportTest_kesav"/>
  <testcase name="Post_Import_All_Tunnel_Server_Tests" time="0.838" classname="com.symantec.vip.automation.ConfigurationImportTest_kesav"/>
  <testcase name="Post_Import_ULUO_OTP_All_Validation_Tests" time="0.650" classname="com.symantec.vip.automation.ConfigurationImportTest_kesav"/>
  <testcase name="Post_Import_All_Tunnel_Server_Tests" time="0.666" classname="com.symantec.vip.automation.ConfigurationImportTest_kesav"/>
  <testcase name="Post_Import_UO_OTP_All_Validation_Tests" time="0.608" classname="com.symantec.vip.automation.ConfigurationImportTest_kesav"/>
  <testcase name="Post_Import_UO_OTP_All_Validation_Tests" time="0.681" classname="com.symantec.vip.automation.ConfigurationImportTest_kesav"/>
  <testcase name="Post_Import_ULO_OTP_All_Validation_Tests" time="1.363" classname="com.symantec.vip.automation.ConfigurationImportTest_kesav"/>
  <testcase name="Post_Import_UO_OTP_All_Validation_Tests" time="0.568" classname="com.symantec.vip.automation.ConfigurationImportTest_kesav"/>
  <testcase name="Post_Import_UO_Push_All_Validation_Tests" time="31.629" classname="com.symantec.vip.automation.ConfigurationImportTest_kesav">
    <error type="java.lang.AssertionError" message="Reason Code Received:0. Meaning: Received Access-Accept from server Additional message was Received access-accept as immediate response from server
 expected [access-reject] but found [access-accept]">
      <![CDATA[java.lang.AssertionError: Reason Code Received:0. Meaning: Received Access-Accept from server Additional message was Received access-accept as immediate response from server
 expected [access-reject] but found [access-accept]
	at org.testng.Assert.fail(Assert.java:94)
	at org.testng.Assert.failNotEquals(Assert.java:494)
	at org.testng.Assert.assertEquals(Assert.java:123)
	at org.testng.Assert.assertEquals(Assert.java:176)
	at com.symantec.vip.automation.eg.radius.RadiusTestHelper.ValidateTestResult(RadiusTestHelper.java:262)
	at com.symantec.vip.automation.eg.radius.RadiusTestHelper.InvokeRadiusTests(RadiusTestHelper.java:117)
	at com.symantec.vip.automation.ConfigurationImportTest_kesav.Post_Import_UO_Push_All_Validation_Tests(ConfigurationImportTest_kesav.java:162)
	at sun.reflect.NativeMethodAccessorImpl.invoke0(Native Method)
	at sun.reflect.NativeMethodAccessorImpl.invoke(NativeMethodAccessorImpl.java:62)
	at sun.reflect.DelegatingMethodAccessorImpl.invoke(DelegatingMethodAccessorImpl.java:43)
	at java.lang.reflect.Method.invoke(Method.java:498)
	at org.testng.internal.MethodInvocationHelper.invokeMethod(MethodInvocationHelper.java:84)
	at org.testng.internal.Invoker.invokeMethod(Invoker.java:714)
	at org.testng.internal.Invoker.invokeTestMethod(Invoker.java:901)
	at org.testng.internal.Invoker.invokeTestMethods(Invoker.java:1231)
	at org.testng.internal.TestMethodWorker.invokeTestMethods(TestMethodWorker.java:127)
	at org.testng.internal.TestMethodWorker.run(TestMethodWorker.java:111)
	at org.testng.TestRunner.privateRun(TestRunner.java:767)
	at org.testng.TestRunner.run(TestRunner.java:617)
	at org.testng.SuiteRunner.runTest(SuiteRunner.java:348)
	at org.testng.SuiteRunner.runSequentially(SuiteRunner.java:343)
	at org.testng.SuiteRunner.privateRun(SuiteRunner.java:305)
	at org.testng.SuiteRunner.run(SuiteRunner.java:254)
	at org.testng.SuiteRunnerWorker.runSuite(SuiteRunnerWorker.java:52)
	at org.testng.SuiteRunnerWorker.run(SuiteRunnerWorker.java:86)
	at org.testng.TestNG.runSuitesSequentially(TestNG.java:1224)
	at org.testng.TestNG.runSuitesLocally(TestNG.java:1149)
	at org.testng.TestNG.run(TestNG.java:1057)
	at org.apache.maven.surefire.testng.TestNGExecutor.run(TestNGExecutor.java:293)
	at org.apache.maven.surefire.testng.TestNGXmlTestSuite.execute(TestNGXmlTestSuite.java:84)
	at org.apache.maven.surefire.testng.TestNGProvider.invoke(TestNGProvider.java:91)
	at org.apache.maven.surefire.booter.ForkedBooter.invokeProviderInSameClassLoader(ForkedBooter.java:200)
	at org.apache.maven.surefire.booter.ForkedBooter.runSuitesInProcess(ForkedBooter.java:153)
	at org.apache.maven.surefire.booter.ForkedBooter.main(ForkedBooter.java:103)
]]>
    </error>
  </testcase> <!-- Post_Import_UO_Push_All_Validation_Tests -->
  <testcase name="Post_Import_ULUO_OTP_All_Validation_Tests" time="0.692" classname="com.symantec.vip.automation.ConfigurationImportTest_kesav"/>
  <testcase name="Post_Import_ULO_OTP_All_Validation_Tests" time="0.592" classname="com.symantec.vip.automation.ConfigurationImportTest_kesav"/>
  <testcase name="Post_Import_All_Tunnel_Server_Tests" time="0.690" classname="com.symantec.vip.automation.ConfigurationImportTest_kesav"/>
  <testcase name="Post_Import_All_Tunnel_Server_Tests" time="0.621" classname="com.symantec.vip.automation.ConfigurationImportTest_kesav"/>
  <testcase name="Post_Import_UO_OTP_All_Validation_Tests" time="0.857" classname="com.symantec.vip.automation.ConfigurationImportTest_kesav"/>
  <testcase name="Post_Import_UO_OTP_All_Validation_Tests" time="0.631" classname="com.symantec.vip.automation.ConfigurationImportTest_kesav"/>
  <testcase name="Post_Import_ULO_OTP_All_Validation_Tests" time="0.684" classname="com.symantec.vip.automation.ConfigurationImportTest_kesav"/>
  <testcase name="Post_Import_UO_OTP_All_Validation_Tests" time="0.657" classname="com.symantec.vip.automation.ConfigurationImportTest_kesav"/>
  <testcase name="Post_Import_All_Tunnel_Server_Tests" time="0.658" classname="com.symantec.vip.automation.ConfigurationImportTest_kesav"/>
  <testcase name="Post_Import_UO_OTP_All_Validation_Tests" time="0.636" classname="com.symantec.vip.automation.ConfigurationImportTest_kesav"/>
  <testcase name="Post_Import_ULO_OTP_All_Validation_Tests" time="0.796" classname="com.symantec.vip.automation.ConfigurationImportTest_kesav"/>
  <testcase name="Post_Import_ULO_OTP_All_Validation_Tests" time="1.003" classname="com.symantec.vip.automation.ConfigurationImportTest_kesav"/>
  <testcase name="Post_Import_UO_OTP_All_Validation_Tests" time="0.878" classname="com.symantec.vip.automation.ConfigurationImportTest_kesav"/>
  <testcase name="Post_Import_All_Tunnel_Server_Tests" time="0.648" classname="com.symantec.vip.automation.ConfigurationImportTest_kesav"/>
  <testcase name="Post_Import_All_Tunnel_Server_Tests" time="0.852" classname="com.symantec.vip.automation.ConfigurationImportTest_kesav"/>
  <testcase name="Post_Import_UOL_OTP_All_Validation_Tests" time="1.040" classname="com.symantec.vip.automation.ConfigurationImportTest_kesav"/>
  <testcase name="Post_Import_ULUO_OTP_All_Validation_Tests" time="0.669" classname="com.symantec.vip.automation.ConfigurationImportTest_kesav"/>
  <testcase name="Post_Import_ULUO_OTP_All_Validation_Tests" time="0.657" classname="com.symantec.vip.automation.ConfigurationImportTest_kesav"/>
  <testcase name="Post_Import_UO_OTP_All_Validation_Tests" time="0.533" classname="com.symantec.vip.automation.ConfigurationImportTest_kesav"/>
  <testcase name="Post_Import_ULO_OTP_All_Validation_Tests" time="0.789" classname="com.symantec.vip.automation.ConfigurationImportTest_kesav"/>
  <testcase name="Post_Import_ULO_OTP_All_Validation_Tests" time="3.322" classname="com.symantec.vip.automation.ConfigurationImportTest_kesav"/>
  <testcase name="Post_Import_UO_OTP_All_Validation_Tests" time="0.606" classname="com.symantec.vip.automation.ConfigurationImportTest_kesav"/>
  <testcase name="Post_Import_ULUO_OTP_All_Validation_Tests" time="0.587" classname="com.symantec.vip.automation.ConfigurationImportTest_kesav"/>
  <testcase name="Post_Import_ULUO_OTP_All_Validation_Tests" time="0.661" classname="com.symantec.vip.automation.ConfigurationImportTest_kesav"/>
  <testcase name="Post_Import_ULUO_OTP_All_Validation_Tests" time="0.887" classname="com.symantec.vip.automation.ConfigurationImportTest_kesav"/>
  <testcase name="Post_Import_UO_OTP_All_Validation_Tests" time="0.679" classname="com.symantec.vip.automation.ConfigurationImportTest_kesav"/>
  <testcase name="Post_Import_All_Tunnel_Server_Tests" time="0.546" classname="com.symantec.vip.automation.ConfigurationImportTest_kesav"/>
  <testcase name="Post_Import_UO_OTP_All_Validation_Tests" time="0.645" classname="com.symantec.vip.automation.ConfigurationImportTest_kesav"/>
  <testcase name="Post_Import_UO_OTP_All_Validation_Tests" time="0.685" classname="com.symantec.vip.automation.ConfigurationImportTest_kesav"/>
  <testcase name="Post_Import_UO_OTP_All_Validation_Tests" time="0.599" classname="com.symantec.vip.automation.ConfigurationImportTest_kesav"/>
  <testcase name="Post_Import_UOL_OTP_All_Validation_Tests" time="1.329" classname="com.symantec.vip.automation.ConfigurationImportTest_kesav"/>
  <testcase name="Post_Import_ULUO_OTP_All_Validation_Tests" time="0.726" classname="com.symantec.vip.automation.ConfigurationImportTest_kesav"/>
  <testcase name="Post_Import_All_Tunnel_Server_Tests" time="0.679" classname="com.symantec.vip.automation.ConfigurationImportTest_kesav"/>
  <testcase name="Post_Import_ULUO_OTP_All_Validation_Tests" time="0.640" classname="com.symantec.vip.automation.ConfigurationImportTest_kesav"/>
  <testcase name="Post_Import_All_Tunnel_Server_Tests" time="0.685" classname="com.symantec.vip.automation.ConfigurationImportTest_kesav"/>
  <testcase name="Post_Import_UO_OTP_All_Validation_Tests" time="0.544" classname="com.symantec.vip.automation.ConfigurationImportTest_kesav"/>
  <testcase name="Post_Import_ULUO_OTP_All_Validation_Tests" time="0.589" classname="com.symantec.vip.automation.ConfigurationImportTest_kesav"/>
  <testcase name="Post_Import_UO_OTP_All_Validation_Tests" time="0.599" classname="com.symantec.vip.automation.ConfigurationImportTest_kesav"/>
  <testcase name="Post_Import_All_Tunnel_Server_Tests" time="0.682" classname="com.symantec.vip.automation.ConfigurationImportTest_kesav"/>
  <testcase name="Post_Import_UO_OTP_All_Validation_Tests" time="0.612" classname="com.symantec.vip.automation.ConfigurationImportTest_kesav"/>
  <testcase name="Start_LDAP_Sync_Service" time="46.249" classname="com.symantec.vip.automation.ConfigurationImportTest_kesav"/>
  <testcase name="Post_Import_ULUO_OTP_All_Validation_Tests" time="0.652" classname="com.symantec.vip.automation.ConfigurationImportTest_kesav"/>
  <testcase name="Post_Import_UO_OTP_All_Validation_Tests" time="0.695" classname="com.symantec.vip.automation.ConfigurationImportTest_kesav"/>
  <testcase name="Post_Import_UO_OTP_All_Validation_Tests" time="0.613" classname="com.symantec.vip.automation.ConfigurationImportTest_kesav"/>
  <testcase name="Post_Import_ULUO_OTP_All_Validation_Tests" time="0.660" classname="com.symantec.vip.automation.ConfigurationImportTest_kesav"/>
  <testcase name="Post_Import_ULUO_OTP_All_Validation_Tests" time="0.611" classname="com.symantec.vip.automation.ConfigurationImportTest_kesav"/>
  <testcase name="Post_Import_UO_OTP_All_Validation_Tests" time="0.604" classname="com.symantec.vip.automation.ConfigurationImportTest_kesav"/>
  <testcase name="Post_Import_ULUO_OTP_All_Validation_Tests" time="0.654" classname="com.symantec.vip.automation.ConfigurationImportTest_kesav"/>
  <testcase name="Post_Import_ULO_Push_All_Validation_Tests" time="30.421" classname="com.symantec.vip.automation.ConfigurationImportTest_kesav"/>
  <testcase name="Post_Import_All_Tunnel_Server_Tests" time="0.590" classname="com.symantec.vip.automation.ConfigurationImportTest_kesav"/>
  <testcase name="Post_Import_UO_OTP_All_Validation_Tests" time="0.620" classname="com.symantec.vip.automation.ConfigurationImportTest_kesav"/>
  <testcase name="Post_Import_All_Tunnel_Server_Tests" time="0.561" classname="com.symantec.vip.automation.ConfigurationImportTest_kesav"/>
  <testcase name="Post_Import_UO_OTP_All_Validation_Tests" time="0.611" classname="com.symantec.vip.automation.ConfigurationImportTest_kesav"/>
  <testcase name="Post_Import_UO_OTP_All_Validation_Tests" time="0.653" classname="com.symantec.vip.automation.ConfigurationImportTest_kesav"/>
  <testcase name="Post_Import_All_Tunnel_Server_Tests" time="0.670" classname="com.symantec.vip.automation.ConfigurationImportTest_kesav"/>
  <testcase name="Post_Import_ULO_Push_All_Validation_Tests" time="30.502" classname="com.symantec.vip.automation.ConfigurationImportTest_kesav"/>
  <testcase name="Post_Import_All_Tunnel_Server_Tests" time="0.585" classname="com.symantec.vip.automation.ConfigurationImportTest_kesav"/>
  <testcase name="Post_Import_All_Tunnel_Server_Tests" time="0.650" classname="com.symantec.vip.automation.ConfigurationImportTest_kesav"/>
  <testcase name="Post_Import_All_Tunnel_Server_Tests" time="0.806" classname="com.symantec.vip.automation.ConfigurationImportTest_kesav"/>
  <testcase name="Post_Import_All_Tunnel_Server_Tests" time="0.612" classname="com.symantec.vip.automation.ConfigurationImportTest_kesav"/>
  <testcase name="Post_Import_ULO_Push_All_Validation_Tests" time="36.909" classname="com.symantec.vip.automation.ConfigurationImportTest_kesav"/>
  <testcase name="Post_Import_ULUO_OTP_All_Validation_Tests" time="0.662" classname="com.symantec.vip.automation.ConfigurationImportTest_kesav"/>
  <testcase name="Post_Import_ULO_OTP_All_Validation_Tests" time="0.942" classname="com.symantec.vip.automation.ConfigurationImportTest_kesav"/>
  <testcase name="Post_Import_All_Tunnel_Server_Tests" time="0.668" classname="com.symantec.vip.automation.ConfigurationImportTest_kesav"/>
  <testcase name="Post_Import_ULUO_OTP_All_Validation_Tests" time="0.675" classname="com.symantec.vip.automation.ConfigurationImportTest_kesav"/>
  <testcase name="Post_Import_UO_OTP_All_Validation_Tests" time="0.660" classname="com.symantec.vip.automation.ConfigurationImportTest_kesav"/>
  <testcase name="Post_Import_ULUO_OTP_All_Validation_Tests" time="0.629" classname="com.symantec.vip.automation.ConfigurationImportTest_kesav"/>
  <testcase name="Post_Import_UO_OTP_All_Validation_Tests" time="0.579" classname="com.symantec.vip.automation.ConfigurationImportTest_kesav"/>
  <testcase name="Post_Import_UO_OTP_All_Validation_Tests" time="0.598" classname="com.symantec.vip.automation.ConfigurationImportTest_kesav"/>
  <testcase name="Post_Import_All_Tunnel_Server_Tests" time="0.610" classname="com.symantec.vip.automation.ConfigurationImportTest_kesav"/>
  <testcase name="Post_Import_All_Tunnel_Server_Tests" time="0.665" classname="com.symantec.vip.automation.ConfigurationImportTest_kesav"/>
  <testcase name="Post_Import_UO_OTP_All_Validation_Tests" time="1.302" classname="com.symantec.vip.automation.ConfigurationImportTest_kesav"/>
  <testcase name="Post_Import_ULO_OTP_All_Validation_Tests" time="2.869" classname="com.symantec.vip.automation.ConfigurationImportTest_kesav"/>
  <testcase name="Post_Import_UO_Push_All_Validation_Tests" time="31.637" classname="com.symantec.vip.automation.ConfigurationImportTest_kesav"/>
  <testcase name="Post_Import_ULO_OTP_All_Validation_Tests" time="0.963" classname="com.symantec.vip.automation.ConfigurationImportTest_kesav"/>
  <testcase name="Post_Import_ULUO_OTP_All_Validation_Tests" time="0.690" classname="com.symantec.vip.automation.ConfigurationImportTest_kesav"/>
  <testcase name="Post_Import_UO_OTP_All_Validation_Tests" time="0.686" classname="com.symantec.vip.automation.ConfigurationImportTest_kesav"/>
  <testcase name="Post_Import_ULO_OTP_All_Validation_Tests" time="0.715" classname="com.symantec.vip.automation.ConfigurationImportTest_kesav"/>
  <testcase name="Post_Import_UO_OTP_All_Validation_Tests" time="0.657" classname="com.symantec.vip.automation.ConfigurationImportTest_kesav"/>
  <testcase name="Post_Import_UO_OTP_All_Validation_Tests" time="0.691" classname="com.symantec.vip.automation.ConfigurationImportTest_kesav"/>
  <testcase name="Post_Import_ULO_OTP_All_Validation_Tests" time="0.730" classname="com.symantec.vip.automation.ConfigurationImportTest_kesav"/>
  <testcase name="Post_Import_UO_OTP_All_Validation_Tests" time="0.581" classname="com.symantec.vip.automation.ConfigurationImportTest_kesav"/>
  <testcase name="Post_Import_UO_OTP_All_Validation_Tests" time="0.802" classname="com.symantec.vip.automation.ConfigurationImportTest_kesav"/>
  <testcase name="Post_Import_UO_OTP_All_Validation_Tests" time="0.646" classname="com.symantec.vip.automation.ConfigurationImportTest_kesav"/>
  <testcase name="Post_Import_ULUO_OTP_All_Validation_Tests" time="0.706" classname="com.symantec.vip.automation.ConfigurationImportTest_kesav"/>
  <testcase name="Post_Import_All_Tunnel_Server_Tests" time="0.673" classname="com.symantec.vip.automation.ConfigurationImportTest_kesav"/>
  <testcase name="Post_Import_UO_OTP_All_Validation_Tests" time="0.530" classname="com.symantec.vip.automation.ConfigurationImportTest_kesav"/>
  <testcase name="Post_Import_UO_OTP_All_Validation_Tests" time="0.631" classname="com.symantec.vip.automation.ConfigurationImportTest_kesav"/>
  <testcase name="Post_Import_ULUO_OTP_All_Validation_Tests" time="0.836" classname="com.symantec.vip.automation.ConfigurationImportTest_kesav"/>
  <testcase name="Post_Import_UO_OTP_All_Validation_Tests" time="0.663" classname="com.symantec.vip.automation.ConfigurationImportTest_kesav"/>
  <testcase name="Post_Import_ULUO_OTP_All_Validation_Tests" time="0.530" classname="com.symantec.vip.automation.ConfigurationImportTest_kesav"/>
  <testcase name="Post_Import_All_Tunnel_Server_Tests" time="0.666" classname="com.symantec.vip.automation.ConfigurationImportTest_kesav"/>
  <testcase name="Post_Import_ULO_OTP_All_Validation_Tests" time="0.728" classname="com.symantec.vip.automation.ConfigurationImportTest_kesav"/>
  <testcase name="Post_Import_All_Tunnel_Server_Tests" time="0.623" classname="com.symantec.vip.automation.ConfigurationImportTest_kesav"/>
  <testcase name="Post_Import_ULO_Push_All_Validation_Tests" time="29.211" classname="com.symantec.vip.automation.ConfigurationImportTest_kesav"/>
  <testcase name="Post_Import_All_Tunnel_Server_Tests" time="0.559" classname="com.symantec.vip.automation.ConfigurationImportTest_kesav"/>
  <testcase name="Post_Import_ULO_OTP_All_Validation_Tests" time="0.926" classname="com.symantec.vip.automation.ConfigurationImportTest_kesav"/>
  <testcase name="Post_Import_All_Tunnel_Server_Tests" time="0.668" classname="com.symantec.vip.automation.ConfigurationImportTest_kesav"/>
  <testcase name="Post_Import_ULO_OTP_All_Validation_Tests" time="3.040" classname="com.symantec.vip.automation.ConfigurationImportTest_kesav"/>
  <testcase name="Post_Import_UO_OTP_All_Validation_Tests" time="0.630" classname="com.symantec.vip.automation.ConfigurationImportTest_kesav"/>
  <testcase name="Post_Import_UO_OTP_All_Validation_Tests" time="0.583" classname="com.symantec.vip.automation.ConfigurationImportTest_kesav"/>
  <testcase name="Post_Import_All_Tunnel_Server_Tests" time="0.669" classname="com.symantec.vip.automation.ConfigurationImportTest_kesav"/>
  <testcase name="Post_Import_UOL_OTP_All_Validation_Tests" time="0.962" classname="com.symantec.vip.automation.ConfigurationImportTest_kesav"/>
  <testcase name="Post_Import_ULUO_OTP_All_Validation_Tests" time="0.676" classname="com.symantec.vip.automation.ConfigurationImportTest_kesav"/>
  <testcase name="Post_Import_All_Tunnel_Server_Tests" time="0.671" classname="com.symantec.vip.automation.ConfigurationImportTest_kesav"/>
  <testcase name="Post_Import_ULUO_OTP_All_Validation_Tests" time="0.673" classname="com.symantec.vip.automation.ConfigurationImportTest_kesav"/>
  <testcase name="Post_Import_All_Tunnel_Server_Tests" time="0.887" classname="com.symantec.vip.automation.ConfigurationImportTest_kesav"/>
  <testcase name="Post_Import_UO_OTP_All_Validation_Tests" time="0.577" classname="com.symantec.vip.automation.ConfigurationImportTest_kesav"/>
  <testcase name="Post_Import_UO_OTP_All_Validation_Tests" time="0.538" classname="com.symantec.vip.automation.ConfigurationImportTest_kesav"/>
  <testcase name="Post_Import_UO_OTP_All_Validation_Tests" time="0.745" classname="com.symantec.vip.automation.ConfigurationImportTest_kesav"/>
  <testcase name="Post_Import_UO_OTP_All_Validation_Tests" time="0.869" classname="com.symantec.vip.automation.ConfigurationImportTest_kesav"/>
  <testcase name="Post_Import_ULUO_OTP_All_Validation_Tests" time="0.748" classname="com.symantec.vip.automation.ConfigurationImportTest_kesav"/>
  <testcase name="Post_Import_UO_Push_All_Validation_Tests" time="31.889" classname="com.symantec.vip.automation.ConfigurationImportTest_kesav"/>
  <testcase name="Post_Import_All_Tunnel_Server_Tests" time="0.680" classname="com.symantec.vip.automation.ConfigurationImportTest_kesav"/>
  <testcase name="Post_Import_UO_OTP_All_Validation_Tests" time="0.609" classname="com.symantec.vip.automation.ConfigurationImportTest_kesav"/>
  <testcase name="Post_Import_UO_OTP_All_Validation_Tests" time="0.659" classname="com.symantec.vip.automation.ConfigurationImportTest_kesav"/>
  <testcase name="Post_Import_ULUO_OTP_All_Validation_Tests" time="0.885" classname="com.symantec.vip.automation.ConfigurationImportTest_kesav"/>
  <testcase name="Post_Import_UO_OTP_All_Validation_Tests" time="0.832" classname="com.symantec.vip.automation.ConfigurationImportTest_kesav"/>
  <testcase name="Post_Import_ULUO_OTP_All_Validation_Tests" time="0.837" classname="com.symantec.vip.automation.ConfigurationImportTest_kesav"/>
  <testcase name="Post_Import_ULUO_OTP_All_Validation_Tests" time="0.670" classname="com.symantec.vip.automation.ConfigurationImportTest_kesav"/>
  <testcase name="Post_Import_All_Tunnel_Server_Tests" time="0.649" classname="com.symantec.vip.automation.ConfigurationImportTest_kesav"/>
  <testcase name="Post_Import_ULO_OTP_All_Validation_Tests" time="3.240" classname="com.symantec.vip.automation.ConfigurationImportTest_kesav"/>
  <testcase name="Post_Import_All_Tunnel_Server_Tests" time="0.818" classname="com.symantec.vip.automation.ConfigurationImportTest_kesav"/>
  <testcase name="Post_Import_All_Tunnel_Server_Tests" time="0.751" classname="com.symantec.vip.automation.ConfigurationImportTest_kesav"/>
  <testcase name="Post_Import_ULUO_OTP_All_Validation_Tests" time="0.582" classname="com.symantec.vip.automation.ConfigurationImportTest_kesav"/>
  <testcase name="Post_Import_UO_OTP_All_Validation_Tests" time="0.575" classname="com.symantec.vip.automation.ConfigurationImportTest_kesav"/>
  <testcase name="Post_Import_ULO_OTP_All_Validation_Tests" time="1.065" classname="com.symantec.vip.automation.ConfigurationImportTest_kesav"/>
  <testcase name="Post_Import_UO_OTP_All_Validation_Tests" time="0.659" classname="com.symantec.vip.automation.ConfigurationImportTest_kesav"/>
  <testcase name="Post_Import_ULO_OTP_All_Validation_Tests" time="0.716" classname="com.symantec.vip.automation.ConfigurationImportTest_kesav"/>
  <testcase name="Post_Import_All_Tunnel_Server_Tests" time="0.656" classname="com.symantec.vip.automation.ConfigurationImportTest_kesav"/>
  <testcase name="Post_Import_UO_OTP_All_Validation_Tests" time="0.629" classname="com.symantec.vip.automation.ConfigurationImportTest_kesav"/>
  <testcase name="Post_Import_UO_OTP_All_Validation_Tests" time="0.856" classname="com.symantec.vip.automation.ConfigurationImportTest_kesav"/>
  <testcase name="Post_Import_ULUO_OTP_All_Validation_Tests" time="0.705" classname="com.symantec.vip.automation.ConfigurationImportTest_kesav"/>
  <testcase name="Post_Import_UO_OTP_All_Validation_Tests" time="0.818" classname="com.symantec.vip.automation.ConfigurationImportTest_kesav"/>
  <testcase name="Post_Import_ULUO_OTP_All_Validation_Tests" time="0.680" classname="com.symantec.vip.automation.ConfigurationImportTest_kesav"/>
  <testcase name="Post_Import_ULO_OTP_All_Validation_Tests" time="0.586" classname="com.symantec.vip.automation.ConfigurationImportTest_kesav"/>
  <testcase name="Post_Import_ULO_OTP_All_Validation_Tests" time="0.926" classname="com.symantec.vip.automation.ConfigurationImportTest_kesav"/>
  <testcase name="Post_Import_ULO_OTP_All_Validation_Tests" time="3.063" classname="com.symantec.vip.automation.ConfigurationImportTest_kesav"/>
  <testcase name="Post_Import_UOL_OTP_All_Validation_Tests" time="1.018" classname="com.symantec.vip.automation.ConfigurationImportTest_kesav"/>
  <testcase name="Post_Import_ULO_OTP_All_Validation_Tests" time="0.568" classname="com.symantec.vip.automation.ConfigurationImportTest_kesav"/>
  <testcase name="Post_Import_All_Tunnel_Server_Tests" time="0.639" classname="com.symantec.vip.automation.ConfigurationImportTest_kesav"/>
  <testcase name="Post_Import_ULO_OTP_All_Validation_Tests" time="0.582" classname="com.symantec.vip.automation.ConfigurationImportTest_kesav"/>
  <testcase name="Post_Import_ULUO_OTP_All_Validation_Tests" time="0.692" classname="com.symantec.vip.automation.ConfigurationImportTest_kesav"/>
  <testcase name="Post_Import_All_Tunnel_Server_Tests" time="0.653" classname="com.symantec.vip.automation.ConfigurationImportTest_kesav"/>
  <testcase name="Post_Import_UO_Push_All_Validation_Tests" time="36.517" classname="com.symantec.vip.automation.ConfigurationImportTest_kesav"/>
  <testcase name="Post_Import_All_Tunnel_Server_Tests" time="0.697" classname="com.symantec.vip.automation.ConfigurationImportTest_kesav"/>
  <testcase name="Post_Import_UO_OTP_All_Validation_Tests" time="0.531" classname="com.symantec.vip.automation.ConfigurationImportTest_kesav"/>
  <testcase name="Post_Import_ULO_OTP_All_Validation_Tests" time="0.721" classname="com.symantec.vip.automation.ConfigurationImportTest_kesav"/>
  <testcase name="Post_Import_UO_OTP_All_Validation_Tests" time="0.620" classname="com.symantec.vip.automation.ConfigurationImportTest_kesav"/>
  <testcase name="Post_Import_UO_OTP_All_Validation_Tests" time="0.606" classname="com.symantec.vip.automation.ConfigurationImportTest_kesav"/>
  <testcase name="Post_Import_UO_OTP_All_Validation_Tests" time="0.617" classname="com.symantec.vip.automation.ConfigurationImportTest_kesav"/>
  <testcase name="Post_Import_ULO_OTP_All_Validation_Tests" time="0.723" classname="com.symantec.vip.automation.ConfigurationImportTest_kesav"/>
  <testcase name="Post_Import_All_Tunnel_Server_Tests" time="0.627" classname="com.symantec.vip.automation.ConfigurationImportTest_kesav"/>
  <testcase name="Post_Import_UO_OTP_All_Validation_Tests" time="0.766" classname="com.symantec.vip.automation.ConfigurationImportTest_kesav"/>
  <testcase name="Post_Import_UO_OTP_All_Validation_Tests" time="0.649" classname="com.symantec.vip.automation.ConfigurationImportTest_kesav"/>
  <testcase name="Post_Import_ULO_OTP_All_Validation_Tests" time="0.765" classname="com.symantec.vip.automation.ConfigurationImportTest_kesav"/>
  <testcase name="Post_Import_ULO_OTP_All_Validation_Tests" time="1.017" classname="com.symantec.vip.automation.ConfigurationImportTest_kesav"/>
  <testcase name="Post_Import_ULUO_OTP_All_Validation_Tests" time="0.686" classname="com.symantec.vip.automation.ConfigurationImportTest_kesav"/>
  <testcase name="Post_Import_UO_OTP_All_Validation_Tests" time="0.694" classname="com.symantec.vip.automation.ConfigurationImportTest_kesav"/>
  <testcase name="Post_Import_All_Tunnel_Server_Tests" time="0.660" classname="com.symantec.vip.automation.ConfigurationImportTest_kesav"/>
  <testcase name="Post_Import_ULO_OTP_All_Validation_Tests" time="0.623" classname="com.symantec.vip.automation.ConfigurationImportTest_kesav"/>
  <testcase name="Post_Import_UO_OTP_All_Validation_Tests" time="0.661" classname="com.symantec.vip.automation.ConfigurationImportTest_kesav"/>
  <testcase name="Post_Import_UO_OTP_All_Validation_Tests" time="0.810" classname="com.symantec.vip.automation.ConfigurationImportTest_kesav"/>
  <testcase name="Post_Import_ULUO_OTP_All_Validation_Tests" time="0.679" classname="com.symantec.vip.automation.ConfigurationImportTest_kesav"/>
  <testcase name="Post_Import_ULUO_OTP_All_Validation_Tests" time="0.863" classname="com.symantec.vip.automation.ConfigurationImportTest_kesav"/>
  <testcase name="Post_Import_ULUO_OTP_All_Validation_Tests" time="0.703" classname="com.symantec.vip.automation.ConfigurationImportTest_kesav"/>
  <testcase name="Post_Import_All_Tunnel_Server_Tests" time="0.657" classname="com.symantec.vip.automation.ConfigurationImportTest_kesav"/>
  <testcase name="Post_Import_ULUO_OTP_All_Validation_Tests" time="0.717" classname="com.symantec.vip.automation.ConfigurationImportTest_kesav"/>
  <testcase name="Post_Import_ULO_Push_All_Validation_Tests" time="35.679" classname="com.symantec.vip.automation.ConfigurationImportTest_kesav"/>
  <testcase name="Post_Import_ULUO_OTP_All_Validation_Tests" time="0.709" classname="com.symantec.vip.automation.ConfigurationImportTest_kesav"/>
  <testcase name="Post_Import_UO_OTP_All_Validation_Tests" time="0.639" classname="com.symantec.vip.automation.ConfigurationImportTest_kesav"/>
  <testcase name="Post_Import_ULUO_OTP_All_Validation_Tests" time="0.705" classname="com.symantec.vip.automation.ConfigurationImportTest_kesav"/>
  <testcase name="Post_Import_All_Tunnel_Server_Tests" time="0.662" classname="com.symantec.vip.automation.ConfigurationImportTest_kesav"/>
  <testcase name="Post_Import_All_Tunnel_Server_Tests" time="0.808" classname="com.symantec.vip.automation.ConfigurationImportTest_kesav"/>
  <testcase name="Post_Import_UO_OTP_All_Validation_Tests" time="0.632" classname="com.symantec.vip.automation.ConfigurationImportTest_kesav"/>
  <testcase name="Post_Import_All_Tunnel_Server_Tests" time="0.729" classname="com.symantec.vip.automation.ConfigurationImportTest_kesav"/>
  <testcase name="Post_Import_ULO_OTP_All_Validation_Tests" time="0.734" classname="com.symantec.vip.automation.ConfigurationImportTest_kesav"/>
  <testcase name="Post_Import_UO_OTP_All_Validation_Tests" time="0.804" classname="com.symantec.vip.automation.ConfigurationImportTest_kesav"/>
  <testcase name="Post_Import_UO_OTP_All_Validation_Tests" time="0.614" classname="com.symantec.vip.automation.ConfigurationImportTest_kesav"/>
  <testcase name="Post_Import_UO_OTP_All_Validation_Tests" time="0.626" classname="com.symantec.vip.automation.ConfigurationImportTest_kesav"/>
  <testcase name="Post_Import_All_Tunnel_Server_Tests" time="0.663" classname="com.symantec.vip.automation.ConfigurationImportTest_kesav"/>
  <testcase name="Post_Import_ULUO_OTP_All_Validation_Tests" time="0.628" classname="com.symantec.vip.automation.ConfigurationImportTest_kesav"/>
  <testcase name="Post_Import_UO_OTP_All_Validation_Tests" time="0.633" classname="com.symantec.vip.automation.ConfigurationImportTest_kesav"/>
  <testcase name="Post_Import_ULUO_OTP_All_Validation_Tests" time="0.949" classname="com.symantec.vip.automation.ConfigurationImportTest_kesav"/>
  <testcase name="Post_Import_UO_OTP_All_Validation_Tests" time="0.876" classname="com.symantec.vip.automation.ConfigurationImportTest_kesav"/>
  <testcase name="Post_Import_UO_OTP_All_Validation_Tests" time="0.624" classname="com.symantec.vip.automation.ConfigurationImportTest_kesav"/>
  <testcase name="Post_Import_ULO_Push_All_Validation_Tests" time="30.194" classname="com.symantec.vip.automation.ConfigurationImportTest_kesav"/>
  <testcase name="Post_Import_ULUO_OTP_All_Validation_Tests" time="0.640" classname="com.symantec.vip.automation.ConfigurationImportTest_kesav"/>
  <testcase name="Post_Import_UO_OTP_All_Validation_Tests" time="1.061" classname="com.symantec.vip.automation.ConfigurationImportTest_kesav"/>
  <testcase name="Post_Import_UO_OTP_All_Validation_Tests" time="0.697" classname="com.symantec.vip.automation.ConfigurationImportTest_kesav"/>
  <testcase name="Post_Import_ULUO_OTP_All_Validation_Tests" time="0.664" classname="com.symantec.vip.automation.ConfigurationImportTest_kesav"/>
  <testcase name="Post_Import_ULO_OTP_All_Validation_Tests" time="0.727" classname="com.symantec.vip.automation.ConfigurationImportTest_kesav"/>
  <testcase name="Post_Import_All_Tunnel_Server_Tests" time="0.571" classname="com.symantec.vip.automation.ConfigurationImportTest_kesav"/>
  <testcase name="Post_Import_ULUO_OTP_All_Validation_Tests" time="0.651" classname="com.symantec.vip.automation.ConfigurationImportTest_kesav"/>
  <testcase name="Post_Import_All_Tunnel_Server_Tests" time="0.656" classname="com.symantec.vip.automation.ConfigurationImportTest_kesav"/>
  <testcase name="Post_Import_ULO_OTP_All_Validation_Tests" time="2.986" classname="com.symantec.vip.automation.ConfigurationImportTest_kesav"/>
  <testcase name="Post_Import_UO_OTP_All_Validation_Tests" time="0.658" classname="com.symantec.vip.automation.ConfigurationImportTest_kesav"/>
  <testcase name="Post_Import_UO_OTP_All_Validation_Tests" time="0.613" classname="com.symantec.vip.automation.ConfigurationImportTest_kesav"/>
  <testcase name="Post_Import_UO_OTP_All_Validation_Tests" time="0.663" classname="com.symantec.vip.automation.ConfigurationImportTest_kesav"/>
  <testcase name="Post_Import_UO_OTP_All_Validation_Tests" time="0.597" classname="com.symantec.vip.automation.ConfigurationImportTest_kesav"/>
  <testcase name="Post_Import_UO_OTP_All_Validation_Tests" time="0.666" classname="com.symantec.vip.automation.ConfigurationImportTest_kesav"/>
  <testcase name="Post_Import_All_Tunnel_Server_Tests" time="0.614" classname="com.symantec.vip.automation.ConfigurationImportTest_kesav"/>
  <testcase name="Post_Import_All_Tunnel_Server_Tests" time="0.632" classname="com.symantec.vip.automation.ConfigurationImportTest_kesav"/>
  <testcase name="Post_Import_ULUO_OTP_All_Validation_Tests" time="0.718" classname="com.symantec.vip.automation.ConfigurationImportTest_kesav"/>
  <testcase name="Post_Import_UO_OTP_All_Validation_Tests" time="0.564" classname="com.symantec.vip.automation.ConfigurationImportTest_kesav"/>
  <testcase name="Post_Import_All_Tunnel_Server_Tests" time="0.653" classname="com.symantec.vip.automation.ConfigurationImportTest_kesav"/>
  <testcase name="Post_Import_ULUO_OTP_All_Validation_Tests" time="0.670" classname="com.symantec.vip.automation.ConfigurationImportTest_kesav"/>
  <testcase name="Post_Import_UOL_OTP_All_Validation_Tests" time="0.955" classname="com.symantec.vip.automation.ConfigurationImportTest_kesav"/>
  <testcase name="Post_Import_UO_OTP_All_Validation_Tests" time="0.591" classname="com.symantec.vip.automation.ConfigurationImportTest_kesav"/>
  <testcase name="Post_Import_ULUO_OTP_All_Validation_Tests" time="0.770" classname="com.symantec.vip.automation.ConfigurationImportTest_kesav"/>
  <testcase name="Post_Import_UO_OTP_All_Validation_Tests" time="0.624" classname="com.symantec.vip.automation.ConfigurationImportTest_kesav"/>
  <testcase name="Post_Import_All_Tunnel_Server_Tests" time="0.719" classname="com.symantec.vip.automation.ConfigurationImportTest_kesav"/>
  <testcase name="Post_Import_UO_OTP_All_Validation_Tests" time="0.803" classname="com.symantec.vip.automation.ConfigurationImportTest_kesav"/>
  <testcase name="Post_Import_ULUO_OTP_All_Validation_Tests" time="0.738" classname="com.symantec.vip.automation.ConfigurationImportTest_kesav"/>
  <testcase name="Post_Import_ULUO_OTP_All_Validation_Tests" time="0.679" classname="com.symantec.vip.automation.ConfigurationImportTest_kesav"/>
  <testcase name="Post_Import_ULO_OTP_All_Validation_Tests" time="1.004" classname="com.symantec.vip.automation.ConfigurationImportTest_kesav"/>
  <testcase name="Post_Import_ULO_OTP_All_Validation_Tests" time="0.990" classname="com.symantec.vip.automation.ConfigurationImportTest_kesav"/>
  <testcase name="Post_Import_UO_OTP_All_Validation_Tests" time="0.650" classname="com.symantec.vip.automation.ConfigurationImportTest_kesav"/>
  <testcase name="Post_Import_UO_OTP_All_Validation_Tests" time="0.651" classname="com.symantec.vip.automation.ConfigurationImportTest_kesav"/>
  <testcase name="Post_Import_ULO_OTP_All_Validation_Tests" time="0.696" classname="com.symantec.vip.automation.ConfigurationImportTest_kesav"/>
  <testcase name="Post_Import_ULUO_OTP_All_Validation_Tests" time="0.921" classname="com.symantec.vip.automation.ConfigurationImportTest_kesav"/>
  <testcase name="Post_Import_UO_OTP_All_Validation_Tests" time="0.988" classname="com.symantec.vip.automation.ConfigurationImportTest_kesav"/>
  <testcase name="Post_Import_All_Tunnel_Server_Tests" time="0.656" classname="com.symantec.vip.automation.ConfigurationImportTest_kesav"/>
  <testcase name="Post_Import_ULO_OTP_All_Validation_Tests" time="0.721" classname="com.symantec.vip.automation.ConfigurationImportTest_kesav"/>
  <testcase name="Post_Import_UO_OTP_All_Validation_Tests" time="0.663" classname="com.symantec.vip.automation.ConfigurationImportTest_kesav"/>
  <testcase name="Post_Import_UO_OTP_All_Validation_Tests" time="0.527" classname="com.symantec.vip.automation.ConfigurationImportTest_kesav"/>
  <testcase name="Post_Import_ULUO_OTP_All_Validation_Tests" time="0.949" classname="com.symantec.vip.automation.ConfigurationImportTest_kesav"/>
  <testcase name="Post_Import_ULUO_OTP_All_Validation_Tests" time="0.599" classname="com.symantec.vip.automation.ConfigurationImportTest_kesav"/>
  <testcase name="Post_Import_UOL_OTP_All_Validation_Tests" time="1.178" classname="com.symantec.vip.automation.ConfigurationImportTest_kesav"/>
  <testcase name="Post_Import_UO_OTP_All_Validation_Tests" time="0.594" classname="com.symantec.vip.automation.ConfigurationImportTest_kesav"/>
  <testcase name="Post_Import_ULUO_OTP_All_Validation_Tests" time="0.710" classname="com.symantec.vip.automation.ConfigurationImportTest_kesav"/>
  <testcase name="Post_Import_UO_OTP_All_Validation_Tests" time="0.632" classname="com.symantec.vip.automation.ConfigurationImportTest_kesav"/>
  <testcase name="Post_Import_All_Tunnel_Server_Tests" time="0.693" classname="com.symantec.vip.automation.ConfigurationImportTest_kesav"/>
  <testcase name="Post_Import_All_Tunnel_Server_Tests" time="0.637" classname="com.symantec.vip.automation.ConfigurationImportTest_kesav"/>
  <testcase name="Post_Import_UO_OTP_All_Validation_Tests" time="0.844" classname="com.symantec.vip.automation.ConfigurationImportTest_kesav"/>
  <testcase name="Post_Import_UO_Push_All_Validation_Tests" time="31.712" classname="com.symantec.vip.automation.ConfigurationImportTest_kesav"/>
  <testcase name="Post_Import_All_Tunnel_Server_Tests" time="0.655" classname="com.symantec.vip.automation.ConfigurationImportTest_kesav"/>
  <testcase name="Post_Import_UO_OTP_All_Validation_Tests" time="0.609" classname="com.symantec.vip.automation.ConfigurationImportTest_kesav"/>
  <testcase name="Post_Import_UO_OTP_All_Validation_Tests" time="0.629" classname="com.symantec.vip.automation.ConfigurationImportTest_kesav"/>
  <testcase name="Post_Import_ULUO_OTP_All_Validation_Tests" time="0.675" classname="com.symantec.vip.automation.ConfigurationImportTest_kesav"/>
  <testcase name="Post_Import_ULO_OTP_All_Validation_Tests" time="0.600" classname="com.symantec.vip.automation.ConfigurationImportTest_kesav"/>
  <testcase name="Post_Import_UOL_OTP_All_Validation_Tests" time="1.012" classname="com.symantec.vip.automation.ConfigurationImportTest_kesav"/>
  <testcase name="Post_Import_UO_Push_All_Validation_Tests" time="31.653" classname="com.symantec.vip.automation.ConfigurationImportTest_kesav"/>
  <testcase name="Post_Import_UO_OTP_All_Validation_Tests" time="0.595" classname="com.symantec.vip.automation.ConfigurationImportTest_kesav"/>
  <testcase name="Post_Import_All_Tunnel_Server_Tests" time="0.653" classname="com.symantec.vip.automation.ConfigurationImportTest_kesav"/>
  <testcase name="Post_Import_All_Tunnel_Server_Tests" time="0.645" classname="com.symantec.vip.automation.ConfigurationImportTest_kesav"/>
  <testcase name="Post_Import_ULO_OTP_All_Validation_Tests" time="0.966" classname="com.symantec.vip.automation.ConfigurationImportTest_kesav"/>
  <testcase name="Post_Import_ULUO_OTP_All_Validation_Tests" time="0.671" classname="com.symantec.vip.automation.ConfigurationImportTest_kesav"/>
  <testcase name="Post_Import_All_Tunnel_Server_Tests" time="0.654" classname="com.symantec.vip.automation.ConfigurationImportTest_kesav"/>
  <testcase name="Post_Import_UO_Push_All_Validation_Tests" time="31.536" classname="com.symantec.vip.automation.ConfigurationImportTest_kesav"/>
  <testcase name="Post_Import_UO_OTP_All_Validation_Tests" time="0.631" classname="com.symantec.vip.automation.ConfigurationImportTest_kesav"/>
  <testcase name="Post_Import_All_Tunnel_Server_Tests" time="0.550" classname="com.symantec.vip.automation.ConfigurationImportTest_kesav"/>
  <testcase name="Post_Import_UO_OTP_All_Validation_Tests" time="0.650" classname="com.symantec.vip.automation.ConfigurationImportTest_kesav"/>
  <testcase name="Post_Import_All_Tunnel_Server_Tests" time="0.795" classname="com.symantec.vip.automation.ConfigurationImportTest_kesav"/>
  <testcase name="Post_Import_ULO_OTP_All_Validation_Tests" time="0.902" classname="com.symantec.vip.automation.ConfigurationImportTest_kesav"/>
  <testcase name="Post_Import_All_Tunnel_Server_Tests" time="0.571" classname="com.symantec.vip.automation.ConfigurationImportTest_kesav"/>
  <testcase name="Post_Import_ULO_OTP_All_Validation_Tests" time="2.998" classname="com.symantec.vip.automation.ConfigurationImportTest_kesav"/>
  <testcase name="Post_Import_ULUO_OTP_All_Validation_Tests" time="0.540" classname="com.symantec.vip.automation.ConfigurationImportTest_kesav"/>
  <testcase name="Post_Import_All_Tunnel_Server_Tests" time="0.690" classname="com.symantec.vip.automation.ConfigurationImportTest_kesav"/>
  <testcase name="Post_Import_ULO_OTP_All_Validation_Tests" time="0.733" classname="com.symantec.vip.automation.ConfigurationImportTest_kesav"/>
  <testcase name="Post_Import_UOL_OTP_All_Validation_Tests" time="0.992" classname="com.symantec.vip.automation.ConfigurationImportTest_kesav"/>
  <testcase name="Post_Import_ULO_OTP_All_Validation_Tests" time="0.764" classname="com.symantec.vip.automation.ConfigurationImportTest_kesav"/>
  <testcase name="Post_Import_UO_OTP_All_Validation_Tests" time="0.620" classname="com.symantec.vip.automation.ConfigurationImportTest_kesav"/>
  <testcase name="Post_Import_UO_OTP_All_Validation_Tests" time="0.660" classname="com.symantec.vip.automation.ConfigurationImportTest_kesav"/>
  <testcase name="Post_Import_ULO_OTP_All_Validation_Tests" time="2.120" classname="com.symantec.vip.automation.ConfigurationImportTest_kesav"/>
  <testcase name="Post_Import_ULO_OTP_All_Validation_Tests" time="0.978" classname="com.symantec.vip.automation.ConfigurationImportTest_kesav"/>
  <testcase name="Post_Import_UOL_OTP_All_Validation_Tests" time="1.210" classname="com.symantec.vip.automation.ConfigurationImportTest_kesav"/>
  <testcase name="Post_Import_UO_OTP_All_Validation_Tests" time="0.644" classname="com.symantec.vip.automation.ConfigurationImportTest_kesav"/>
  <testcase name="Post_Import_UO_Push_All_Validation_Tests" time="31.825" classname="com.symantec.vip.automation.ConfigurationImportTest_kesav"/>
  <testcase name="Post_Import_ULO_Push_All_Validation_Tests" time="32.457" classname="com.symantec.vip.automation.ConfigurationImportTest_kesav"/>
  <testcase name="Post_Import_UO_OTP_All_Validation_Tests" time="0.648" classname="com.symantec.vip.automation.ConfigurationImportTest_kesav"/>
  <testcase name="Post_Import_UO_OTP_All_Validation_Tests" time="0.629" classname="com.symantec.vip.automation.ConfigurationImportTest_kesav"/>
  <testcase name="Post_Import_ULUO_OTP_All_Validation_Tests" time="0.611" classname="com.symantec.vip.automation.ConfigurationImportTest_kesav"/>
  <testcase name="Post_Import_All_Tunnel_Server_Tests" time="0.805" classname="com.symantec.vip.automation.ConfigurationImportTest_kesav"/>
  <testcase name="Post_Import_ULUO_OTP_All_Validation_Tests" time="0.710" classname="com.symantec.vip.automation.ConfigurationImportTest_kesav"/>
  <testcase name="Post_Import_UO_OTP_All_Validation_Tests" time="1.010" classname="com.symantec.vip.automation.ConfigurationImportTest_kesav"/>
  <testcase name="Post_Import_ULUO_OTP_All_Validation_Tests" time="0.704" classname="com.symantec.vip.automation.ConfigurationImportTest_kesav"/>
[...]
  <testcase name="Post_Import_All_Tunnel_Server_Tests" time="0.641" classname="com.symantec.vip.automation.ConfigurationImportTest_kesav"/>
  <testcase name="Post_Import_UO_OTP_All_Validation_Tests" time="0.676" classname="com.symantec.vip.automation.ConfigurationImportTest_kesav"/>
  <testcase name="Post_Import_UO_OTP_All_Validation_Tests" time="0.648" classname="com.symantec.vip.automation.ConfigurationImportTest_kesav"/>
  <testcase name="Post_Import_ULUO_OTP_All_Validation_Tests" time="0.741" classname="com.symantec.vip.automation.ConfigurationImportTest_kesav"/>
  <testcase name="Post_Import_All_Tunnel_Server_Tests" time="0.672" classname="com.symantec.vip.automation.ConfigurationImportTest_kesav"/>
  <testcase name="Post_Import_ULUO_OTP_All_Validation_Tests" time="0.731" classname="com.symantec.vip.automation.ConfigurationImportTest_kesav"/>
  <testcase name="Post_Import_ULUO_OTP_All_Validation_Tests" time="0.682" classname="com.symantec.vip.automation.ConfigurationImportTest_kesav"/>
  <testcase name="Post_Import_UO_OTP_All_Validation_Tests" time="0.596" classname="com.symantec.vip.automation.ConfigurationImportTest_kesav"/>
  <testcase name="Post_Import_ULO_OTP_All_Validation_Tests" time="0.764" classname="com.symantec.vip.automation.ConfigurationImportTest_kesav"/>
  <testcase name="Post_Import_UO_OTP_All_Validation_Tests" time="0.634" classname="com.symantec.vip.automation.ConfigurationImportTest_kesav"/>
  <testcase name="Post_Import_UOL_OTP_All_Validation_Tests" time="1.056" classname="com.symantec.vip.automation.ConfigurationImportTest_kesav"/>
  <testcase name="Post_Import_UO_OTP_All_Validation_Tests" time="0.664" classname="com.symantec.vip.automation.ConfigurationImportTest_kesav"/>
  <testcase name="Post_Import_UO_OTP_All_Validation_Tests" time="0.814" classname="com.symantec.vip.automation.ConfigurationImportTest_kesav"/>
  <testcase name="Post_Import_UO_Push_All_Validation_Tests" time="37.813" classname="com.symantec.vip.automation.ConfigurationImportTest_kesav"/>
  <testcase name="Post_Import_UOL_OTP_All_Validation_Tests" time="0.994" classname="com.symantec.vip.automation.ConfigurationImportTest_kesav"/>
  <testcase name="Post_Import_ULUO_OTP_All_Validation_Tests" time="0.672" classname="com.symantec.vip.automation.ConfigurationImportTest_kesav"/>
  <testcase name="Post_Import_UOL_OTP_All_Validation_Tests" time="1.410" classname="com.symantec.vip.automation.ConfigurationImportTest_kesav"/>
  <testcase name="Post_Import_All_Tunnel_Server_Tests" time="0.697" classname="com.symantec.vip.automation.ConfigurationImportTest_kesav"/>
  <testcase name="Post_Import_ULUO_OTP_All_Validation_Tests" time="0.653" classname="com.symantec.vip.automation.ConfigurationImportTest_kesav"/>
  <testcase name="Post_Import_ULUO_OTP_All_Validation_Tests" time="0.645" classname="com.symantec.vip.automation.ConfigurationImportTest_kesav"/>
  <testcase name="Start_VIP_Manager_IDP_Service" time="25.429" classname="com.symantec.vip.automation.ConfigurationImportTest_kesav"/>
  <testcase name="Post_Import_All_Tunnel_Server_Tests" time="0.854" classname="com.symantec.vip.automation.ConfigurationImportTest_kesav"/>
  <testcase name="Post_Import_ULUO_OTP_All_Validation_Tests" time="0.645" classname="com.symantec.vip.automation.ConfigurationImportTest_kesav"/>
  <testcase name="Post_Import_UO_OTP_All_Validation_Tests" time="0.666" classname="com.symantec.vip.automation.ConfigurationImportTest_kesav"/>
  <testcase name="Post_Import_ULO_OTP_All_Validation_Tests" time="0.711" classname="com.symantec.vip.automation.ConfigurationImportTest_kesav"/>
  <testcase name="Post_Import_ULO_OTP_All_Validation_Tests" time="0.610" classname="com.symantec.vip.automation.ConfigurationImportTest_kesav"/>
  <testcase name="Post_Import_ULO_OTP_All_Validation_Tests" time="0.728" classname="com.symantec.vip.automation.ConfigurationImportTest_kesav"/>
  <testcase name="Post_Import_ULO_OTP_All_Validation_Tests" time="0.762" classname="com.symantec.vip.automation.ConfigurationImportTest_kesav"/>
  <testcase name="Post_Import_ULO_OTP_All_Validation_Tests" time="0.926" classname="com.symantec.vip.automation.ConfigurationImportTest_kesav"/>
  <testcase name="Post_Import_UO_OTP_All_Validation_Tests" time="0.826" classname="com.symantec.vip.automation.ConfigurationImportTest_kesav"/>
  <testcase name="Post_Import_ULUO_OTP_All_Validation_Tests" time="0.696" classname="com.symantec.vip.automation.ConfigurationImportTest_kesav"/>
  <testcase name="Post_Import_All_Tunnel_Server_Tests" time="0.572" classname="com.symantec.vip.automation.ConfigurationImportTest_kesav"/>
  <testcase name="Post_Import_ULUO_OTP_All_Validation_Tests" time="0.860" classname="com.symantec.vip.automation.ConfigurationImportTest_kesav"/>
  <testcase name="Post_Import_ULO_OTP_All_Validation_Tests" time="3.354" classname="com.symantec.vip.automation.ConfigurationImportTest_kesav"/>
  <testcase name="Post_Import_UO_OTP_All_Validation_Tests" time="0.613" classname="com.symantec.vip.automation.ConfigurationImportTest_kesav"/>
  <testcase name="Post_Import_UOL_OTP_All_Validation_Tests" time="1.017" classname="com.symantec.vip.automation.ConfigurationImportTest_kesav"/>
  <testcase name="Post_Import_ULO_OTP_All_Validation_Tests" time="0.564" classname="com.symantec.vip.automation.ConfigurationImportTest_kesav"/>
  <testcase name="Post_Import_ULUO_OTP_All_Validation_Tests" time="0.848" classname="com.symantec.vip.automation.ConfigurationImportTest_kesav"/>
  <testcase name="Post_Import_UO_OTP_All_Validation_Tests" time="0.854" classname="com.symantec.vip.automation.ConfigurationImportTest_kesav"/>
  <testcase name="Post_Import_UO_OTP_All_Validation_Tests" time="0.615" classname="com.symantec.vip.automation.ConfigurationImportTest_kesav"/>
  <testcase name="Post_Import_UO_OTP_All_Validation_Tests" time="0.644" classname="com.symantec.vip.automation.ConfigurationImportTest_kesav"/>
  <testcase name="Post_Import_UO_OTP_All_Validation_Tests" time="0.565" classname="com.symantec.vip.automation.ConfigurationImportTest_kesav"/>
  <testcase name="Post_Import_UO_OTP_All_Validation_Tests" time="0.658" classname="com.symantec.vip.automation.ConfigurationImportTest_kesav"/>
  <testcase name="Post_Import_UO_OTP_All_Validation_Tests" time="0.881" classname="com.symantec.vip.automation.ConfigurationImportTest_kesav"/>
  <testcase name="Post_Import_UO_OTP_All_Validation_Tests" time="0.656" classname="com.symantec.vip.automation.ConfigurationImportTest_kesav"/>
  <testcase name="Post_Import_UO_OTP_All_Validation_Tests" time="0.629" classname="com.symantec.vip.automation.ConfigurationImportTest_kesav"/>
  <testcase name="Post_Import_UO_OTP_All_Validation_Tests" time="0.671" classname="com.symantec.vip.automation.ConfigurationImportTest_kesav"/>
  <testcase name="Post_Import_UO_OTP_All_Validation_Tests" time="1.388" classname="com.symantec.vip.automation.ConfigurationImportTest_kesav"/>
  <testcase name="Post_Import_ULUO_OTP_All_Validation_Tests" time="0.677" classname="com.symantec.vip.automation.ConfigurationImportTest_kesav"/>
  <testcase name="Post_Import_UO_OTP_All_Validation_Tests" time="0.647" classname="com.symantec.vip.automation.ConfigurationImportTest_kesav"/>
  <testcase name="Post_Import_All_Tunnel_Server_Tests" time="0.636" classname="com.symantec.vip.automation.ConfigurationImportTest_kesav"/>
  <testcase name="Post_Import_All_Tunnel_Server_Tests" time="0.592" classname="com.symantec.vip.automation.ConfigurationImportTest_kesav"/>
  <testcase name="Post_Import_ULUO_OTP_All_Validation_Tests" time="0.723" classname="com.symantec.vip.automation.ConfigurationImportTest_kesav"/>
  <testcase name="Post_Import_UO_OTP_All_Validation_Tests" time="0.646" classname="com.symantec.vip.automation.ConfigurationImportTest_kesav"/>
  <testcase name="Post_Import_UO_OTP_All_Validation_Tests" time="0.675" classname="com.symantec.vip.automation.ConfigurationImportTest_kesav"/>
  <testcase name="Post_Import_ULO_OTP_All_Validation_Tests" time="1.034" classname="com.symantec.vip.automation.ConfigurationImportTest_kesav"/>
  <testcase name="Post_Import_UO_OTP_All_Validation_Tests" time="0.651" classname="com.symantec.vip.automation.ConfigurationImportTest_kesav"/>
  <testcase name="Post_Import_UO_OTP_All_Validation_Tests" time="0.988" classname="com.symantec.vip.automation.ConfigurationImportTest_kesav"/>
  <testcase name="Post_Import_All_Tunnel_Server_Tests" time="0.735" classname="com.symantec.vip.automation.ConfigurationImportTest_kesav"/>
  <testcase name="Post_Import_All_Tunnel_Server_Tests" time="0.656" classname="com.symantec.vip.automation.ConfigurationImportTest_kesav"/>
  <testcase name="Post_Import_UOL_OTP_All_Validation_Tests" time="3.496" classname="com.symantec.vip.automation.ConfigurationImportTest_kesav"/>
  <testcase name="Post_Import_UO_OTP_All_Validation_Tests" time="0.677" classname="com.symantec.vip.automation.ConfigurationImportTest_kesav"/>
  <testcase name="Post_Import_ULUO_OTP_All_Validation_Tests" time="0.664" classname="com.symantec.vip.automation.ConfigurationImportTest_kesav"/>
  <testcase name="Post_Import_UO_OTP_All_Validation_Tests" time="0.948" classname="com.symantec.vip.automation.ConfigurationImportTest_kesav"/>
  <testcase name="Post_Import_UO_Push_All_Validation_Tests" time="32.002" classname="com.symantec.vip.automation.ConfigurationImportTest_kesav"/>
  <testcase name="Post_Import_ULO_OTP_All_Validation_Tests" time="0.900" classname="com.symantec.vip.automation.ConfigurationImportTest_kesav"/>
  <testcase name="Post_Import_ULO_Push_All_Validation_Tests" time="33.614" classname="com.symantec.vip.automation.ConfigurationImportTest_kesav"/>
  <testcase name="Post_Import_UO_OTP_All_Validation_Tests" time="0.575" classname="com.symantec.vip.automation.ConfigurationImportTest_kesav"/>
  <testcase name="Post_Import_ULO_OTP_All_Validation_Tests" time="0.568" classname="com.symantec.vip.automation.ConfigurationImportTest_kesav"/>
  <testcase name="Post_Import_ULUO_OTP_All_Validation_Tests" time="0.530" classname="com.symantec.vip.automation.ConfigurationImportTest_kesav"/>
  <testcase name="Post_Import_UO_OTP_All_Validation_Tests" time="0.618" classname="com.symantec.vip.automation.ConfigurationImportTest_kesav"/>
  <testcase name="Post_Import_ULO_OTP_All_Validation_Tests" time="0.642" classname="com.symantec.vip.automation.ConfigurationImportTest_kesav"/>
  <testcase name="Post_Import_All_Tunnel_Server_Tests" time="0.537" classname="com.symantec.vip.automation.ConfigurationImportTest_kesav"/>
  <testcase name="Post_Import_UO_OTP_All_Validation_Tests" time="0.741" classname="com.symantec.vip.automation.ConfigurationImportTest_kesav"/>
  <testcase name="Post_Import_All_Tunnel_Server_Tests" time="0.704" classname="com.symantec.vip.automation.ConfigurationImportTest_kesav"/>
  <testcase name="Post_Import_ULO_OTP_All_Validation_Tests" time="0.838" classname="com.symantec.vip.automation.ConfigurationImportTest_kesav"/>
  <testcase name="Post_Import_ULUO_OTP_All_Validation_Tests" time="0.904" classname="com.symantec.vip.automation.ConfigurationImportTest_kesav"/>
  <testcase name="Post_Import_UO_OTP_All_Validation_Tests" time="0.655" classname="com.symantec.vip.automation.ConfigurationImportTest_kesav"/>
  <testcase name="Post_Import_ULO_OTP_All_Validation_Tests" time="0.561" classname="com.symantec.vip.automation.ConfigurationImportTest_kesav"/>
  <testcase name="Post_Import_All_Tunnel_Server_Tests" time="0.694" classname="com.symantec.vip.automation.ConfigurationImportTest_kesav"/>
  <testcase name="Post_Import_UO_OTP_All_Validation_Tests" time="0.622" classname="com.symantec.vip.automation.ConfigurationImportTest_kesav"/>
  <testcase name="Post_Import_UO_OTP_All_Validation_Tests" time="0.582" classname="com.symantec.vip.automation.ConfigurationImportTest_kesav"/>
  <testcase name="Post_Import_UO_Push_All_Validation_Tests" time="31.804" classname="com.symantec.vip.automation.ConfigurationImportTest_kesav"/>
  <testcase name="Post_Import_All_Tunnel_Server_Tests" time="0.768" classname="com.symantec.vip.automation.ConfigurationImportTest_kesav"/>
  <testcase name="Start_All_Tunnel_Servers" time="74.205" classname="com.symantec.vip.automation.ConfigurationImportTest_kesav"/>
  <testcase name="Post_Import_All_Tunnel_Server_Tests" time="0.664" classname="com.symantec.vip.automation.ConfigurationImportTest_kesav"/>
  <testcase name="Post_Import_All_Tunnel_Server_Tests" time="0.657" classname="com.symantec.vip.automation.ConfigurationImportTest_kesav"/>
  <testcase name="Post_Import_ULO_OTP_All_Validation_Tests" time="0.754" classname="com.symantec.vip.automation.ConfigurationImportTest_kesav"/>
  <testcase name="Post_Import_All_Tunnel_Server_Tests" time="0.557" classname="com.symantec.vip.automation.ConfigurationImportTest_kesav"/>
  <testcase name="Post_Import_ULUO_OTP_All_Validation_Tests" time="0.682" classname="com.symantec.vip.automation.ConfigurationImportTest_kesav"/>
  <testcase name="Post_Import_UOL_OTP_All_Validation_Tests" time="0.980" classname="com.symantec.vip.automation.ConfigurationImportTest_kesav"/>
  <testcase name="Post_Import_ULUO_OTP_All_Validation_Tests" time="0.653" classname="com.symantec.vip.automation.ConfigurationImportTest_kesav"/>
  <testcase name="Post_Import_UO_OTP_All_Validation_Tests" time="0.651" classname="com.symantec.vip.automation.ConfigurationImportTest_kesav"/>
  <testcase name="Post_Import_UO_OTP_All_Validation_Tests" time="0.647" classname="com.symantec.vip.automation.ConfigurationImportTest_kesav"/>
  <testcase name="Post_Import_UO_OTP_All_Validation_Tests" time="0.628" classname="com.symantec.vip.automation.ConfigurationImportTest_kesav"/>
  <testcase name="Post_Import_UO_OTP_All_Validation_Tests" time="0.665" classname="com.symantec.vip.automation.ConfigurationImportTest_kesav"/>
  <testcase name="Post_Import_All_Tunnel_Server_Tests" time="0.695" classname="com.symantec.vip.automation.ConfigurationImportTest_kesav"/>
  <testcase name="Post_Import_All_Tunnel_Server_Tests" time="0.661" classname="com.symantec.vip.automation.ConfigurationImportTest_kesav"/>
  <testcase name="Post_Import_ULUO_OTP_All_Validation_Tests" time="0.675" classname="com.symantec.vip.automation.ConfigurationImportTest_kesav"/>
  <testcase name="Post_Import_UO_OTP_All_Validation_Tests" time="0.671" classname="com.symantec.vip.automation.ConfigurationImportTest_kesav"/>
  <testcase name="Post_Import_ULO_OTP_All_Validation_Tests" time="2.879" classname="com.symantec.vip.automation.ConfigurationImportTest_kesav"/>
  <testcase name="Post_Import_UO_Push_All_Validation_Tests" time="31.739" classname="com.symantec.vip.automation.ConfigurationImportTest_kesav"/>
  <testcase name="Post_Import_ULUO_OTP_All_Validation_Tests" time="0.686" classname="com.symantec.vip.automation.ConfigurationImportTest_kesav"/>
  <testcase name="Post_Import_ULUO_OTP_All_Validation_Tests" time="0.702" classname="com.symantec.vip.automation.ConfigurationImportTest_kesav"/>
  <testcase name="Post_Import_ULUO_OTP_All_Validation_Tests" time="0.838" classname="com.symantec.vip.automation.ConfigurationImportTest_kesav"/>
  <testcase name="Post_Import_UO_OTP_All_Validation_Tests" time="0.808" classname="com.symantec.vip.automation.ConfigurationImportTest_kesav"/>
  <testcase name="Post_Import_UO_OTP_All_Validation_Tests" time="0.610" classname="com.symantec.vip.automation.ConfigurationImportTest_kesav"/>
  <testcase name="Post_Import_ULO_OTP_All_Validation_Tests" time="0.567" classname="com.symantec.vip.automation.ConfigurationImportTest_kesav"/>
  <testcase name="Post_Import_ULO_OTP_All_Validation_Tests" time="3.057" classname="com.symantec.vip.automation.ConfigurationImportTest_kesav"/>
  <testcase name="Post_Import_ULUO_OTP_All_Validation_Tests" time="0.599" classname="com.symantec.vip.automation.ConfigurationImportTest_kesav"/>
  <testcase name="Post_Import_UO_OTP_All_Validation_Tests" time="0.909" classname="com.symantec.vip.automation.ConfigurationImportTest_kesav"/>
  <testcase name="Post_Import_UO_OTP_All_Validation_Tests" time="1.295" classname="com.symantec.vip.automation.ConfigurationImportTest_kesav"/>
  <testcase name="Post_Import_ULUO_OTP_All_Validation_Tests" time="0.665" classname="com.symantec.vip.automation.ConfigurationImportTest_kesav"/>
  <testcase name="Post_Import_ULUO_OTP_All_Validation_Tests" time="0.681" classname="com.symantec.vip.automation.ConfigurationImportTest_kesav"/>
  <testcase name="Post_Import_All_Tunnel_Server_Tests" time="0.649" classname="com.symantec.vip.automation.ConfigurationImportTest_kesav"/>
  <testcase name="Post_Import_ULO_OTP_All_Validation_Tests" time="0.720" classname="com.symantec.vip.automation.ConfigurationImportTest_kesav"/>
  <testcase name="Post_Import_All_Tunnel_Server_Tests" time="0.648" classname="com.symantec.vip.automation.ConfigurationImportTest_kesav"/>
  <testcase name="Post_Import_ULO_OTP_All_Validation_Tests" time="0.956" classname="com.symantec.vip.automation.ConfigurationImportTest_kesav"/>
  <testcase name="Post_Import_UO_OTP_All_Validation_Tests" time="0.628" classname="com.symantec.vip.automation.ConfigurationImportTest_kesav"/>
  <testcase name="Post_Import_UO_OTP_All_Validation_Tests" time="0.885" classname="com.symantec.vip.automation.ConfigurationImportTest_kesav"/>
  <testcase name="Post_Import_UO_Push_All_Validation_Tests" time="38.435" classname="com.symantec.vip.automation.ConfigurationImportTest_kesav"/>
  <testcase name="Post_Import_ULO_OTP_All_Validation_Tests" time="0.727" classname="com.symantec.vip.automation.ConfigurationImportTest_kesav"/>
  <testcase name="Post_Import_UO_OTP_All_Validation_Tests" time="0.601" classname="com.symantec.vip.automation.ConfigurationImportTest_kesav"/>
  <testcase name="Post_Import_All_Tunnel_Server_Tests" time="0.642" classname="com.symantec.vip.automation.ConfigurationImportTest_kesav"/>
  <testcase name="Post_Import_UOL_OTP_All_Validation_Tests" time="1.035" classname="com.symantec.vip.automation.ConfigurationImportTest_kesav"/>
  <testcase name="Post_Import_UO_OTP_All_Validation_Tests" time="0.789" classname="com.symantec.vip.automation.ConfigurationImportTest_kesav"/>
  <testcase name="Post_Import_ULUO_OTP_All_Validation_Tests" time="0.685" classname="com.symantec.vip.automation.ConfigurationImportTest_kesav"/>
  <testcase name="Post_Import_UO_OTP_All_Validation_Tests" time="0.540" classname="com.symantec.vip.automation.ConfigurationImportTest_kesav"/>
  <testcase name="Post_Import_UO_OTP_All_Validation_Tests" time="0.671" classname="com.symantec.vip.automation.ConfigurationImportTest_kesav"/>
  <testcase name="Post_Import_ULUO_OTP_All_Validation_Tests" time="0.608" classname="com.symantec.vip.automation.ConfigurationImportTest_kesav"/>
  <testcase name="Post_Import_ULO_Push_All_Validation_Tests" time="37.784" classname="com.symantec.vip.automation.ConfigurationImportTest_kesav"/>
  <testcase name="Post_Import_All_Tunnel_Server_Tests" time="0.662" classname="com.symantec.vip.automation.ConfigurationImportTest_kesav"/>
  <testcase name="Post_Import_ULUO_OTP_All_Validation_Tests" time="0.626" classname="com.symantec.vip.automation.ConfigurationImportTest_kesav"/>
  <testcase name="Start_SSP_Service" time="29.996" classname="com.symantec.vip.automation.ConfigurationImportTest_kesav"/>
  <testcase name="Post_Import_UO_Push_All_Validation_Tests" time="31.637" classname="com.symantec.vip.automation.ConfigurationImportTest_kesav"/>
  <testcase name="Post_Import_UO_OTP_All_Validation_Tests" time="0.576" classname="com.symantec.vip.automation.ConfigurationImportTest_kesav"/>
  <testcase name="Post_Import_UO_OTP_All_Validation_Tests" time="0.564" classname="com.symantec.vip.automation.ConfigurationImportTest_kesav"/>
  <testcase name="Post_Import_UO_OTP_All_Validation_Tests" time="0.872" classname="com.symantec.vip.automation.ConfigurationImportTest_kesav"/>
</testsuite> <!-- com.symantec.vip.automation.ConfigurationImportTest_kesav -->
